*** uWSGI is running in multiple interpreter mode ***
spawned uWSGI master process (pid: 13526)
spawned uWSGI worker 1 (pid: 13527, cores: 1)
spawned uWSGI worker 2 (pid: 13528, cores: 1)
spawned uWSGI http 1 (pid: 13529)
--- no python application found, check your startup logs for errors ---
SIGINT/SIGTERM received...killing workers...
gateway "uWSGI http 1" has been buried (pid: 13529)
worker 1 buried after 1 seconds
worker 2 buried after 1 seconds
goodbye to uWSGI.
*** uWSGI is running in multiple interpreter mode ***
spawned uWSGI master process (pid: 14716)
spawned uWSGI worker 1 (pid: 14717, cores: 1)
spawned uWSGI worker 2 (pid: 14718, cores: 1)
spawned uWSGI http 1 (pid: 14719)
SIGINT/SIGTERM received...killing workers...
gateway "uWSGI http 1" has been buried (pid: 14719)
worker 1 buried after 1 seconds
worker 2 buried after 1 seconds
goodbye to uWSGI.
*** uWSGI is running in multiple interpreter mode ***
spawned uWSGI master process (pid: 14955)
spawned uWSGI worker 1 (pid: 14956, cores: 1)
spawned uWSGI worker 2 (pid: 14957, cores: 1)
spawned uWSGI http 1 (pid: 14958)
Not Found: /favicon.ico
Not Found: /Static/semantic/dist/semantic.min.css
Not Found: /Static/user_theme/theme.css
Not Found: /Static/semantic/dist/semantic.min.js
Not Found: /Static/images/ui/short-paragraph.png
Not Found: /Static/images/avatar2/matthew.png
Not Found: /Static/images/avatar2/molly.png
Not Found: /Static/images/avatar2/elyse.png
Not Found: /Static/images/logo/108x108.png
Not Found: /Static/semantic/dist/semantic.min.js
Not Found: /Static/images/ui/short-paragraph.png
Not Found: /favicon.ico
Not Found: /favicon.ico
Not Found: /favicon.ico
Not Found: /Static/semantic/dist/semantic.min.css
Not Found: /Static/user_theme/theme.css
Not Found: /Static/semantic/dist/semantic.min.js
Not Found: /Static/images/ui/short-paragraph.png
Not Found: /Static/images/avatar2/molly.png
Not Found: /Static/images/avatar2/matthew.png
Not Found: /Static/images/avatar2/elyse.png
Not Found: /Static/images/logo/108x108.png
SIGINT/SIGTERM received...killing workers...
gateway "uWSGI http 1" has been buried (pid: 14958)
worker 1 buried after 1 seconds
worker 2 buried after 1 seconds
goodbye to uWSGI.
*** uWSGI is running in multiple interpreter mode ***
spawned uWSGI master process (pid: 19234)
spawned uWSGI worker 1 (pid: 19235, cores: 1)
spawned uWSGI worker 2 (pid: 19236, cores: 1)
spawned uWSGI http 1 (pid: 19237)
Not Found: /favicon.ico
Not Found: /favicon.ico
Not Found: /favicon.ico
Not Found: /favicon.ico
Not Found: /favicon.ico
Not Found: /favicon.ico
Not Found: /favicon.ico
Not Found: /favicon.ico
Not Found: /actuator/gateway/routes
Not Found: /favicon.ico
Not Found: /.git/config
Not Found: /shell
Not Found: /_ignition/execute-solution
Not Found: /favicon.ico
Not Found: /favicon.ico
Not Found: /actuator/health
Not Found: /phpmyadmin/index.php
Not Found: /pmd/index.php
Not Found: /phpmyadmin4.8.5/index.php
Not Found: /vendor/phpunit/phpunit/src/Util/PHP/eval-stdin.php
Not Found: /owa/auth/x.js
Not Found: /ecp/Current/exporttool/microsoft.exchange.ediscovery.exporttool.application
Not Found: /owa/auth/logon.aspx
Not Found: /vendor/phpunit/phpunit/src/Util/PHP/eval-stdin.php
Not Found: /.env
Not Found: /index.php
Not Found: /favicon.ico
Not Found: /favicon.ico
Not Found: /.env
Not Found: /favicon.ico
Not Found: /favicon.ico
Not Found: /favicon.ico
Not Found: /vendor/phpunit/phpunit/src/Util/PHP/eval-stdin.php
Not Found: /system_api.php
Not Found: /system_api.php
Not Found: /c/version.js
Not Found: /c/version.js
Not Found: /streaming/clients_live.php
Not Found: /streaming/clients_live.php
Not Found: /stalker_portal/c/version.js
Not Found: /stalker_portal/c/version.js
Not Found: /stream/live.php
Not Found: /stream/live.php
Not Found: /flu/403.html
Not Found: /flu/403.html
Not Found: /vendor/phpunit/phpunit/src/Util/PHP/eval-stdin.php
Not Found: /solr/admin/info/system
Not Found: /index.php
Not Found: /phpmyadmin4.8.5/index.php
Not Found: /favicon.ico
Not Found: /robots.txt
Not Found: /console/
Not Found: /owa/auth/logon.aspx
Not Found: /Autodiscover/Autodiscover.xml
Not Found: /.env
Not Found: /_ignition/execute-solution
Not Found: /videohywb.tc.qq.com/b0034ph3u5w.p5.mp4
Not Found: /videohywb.tc.qq.com/b0034ph3u5w.p5.mp4
Not Found: /mysql/dbadmin/index.php
Not Found: /program/index.php
Not Found: /phpmy-admin/index.php
Not Found: /myadmin/index.php
Not Found: /MyAdmin/index.php
Not Found: /shopdb/index.php
Not Found: /database/index.php
Not Found: /phpmyadmin2021/index.php
Not Found: /phpMyAdmin_/index.php
Not Found: /robots.txt
Not Found: /sitemap.xml
Not Found: /.well-known/security.txt
Not Found: /favicon.ico
Not Found: /jsFunction.jsp
Not Found: /actuator/gateway/routes
Not Found: /shopdb/index.php
Not Found: /boaform/admin/formLogin
Not Found: /favicon.ico
Not Found: /favicon.ico
Not Found: /vendor/phpunit/phpunit/src/Util/PHP/eval-stdin.php
Not Found: /index.php
Not Found: /owa/auth/x.js
Not Found: /owa/auth/logon.aspx
Not Found: /.aws/credentials
Not Found: /ecp/Current/exporttool/microsoft.exchange.ediscovery.exporttool.application
Not Found: /phpmy-admin/index.php
Not Found: /streaming/clients_live.php
Not Found: /flu/403.html
Not Found: /myadmin/index.php
Not Found: /database/index.php
Not Found: /phpmyadmin2021/index.php
Not Found: /solr/admin/info/system
Not Found: /mifs/.;/services/LogService
Not Found: /shell
Not Found: /_ignition/execute-solution
Not Found: /script
Not Found: /jenkins/login
Not Found: /manager/html
Not Found: /favicon.ico
Not Found: /ugcjdy.qq.com/gzc_1000102_0b53juaacaaayqaaygqsibrmatodafaqabka.f0.mp4
Not Found: /ugcjdy.qq.com/gzc_1000102_0b53juaacaaayqaaygqsibrmatodafaqabka.f0.mp4
Not Found: /console/
Not Found: /setup.cgi
Not Found: /vendor/phpunit/phpunit/src/Util/PHP/eval-stdin.php
Not Found: /ugccsy.qq.com/gzc_1000102_0b53a4aaeaaaieamknm4o5q4ab6daiaqabsa.f0.mp4
Not Found: /a2billing/customer/templates/default/footer.tpl
Not Found: /vendor/phpunit/phpunit/src/Util/PHP/eval-stdin.php
Not Found: /solr/admin/info/system
Not Found: /.env
Not Found: /.env
Not Found: /index.php
Not Found: /.env
Not Found: /robots.txt
Not Found: /sitemap.xml
Not Found: /robots.txt
Not Found: /sitemap.xml
Not Found: /console/
Not Found: /Autodiscover/Autodiscover.xml
Not Found: /setup.cgi
Not Found: /_ignition/execute-solution
Not Found: /actuator/health
Not Found: /favicon.ico
Not Found: /robots.txt
Not Found: /.well-known/security.txt
Not Found: /robots.txt
Not Found: /sitemap.xml
Not Found: /.well-known/security.txt
Not Found: /favicon.ico
Not Found: /favicon.ico
SIGINT/SIGTERM received...killing workers...
gateway "uWSGI http 1" has been buried (pid: 19237)
worker 1 buried after 1 seconds
worker 2 buried after 1 seconds
goodbye to uWSGI.
*** uWSGI is running in multiple interpreter mode ***
spawned uWSGI master process (pid: 28850)
spawned uWSGI worker 1 (pid: 28851, cores: 1)
spawned uWSGI worker 2 (pid: 28852, cores: 1)
spawned uWSGI http 1 (pid: 28853)
Not Found: /klav
Not Found: /favicon.ico
Not Found: /actuator/gateway/routes
Not Found: /owa/auth/logon.aspx
Not Found: /favicon.ico
Not Found: /robots.txt
Not Found: /.env
Forbidden (CSRF cookie not set.): /
Not Found: /favicon.ico
Not Found: /favicon.ico
Not Found: /favicon.ico
Not Found: /Telerik.Web.UI.WebResource.axd
Not Found: /favicon.ico
Not Found: /favicon.ico
Not Found: /vendor/phpunit/phpunit/src/Util/PHP/eval-stdin.php
Not Found: /cookieconv.php
Not Found: /Telerik.Web.UI.WebResource.axd
Not Found: /isadmin.htm
Not Found: /favicon.ico
Not Found: /boaform/admin/formLogin
Not Found: /51028231
Not Found: /favicon.ico
Not Found: /favicon.ico
Not Found: /favicon.ico
[uwsgi-http key: 127.0.0.1:6000 client_addr: 127.0.0.1 client_port: 7333] hr_read(): Connection reset by peer [plugins/http/http.c line 918]
Not Found: /owa/auth/x.js
Not Found: /ecp/Current/exporttool/microsoft.exchange.ediscovery.exporttool.application
Not Found: /owa/auth/logon.aspx
Not Found: /remote/login
Not Found: /favicon.ico
Not Found: /favicon.ico
Not Found: /actuator/gateway/routes
Not Found: /favicon.ico
Not Found: /Telerik.Web.UI.WebResource.axd
Not Found: /vendor/phpunit/phpunit/src/Util/PHP/eval-stdin.php
Not Found: /config/getuser
Not Found: /shell
Not Found: /vendor/phpunit/phpunit/src/Util/PHP/eval-stdin.php
Not Found: /solr/admin/info/system
Not Found: /.env
Not Found: /update/v32/default
Forbidden (CSRF cookie not set.): /
Not Found: /.env
Not Found: /index.php
Not Found: /console/
Not Found: /config/getuser
Not Found: /Autodiscover/Autodiscover.xml
Not Found: /.git/config
Not Found: /_ignition/execute-solution
Not Found: /.env
Not Found: /api/client/rsa
Not Found: /actuator/gateway/routes
Not Found: /x/passport-login/web/key
Not Found: /x/passport-login/web/key
Not Found: /index.php
Not Found: /owa/auth/logon.aspx
Not Found: /favicon.ico
Not Found: /x/passport-login/web/key
Not Found: /GponForm/diag_Form
Not Found: /config/getuser
Not Found: /robots.txt
Not Found: /vendor/phpunit/phpunit/src/Util/PHP/eval-stdin.php
Not Found: /api/client/rsa
Not Found: /.aws/credentials
Not Found: /nice ports,/Trinity.txt.bak
Not Found: /vendor/phpunit/phpunit/src/Util/PHP/eval-stdin.php
Not Found: /robots.txt
Not Found: /sitemap.xml
Not Found: /_ignition/execute-solution
Not Found: /index.php
Not Found: /.env
Forbidden (CSRF cookie not set.): /
Not Found: /.env
Not Found: /robots.txt
Not Found: /humans.txt
Not Found: /ads.txt
Not Found: /config/getuser
Not Found: /GponForm/diag_Form
Not Found: /phpmyadmin/index.php
Not Found: /owa/auth/x.js
Not Found: /ecp/Current/exporttool/microsoft.exchange.ediscovery.exporttool.application
Not Found: /owa/auth/logon.aspx
Not Found: /favicon.ico
Not Found: /favicon.ico
Not Found: /text4041656160217
Not Found: /evox/about
Not Found: /HNAP1
Not Found: /sdk
Not Found: /favicon.ico
Not Found: /robots.txt
Not Found: /robots.txt
Not Found: /text4041656162370
Not Found: /evox/about
Not Found: /HNAP1
Not Found: /sdk
Not Found: /favicon.ico
Not Found: /robots.txt
Not Found: /favicon.ico
Not Found: /echo.php
Not Found: /favicon.ico
Not Found: /vendor/phpunit/phpunit/src/Util/PHP/eval-stdin.php
Not Found: /vendor/phpunit/phpunit/src/Util/PHP/eval-stdin.php
Not Found: /solr/admin/info/system
Not Found: /index.php
Not Found: /.env
Not Found: /setup.cgi
Not Found: /favicon.ico
Not Found: /.env
Forbidden (CSRF cookie not set.): /
Not Found: /console/
Not Found: /Autodiscover/Autodiscover.xml
Not Found: /actuator/health
Not Found: /evox/about
Not Found: /text4041656162370
Not Found: /api/client/rsa
Not Found: /sdk
Not Found: /index.cgi
Not Found: /nmaplowercheck1656189642
Forbidden (CSRF cookie not set.): /
Not Found: /Portal/Portal.mwsl
Not Found: /.git/HEAD
Not Found: /Portal0000.htm
Not Found: /qTAV
Not Found: /CSS/Miniweb.css
Not Found: /scripts/WPnBr.dll
Not Found: /nmaplowercheck1656189643
Not Found: /home.pl
Not Found: /docs/cplugError.html/
Not Found: /pools/default/buckets
Not Found: /__Additional
Not Found: /tomcatwar.jsp
Not Found: /tomcatwar.jsp
Not Found: /main.asp
Not Found: /HNAP1
Not Found: /ghksjdghdfksanitycheckqwerjlhfgjksdghlid
Not Found: /pools
Not Found: /favicon.ico
Not Found: /default.jsa
Not Found: /localstart.shtml
Not Found: /start.cfm
Not Found: /main.jhtml
Not Found: /base.shtml
Not Found: /main.aspx
Not Found: /robots.txt
Not Found: /readme.txt
Not Found: /admin.shtml
Not Found: /base.cgi
Not Found: /admin.jsa
Not Found: /_ignition/execute-solution
Not Found: /favicon.ico
Not Found: /owa/
Not Found: /config/getuser
Not Found: /HNAP1
Not Found: /sdk
Not Found: /vendor/phpunit/phpunit/src/Util/PHP/eval-stdin.php
Not Found: /cgi-bin/ViewLog.asp
Not Found: /admin.shtml
Not Found: /start.cfm
Not Found: /vendor/phpunit/phpunit/src/Util/PHP/eval-stdin.php
Not Found: /main.asp
Not Found: /scripts/WPnBr.dll
Not Found: /index.php
Not Found: /config/getuser
Not Found: /btts.qq.com/gzc_1000102_0b53juaacaaayqaaygqsibrmatodafaqabka.f0.mp4
Not Found: /btts.qq.com/gzc_1000102_0b53juaacaaayqaaygqsibrmatodafaqabka.f0.mp4
Not Found: /webfig/
Not Found: /main.aspx
Not Found: /home.pl
Not Found: /ghksjdghdfksanitycheckqwerjlhfgjksdghlid
Not Found: /wp-login.php
Not Found: /config/getuser
Not Found: /phpmyadmin/index.php
Not Found: /phpmyadmin/index.php
Not Found: /favicon.ico
Not Found: /robots.txt
Not Found: /webfig/
Not Found: /localstart.shtml
Not Found: /ecp/Current/exporttool/microsoft.exchange.ediscovery.exporttool.application
Not Found: /robots.txt
Not Found: /nmaplowercheck1656189643
Not Found: /cgi-bin/ViewLog.asp
Not Found: /main.jhtml
Not Found: /.env
Not Found: /solr/
Not Found: /solr/
Not Found: /solr/
Not Found: /.aws/credentials
Not Found: /actuator/gateway/routes
Not Found: /webfig/
Not Found: /cityjson
Not Found: /favicon.ico
Not Found: /vendor/phpunit/phpunit/src/Util/PHP/eval-stdin.php
Not Found: /vendor/phpunit/phpunit/src/Util/PHP/eval-stdin.php
Not Found: /index.php
Not Found: /mifs/.;/services/LogService
Not Found: /manager/text/list
Not Found: /favicon.ico
Not Found: /.env
Not Found: /vendor/phpunit/phpunit/src/Util/PHP/eval-stdin.php
Not Found: /.env
Not Found: /robots.txt
Not Found: /sitemap.xml
Not Found: /.well-known/security.txt
Not Found: /favicon.ico
Not Found: /owa/auth/x.js
Not Found: /ecp/Current/exporttool/microsoft.exchange.ediscovery.exporttool.application
Not Found: /owa/auth/logon.aspx
Not Found: /actuator/health
Not Found: /hudson
Not Found: /manager/text/list
Not Found: /actuator/health
Not Found: /wp-login.php
Not Found: /config/getuser
[uwsgi-http key: 127.0.0.1:6000 client_addr: 127.0.0.1 client_port: 63652] hr_read(): Connection reset by peer [plugins/http/http.c line 918]
Not Found: /json/widgetdata.php
Not Found: /vendor/phpunit/phpunit/src/Util/PHP/eval-stdin.php
Not Found: /favicon.ico
[uwsgi-http key: 127.0.0.1:6000 client_addr: 127.0.0.1 client_port: 60615] hr_read(): Connection reset by peer [plugins/http/http.c line 918]
Not Found: /vendor/phpunit/phpunit/src/Util/PHP/eval-stdin.php
Not Found: /favicon.ico
Not Found: /robots.txt
Not Found: /actuator/health
Not Found: /GponForm/diag_Form
Not Found: /favicon.ico
Not Found: /404/search_children.js
Not Found: /owa/auth/logon.aspx
Not Found: /cgi-bin/ViewLog.asp
Not Found: /.env
Forbidden (CSRF cookie not set.): /
Not Found: /HNAP1/
Not Found: /ext-js/app/common/zyFunction.js
Not Found: /favicon.ico
Not Found: /favicon.ico
Not Found: /favicon.ico
Not Found: /HNAP1/
Not Found: /HNAP1/
Not Found: /boaform/admin/formLogin
Not Found: /HNAP1/
Not Found: /favicon.ico
Not Found: /ecp/Current/exporttool/microsoft.exchange.ediscovery.exporttool.application
Not Found: /owa/auth/logon.aspx
Not Found: /showLogin.cc
Not Found: /showLogin.cc
Not Found: /favicon.ico
Not Found: /vendor/phpunit/phpunit/src/Util/PHP/eval-stdin.php
Not Found: /vendor/phpunit/phpunit/src/Util/PHP/eval-stdin.php
Not Found: /index.php
Not Found: /robots.txt
Not Found: /mifs/.;/services/LogService
Not Found: /boaform/admin/formLogin
Not Found: /boaform/admin/formLogin
Not Found: /.env
Not Found: /owa/auth/logon.aspx
Not Found: /boaform/admin/formLogin
Not Found: /stalker_portal/server/tools/auth_simple.php
Not Found: /vendor/phpunit/phpunit/src/Util/PHP/eval-stdin.php
Not Found: /ReportServer
Not Found: /vendor/phpunit/phpunit/src/Util/PHP/eval-stdin.php
Not Found: /favicon.ico
Not Found: /favicon.ico
Not Found: /solr/admin/info/system
Not Found: /index.php
Not Found: /cgi-bin/ViewLog.asp
Not Found: /favicon.ico
Not Found: /console/
Not Found: /Autodiscover/Autodiscover.xml
Not Found: /_ignition/execute-solution
Not Found: /.env
Not Found: /solr/admin/info/system
Not Found: /boaform/admin/formLogin
Not Found: /actuator/health
Not Found: /owa/auth/x.js
Not Found: /owa/auth/logon.aspx
Not Found: /ecp/Current/exporttool/microsoft.exchange.ediscovery.exporttool.application
Not Found: /actuator/gateway/routes
Not Found: /boaform/admin/formLogin
Not Found: /vendor/phpunit/phpunit/src/Util/PHP/eval-stdin.php
Not Found: /stalker_portal/server/tools/auth_simple.php
Not Found: /.git/config
Not Found: /portal/info.jsp
Not Found: /c/
Not Found: /shell
Not Found: /boaform/admin/formLogin
Not Found: /favicon.ico
Not Found: /_ignition/execute-solution
Not Found: /api/v1
Not Found: /boaform/admin/formLogin
Not Found: /boaform/admin/formLogin
Not Found: /.aws/credentials
Not Found: /favicon.ico
Not Found: /vendor/phpunit/phpunit/src/Util/PHP/eval-stdin.php
Not Found: /owa/auth/logon.aspx
Not Found: /vendor/phpunit/phpunit/src/Util/PHP/eval-stdin.php
Not Found: /index.php
Not Found: /phpmyadmin/index.php
Not Found: /solr/admin/info/system
Not Found: /.env
Not Found: /actuator/gateway/routes
Not Found: /boaform/admin/formLogin
Not Found: /index.php
Not Found: /portal/info.jsp
Not Found: /boaform/admin/formLogin
Not Found: /console/
Not Found: /Autodiscover/Autodiscover.xml
Not Found: /_ignition/execute-solution
Not Found: /portal/info.jsp
Not Found: /GponForm/diag_Form
Not Found: /actuator/gateway/routes
Not Found: /owa/auth/x.js
Not Found: /ecp/Current/exporttool/microsoft.exchange.ediscovery.exporttool.application
Not Found: /owa/auth/logon.aspx
Not Found: /portal/redlion
Not Found: /boaform/admin/formLogin
Not Found: /system_api.php
Not Found: /system_api.php
Not Found: /c/version.js
Not Found: /c/version.js
Not Found: /streaming/clients_live.php
Not Found: /streaming/clients_live.php
Not Found: /stalker_portal/c/version.js
Not Found: /stalker_portal/c/version.js
Not Found: /stream/live.php
Not Found: /stream/live.php
Not Found: /flu/403.html
Not Found: /flu/403.html
Not Found: /cgi-bin/ViewLog.asp
Not Found: /favicon.ico
Not Found: /vendor/phpunit/phpunit/src/Util/PHP/eval-stdin.php
Not Found: /index.php
Not Found: /mifs/.;/services/LogService
Not Found: /cgi-bin/ViewLog.asp
Not Found: /console/
Not Found: /cgi-bin/ViewLog.asp
Not Found: /streaming/clients_live.php
Not Found: /system_api.php
Not Found: /robots.txt
Not Found: /favicon.ico
Not Found: /robots.txt
Not Found: /favicon.ico
Not Found: /imgs/ms_check_license
Not Found: /vendor/phpunit/phpunit/src/Util/PHP/eval-stdin.php
Not Found: /imgs/ms_check_license
Not Found: /.git/config
Not Found: /.git/config
Not Found: /cgi-bin/ViewLog.asp
Not Found: /vendor/phpunit/phpunit/src/Util/PHP/eval-stdin.php
Not Found: /solr/admin/info/system
Not Found: /index.php
Not Found: /.env
Not Found: /HNAP1/
Not Found: /cgi-bin/ViewLog.asp
Not Found: /favicon.ico
Not Found: /index/timeline
SIGINT/SIGTERM received...killing workers...
gateway "uWSGI http 1" has been buried (pid: 28853)
worker 1 buried after 1 seconds
worker 2 buried after 1 seconds
goodbye to uWSGI.
*** uWSGI is running in multiple interpreter mode ***
spawned uWSGI master process (pid: 15095)
spawned uWSGI worker 1 (pid: 15096, cores: 1)
spawned uWSGI worker 2 (pid: 15097, cores: 1)
spawned uWSGI http 1 (pid: 15098)
Not Found: /index
Not Found: /favicon.ico
Not Found: /favicon.ico
Not Found: /favicon.ico
Not Found: /favicon.ico
Not Found: /favicon.ico
Not Found: /favicon.ico
Not Found: /favicon.ico
Not Found: /favicon.ico
Internal Server Error: /login/register
Traceback (most recent call last):
  File "/var/www/SoundLib/venv/lib/python3.6/site-packages/django/core/handlers/exception.py", line 47, in inner
    response = get_response(request)
  File "/var/www/SoundLib/venv/lib/python3.6/site-packages/django/utils/deprecation.py", line 116, in __call__
    response = self.process_request(request)
  File "/var/www/SoundLib/venv/lib/python3.6/site-packages/django/middleware/common.py", line 54, in process_request
    path = self.get_full_path_with_slash(request)
  File "/var/www/SoundLib/venv/lib/python3.6/site-packages/django/middleware/common.py", line 95, in get_full_path_with_slash
    'url': request.get_host() + new_path,
RuntimeError: You called this URL via POST, but the URL doesn't end in a slash and you have APPEND_SLASH set. Django can't redirect to the slash URL while maintaining POST data. Change your form to point to 127.0.0.1:6000/login/register/ (note the trailing slash), or set APPEND_SLASH=False in your Django settings.
Internal Server Error: /login/register
Traceback (most recent call last):
  File "/var/www/SoundLib/venv/lib/python3.6/site-packages/django/core/handlers/exception.py", line 47, in inner
    response = get_response(request)
  File "/var/www/SoundLib/venv/lib/python3.6/site-packages/django/utils/deprecation.py", line 116, in __call__
    response = self.process_request(request)
  File "/var/www/SoundLib/venv/lib/python3.6/site-packages/django/middleware/common.py", line 54, in process_request
    path = self.get_full_path_with_slash(request)
  File "/var/www/SoundLib/venv/lib/python3.6/site-packages/django/middleware/common.py", line 95, in get_full_path_with_slash
    'url': request.get_host() + new_path,
RuntimeError: You called this URL via POST, but the URL doesn't end in a slash and you have APPEND_SLASH set. Django can't redirect to the slash URL while maintaining POST data. Change your form to point to 127.0.0.1:6000/login/register/ (note the trailing slash), or set APPEND_SLASH=False in your Django settings.
Not Found: /boaform/admin/formLogin
Not Found: /favicon.ico
Internal Server Error: /login/register
Traceback (most recent call last):
  File "/var/www/SoundLib/venv/lib/python3.6/site-packages/django/core/handlers/exception.py", line 47, in inner
    response = get_response(request)
  File "/var/www/SoundLib/venv/lib/python3.6/site-packages/django/utils/deprecation.py", line 116, in __call__
    response = self.process_request(request)
  File "/var/www/SoundLib/venv/lib/python3.6/site-packages/django/middleware/common.py", line 54, in process_request
    path = self.get_full_path_with_slash(request)
  File "/var/www/SoundLib/venv/lib/python3.6/site-packages/django/middleware/common.py", line 95, in get_full_path_with_slash
    'url': request.get_host() + new_path,
RuntimeError: You called this URL via POST, but the URL doesn't end in a slash and you have APPEND_SLASH set. Django can't redirect to the slash URL while maintaining POST data. Change your form to point to 127.0.0.1:6000/login/register/ (note the trailing slash), or set APPEND_SLASH=False in your Django settings.
Not Found: /favicon.ico
SIGINT/SIGTERM received...killing workers...
gateway "uWSGI http 1" has been buried (pid: 15098)
worker 1 buried after 1 seconds
worker 2 buried after 1 seconds
goodbye to uWSGI.
*** uWSGI is running in multiple interpreter mode ***
spawned uWSGI master process (pid: 21406)
spawned uWSGI worker 1 (pid: 21407, cores: 1)
spawned uWSGI worker 2 (pid: 21408, cores: 1)
spawned uWSGI http 1 (pid: 21409)
Internal Server Error: /login/register
Traceback (most recent call last):
  File "/var/www/SoundLib/venv/lib/python3.6/site-packages/django/core/handlers/exception.py", line 47, in inner
    response = get_response(request)
  File "/var/www/SoundLib/venv/lib/python3.6/site-packages/django/utils/deprecation.py", line 116, in __call__
    response = self.process_request(request)
  File "/var/www/SoundLib/venv/lib/python3.6/site-packages/django/middleware/common.py", line 54, in process_request
    path = self.get_full_path_with_slash(request)
  File "/var/www/SoundLib/venv/lib/python3.6/site-packages/django/middleware/common.py", line 95, in get_full_path_with_slash
    'url': request.get_host() + new_path,
RuntimeError: You called this URL via POST, but the URL doesn't end in a slash and you have APPEND_SLASH set. Django can't redirect to the slash URL while maintaining POST data. Change your form to point to 127.0.0.1:6000/login/register/ (note the trailing slash), or set APPEND_SLASH=False in your Django settings.
Internal Server Error: /login/register
Traceback (most recent call last):
  File "/var/www/SoundLib/venv/lib/python3.6/site-packages/django/core/handlers/exception.py", line 47, in inner
    response = get_response(request)
  File "/var/www/SoundLib/venv/lib/python3.6/site-packages/django/utils/deprecation.py", line 116, in __call__
    response = self.process_request(request)
  File "/var/www/SoundLib/venv/lib/python3.6/site-packages/django/middleware/common.py", line 54, in process_request
    path = self.get_full_path_with_slash(request)
  File "/var/www/SoundLib/venv/lib/python3.6/site-packages/django/middleware/common.py", line 95, in get_full_path_with_slash
    'url': request.get_host() + new_path,
RuntimeError: You called this URL via POST, but the URL doesn't end in a slash and you have APPEND_SLASH set. Django can't redirect to the slash URL while maintaining POST data. Change your form to point to 127.0.0.1:6000/login/register/ (note the trailing slash), or set APPEND_SLASH=False in your Django settings.
SIGINT/SIGTERM received...killing workers...
gateway "uWSGI http 1" has been buried (pid: 21409)
worker 1 buried after 1 seconds
worker 2 buried after 1 seconds
goodbye to uWSGI.
*** uWSGI is running in multiple interpreter mode ***
spawned uWSGI master process (pid: 21592)
spawned uWSGI worker 1 (pid: 21593, cores: 1)
spawned uWSGI worker 2 (pid: 21594, cores: 1)
spawned uWSGI http 1 (pid: 21595)
Not Found: /favicon.ico
Internal Server Error: /login/register/
Traceback (most recent call last):
  File "/var/www/SoundLib/venv/lib/python3.6/site-packages/django/core/handlers/exception.py", line 47, in inner
    response = get_response(request)
  File "/var/www/SoundLib/venv/lib/python3.6/site-packages/django/core/handlers/base.py", line 181, in _get_response
    response = wrapped_callback(request, *callback_args, **callback_kwargs)
  File "./App/views.py", line 77, in register_form
    res = process_register_form(Request, UserName, Email, Password, Password2)
  File "./App/utils/login.py", line 42, in process_register_form
    user = User.objects.create_user(name, email, password, introduction)
  File "./App/models.py", line 23, in create_user
    introduction=introduction
  File "/var/www/SoundLib/venv/lib/python3.6/site-packages/django/db/models/base.py", line 503, in __init__
    raise TypeError("%s() got an unexpected keyword argument '%s'" % (cls.__name__, kwarg))
TypeError: User() got an unexpected keyword argument 'introduction'
Not Found: /favicon.ico
Not Found: /index
Internal Server Error: /login/register/
Traceback (most recent call last):
  File "/var/www/SoundLib/venv/lib/python3.6/site-packages/django/core/handlers/exception.py", line 47, in inner
    response = get_response(request)
  File "/var/www/SoundLib/venv/lib/python3.6/site-packages/django/core/handlers/base.py", line 181, in _get_response
    response = wrapped_callback(request, *callback_args, **callback_kwargs)
  File "./App/views.py", line 77, in register_form
    res = process_register_form(Request, UserName, Email, Password, Password2)
  File "./App/utils/login.py", line 42, in process_register_form
    user = User.objects.create_user(name, email, password, introduction)
  File "./App/models.py", line 23, in create_user
    introduction=introduction
  File "/var/www/SoundLib/venv/lib/python3.6/site-packages/django/db/models/base.py", line 503, in __init__
    raise TypeError("%s() got an unexpected keyword argument '%s'" % (cls.__name__, kwarg))
TypeError: User() got an unexpected keyword argument 'introduction'
Internal Server Error: /login/register/
Traceback (most recent call last):
  File "/var/www/SoundLib/venv/lib/python3.6/site-packages/django/core/handlers/exception.py", line 47, in inner
    response = get_response(request)
  File "/var/www/SoundLib/venv/lib/python3.6/site-packages/django/core/handlers/base.py", line 181, in _get_response
    response = wrapped_callback(request, *callback_args, **callback_kwargs)
  File "./App/views.py", line 77, in register_form
    res = process_register_form(Request, UserName, Email, Password, Password2)
  File "./App/utils/login.py", line 42, in process_register_form
    user = User.objects.create_user(name, email, password, introduction)
  File "./App/models.py", line 23, in create_user
    introduction=introduction
  File "/var/www/SoundLib/venv/lib/python3.6/site-packages/django/db/models/base.py", line 503, in __init__
    raise TypeError("%s() got an unexpected keyword argument '%s'" % (cls.__name__, kwarg))
TypeError: User() got an unexpected keyword argument 'introduction'
SIGINT/SIGTERM received...killing workers...
gateway "uWSGI http 1" has been buried (pid: 21595)
worker 1 buried after 1 seconds
worker 2 buried after 1 seconds
goodbye to uWSGI.
*** uWSGI is running in multiple interpreter mode ***
spawned uWSGI master process (pid: 22132)
spawned uWSGI worker 1 (pid: 22133, cores: 1)
spawned uWSGI worker 2 (pid: 22134, cores: 1)
spawned uWSGI http 1 (pid: 22135)
Not Found: /favicon.ico
Not Found: /favicon.ico
changing Ziyu Cai to Ziyu Cai caiziyu2010@163.com caiziyu caiziyu Pig Head
changed successfully, refreshing...
Forbidden (CSRF token missing or incorrect.): /login/login/
Forbidden (CSRF token missing or incorrect.): /login/login/
Created New Composer:  beethoven
Not Found: /favicon.ico
Not Found: /favicon.ico
Not Found: /owa/auth/logon.aspx
Not Found: /favicon.ico
Not Found: /console/
Not Found: /actuator/health
Not Found: /.git/config
Not Found: /.git/config
Not Found: /.env
Forbidden (CSRF cookie not set.): /
Not Found: /.env
Forbidden (CSRF cookie not set.): /
Not Found: /Autodiscover/Autodiscover.xml
Not Found: /favicon.ico
Not Found: /favicon.ico
Not Found: /favicon.ico
Not Found: /favicon.ico
Not Found: /boaform/admin/formLogin
Not Found: /favicon.ico
Not Found: /_ignition/execute-solution
Not Found: /favicon.ico
Forbidden (CSRF token missing or incorrect.): /login/register/
changing BaizhouZhang to BaizhouZhang eddiezhang@pku.edu.cn Baizhou1pku Baizhou1pku Laji
changed successfully, refreshing...
changing BaizhouZhang to BaizhouZhang eddiezhang@pku.edu.cn sdf sdf laji
changed successfully, refreshing...
changing BaizhouZhang to BaizhouZhang eddiezhang@pku.edu.cn Baizhou1pku Baizhou1pku laji
changed successfully, refreshing...
Not Found: /index.php
Not Found: /phpmyadmin/index.php
Not Found: /favicon.ico
SIGINT/SIGTERM received...killing workers...
gateway "uWSGI http 1" has been buried (pid: 22135)
worker 1 buried after 1 seconds
worker 2 buried after 1 seconds
goodbye to uWSGI.
*** uWSGI is running in multiple interpreter mode ***
spawned uWSGI master process (pid: 26318)
spawned uWSGI worker 1 (pid: 26319, cores: 1)
spawned uWSGI worker 2 (pid: 26320, cores: 1)
spawned uWSGI http 1 (pid: 26321)
Not Found: /contact/
SIGINT/SIGTERM received...killing workers...
gateway "uWSGI http 1" has been buried (pid: 26321)
worker 1 buried after 1 seconds
worker 2 buried after 1 seconds
goodbye to uWSGI.
*** uWSGI is running in multiple interpreter mode ***
spawned uWSGI master process (pid: 28096)
spawned uWSGI worker 1 (pid: 28097, cores: 1)
spawned uWSGI worker 2 (pid: 28098, cores: 1)
spawned uWSGI http 1 (pid: 28099)
Internal Server Error: /index/timeline
Traceback (most recent call last):
  File "/var/www/SoundLib/venv/lib/python3.6/site-packages/django/template/base.py", line 829, in _resolve_lookup
    current = current[bit]
TypeError: 'Recording' object is not subscriptable

During handling of the above exception, another exception occurred:

Traceback (most recent call last):
  File "/var/www/SoundLib/venv/lib/python3.6/site-packages/django/template/base.py", line 837, in _resolve_lookup
    current = getattr(current, bit)
AttributeError: 'Recording' object has no attribute 'get_id'

During handling of the above exception, another exception occurred:

Traceback (most recent call last):
  File "/var/www/SoundLib/venv/lib/python3.6/site-packages/django/template/base.py", line 843, in _resolve_lookup
    current = current[int(bit)]
ValueError: invalid literal for int() with base 10: 'get_id'

During handling of the above exception, another exception occurred:

Traceback (most recent call last):
  File "/var/www/SoundLib/venv/lib/python3.6/site-packages/django/core/handlers/exception.py", line 47, in inner
    response = get_response(request)
  File "/var/www/SoundLib/venv/lib/python3.6/site-packages/django/core/handlers/base.py", line 181, in _get_response
    response = wrapped_callback(request, *callback_args, **callback_kwargs)
  File "./App/views.py", line 23, in hello
    return render_index(Request, kwargs["tag"])
  File "./App/utils/index.py", line 25, in render_index
    return render(OriginalRequest, 'index.html', context)
  File "/var/www/SoundLib/venv/lib/python3.6/site-packages/django/shortcuts.py", line 19, in render
    content = loader.render_to_string(template_name, context, request, using=using)
  File "/var/www/SoundLib/venv/lib/python3.6/site-packages/django/template/loader.py", line 62, in render_to_string
    return template.render(context, request)
  File "/var/www/SoundLib/venv/lib/python3.6/site-packages/django/template/backends/django.py", line 61, in render
    return self.template.render(context)
  File "/var/www/SoundLib/venv/lib/python3.6/site-packages/django/template/base.py", line 170, in render
    return self._render(context)
  File "/var/www/SoundLib/venv/lib/python3.6/site-packages/django/template/base.py", line 162, in _render
    return self.nodelist.render(context)
  File "/var/www/SoundLib/venv/lib/python3.6/site-packages/django/template/base.py", line 938, in render
    bit = node.render_annotated(context)
  File "/var/www/SoundLib/venv/lib/python3.6/site-packages/django/template/base.py", line 905, in render_annotated
    return self.render(context)
  File "/var/www/SoundLib/venv/lib/python3.6/site-packages/django/template/loader_tags.py", line 150, in render
    return compiled_parent._render(context)
  File "/var/www/SoundLib/venv/lib/python3.6/site-packages/django/template/base.py", line 162, in _render
    return self.nodelist.render(context)
  File "/var/www/SoundLib/venv/lib/python3.6/site-packages/django/template/base.py", line 938, in render
    bit = node.render_annotated(context)
  File "/var/www/SoundLib/venv/lib/python3.6/site-packages/django/template/base.py", line 905, in render_annotated
    return self.render(context)
  File "/var/www/SoundLib/venv/lib/python3.6/site-packages/django/template/loader_tags.py", line 62, in render
    result = block.nodelist.render(context)
  File "/var/www/SoundLib/venv/lib/python3.6/site-packages/django/template/base.py", line 938, in render
    bit = node.render_annotated(context)
  File "/var/www/SoundLib/venv/lib/python3.6/site-packages/django/template/base.py", line 905, in render_annotated
    return self.render(context)
  File "/var/www/SoundLib/venv/lib/python3.6/site-packages/django/template/defaulttags.py", line 315, in render
    return nodelist.render(context)
  File "/var/www/SoundLib/venv/lib/python3.6/site-packages/django/template/base.py", line 938, in render
    bit = node.render_annotated(context)
  File "/var/www/SoundLib/venv/lib/python3.6/site-packages/django/template/base.py", line 905, in render_annotated
    return self.render(context)
  File "/var/www/SoundLib/venv/lib/python3.6/site-packages/django/template/defaulttags.py", line 214, in render
    nodelist.append(node.render_annotated(context))
  File "/var/www/SoundLib/venv/lib/python3.6/site-packages/django/template/base.py", line 905, in render_annotated
    return self.render(context)
  File "/var/www/SoundLib/venv/lib/python3.6/site-packages/django/template/base.py", line 988, in render
    output = self.filter_expression.resolve(context)
  File "/var/www/SoundLib/venv/lib/python3.6/site-packages/django/template/base.py", line 692, in resolve
    arg_vals.append(arg.resolve(context))
  File "/var/www/SoundLib/venv/lib/python3.6/site-packages/django/template/base.py", line 796, in resolve
    value = self._resolve_lookup(context)
  File "/var/www/SoundLib/venv/lib/python3.6/site-packages/django/template/base.py", line 850, in _resolve_lookup
    (bit, current))  # missing attribute
django.template.base.VariableDoesNotExist: Failed lookup for key [get_id] in <Recording: Recording object (4)>
Not Found: /favicon.ico
Internal Server Error: /index/timeline
Traceback (most recent call last):
  File "/var/www/SoundLib/venv/lib/python3.6/site-packages/django/template/base.py", line 829, in _resolve_lookup
    current = current[bit]
TypeError: 'Recording' object is not subscriptable

During handling of the above exception, another exception occurred:

Traceback (most recent call last):
  File "/var/www/SoundLib/venv/lib/python3.6/site-packages/django/template/base.py", line 837, in _resolve_lookup
    current = getattr(current, bit)
AttributeError: 'Recording' object has no attribute 'get_id'

During handling of the above exception, another exception occurred:

Traceback (most recent call last):
  File "/var/www/SoundLib/venv/lib/python3.6/site-packages/django/template/base.py", line 843, in _resolve_lookup
    current = current[int(bit)]
ValueError: invalid literal for int() with base 10: 'get_id'

During handling of the above exception, another exception occurred:

Traceback (most recent call last):
  File "/var/www/SoundLib/venv/lib/python3.6/site-packages/django/core/handlers/exception.py", line 47, in inner
    response = get_response(request)
  File "/var/www/SoundLib/venv/lib/python3.6/site-packages/django/core/handlers/base.py", line 181, in _get_response
    response = wrapped_callback(request, *callback_args, **callback_kwargs)
  File "./App/views.py", line 22, in hello
  File "./App/utils/index.py", line 25, in render_index
    return render(OriginalRequest, 'index.html', context)
  File "/var/www/SoundLib/venv/lib/python3.6/site-packages/django/shortcuts.py", line 19, in render
    content = loader.render_to_string(template_name, context, request, using=using)
  File "/var/www/SoundLib/venv/lib/python3.6/site-packages/django/template/loader.py", line 62, in render_to_string
    return template.render(context, request)
  File "/var/www/SoundLib/venv/lib/python3.6/site-packages/django/template/backends/django.py", line 61, in render
    return self.template.render(context)
  File "/var/www/SoundLib/venv/lib/python3.6/site-packages/django/template/base.py", line 170, in render
    return self._render(context)
  File "/var/www/SoundLib/venv/lib/python3.6/site-packages/django/template/base.py", line 162, in _render
    return self.nodelist.render(context)
  File "/var/www/SoundLib/venv/lib/python3.6/site-packages/django/template/base.py", line 938, in render
    bit = node.render_annotated(context)
  File "/var/www/SoundLib/venv/lib/python3.6/site-packages/django/template/base.py", line 905, in render_annotated
    return self.render(context)
  File "/var/www/SoundLib/venv/lib/python3.6/site-packages/django/template/loader_tags.py", line 150, in render
    return compiled_parent._render(context)
  File "/var/www/SoundLib/venv/lib/python3.6/site-packages/django/template/base.py", line 162, in _render
    return self.nodelist.render(context)
  File "/var/www/SoundLib/venv/lib/python3.6/site-packages/django/template/base.py", line 938, in render
    bit = node.render_annotated(context)
  File "/var/www/SoundLib/venv/lib/python3.6/site-packages/django/template/base.py", line 905, in render_annotated
    return self.render(context)
  File "/var/www/SoundLib/venv/lib/python3.6/site-packages/django/template/loader_tags.py", line 62, in render
    result = block.nodelist.render(context)
  File "/var/www/SoundLib/venv/lib/python3.6/site-packages/django/template/base.py", line 938, in render
    bit = node.render_annotated(context)
  File "/var/www/SoundLib/venv/lib/python3.6/site-packages/django/template/base.py", line 905, in render_annotated
    return self.render(context)
  File "/var/www/SoundLib/venv/lib/python3.6/site-packages/django/template/defaulttags.py", line 315, in render
    return nodelist.render(context)
  File "/var/www/SoundLib/venv/lib/python3.6/site-packages/django/template/base.py", line 938, in render
    bit = node.render_annotated(context)
  File "/var/www/SoundLib/venv/lib/python3.6/site-packages/django/template/base.py", line 905, in render_annotated
    return self.render(context)
  File "/var/www/SoundLib/venv/lib/python3.6/site-packages/django/template/defaulttags.py", line 214, in render
    nodelist.append(node.render_annotated(context))
  File "/var/www/SoundLib/venv/lib/python3.6/site-packages/django/template/base.py", line 905, in render_annotated
    return self.render(context)
  File "/var/www/SoundLib/venv/lib/python3.6/site-packages/django/template/base.py", line 988, in render
    output = self.filter_expression.resolve(context)
  File "/var/www/SoundLib/venv/lib/python3.6/site-packages/django/template/base.py", line 692, in resolve
    arg_vals.append(arg.resolve(context))
  File "/var/www/SoundLib/venv/lib/python3.6/site-packages/django/template/base.py", line 796, in resolve
    value = self._resolve_lookup(context)
  File "/var/www/SoundLib/venv/lib/python3.6/site-packages/django/template/base.py", line 850, in _resolve_lookup
    (bit, current))  # missing attribute
django.template.base.VariableDoesNotExist: Failed lookup for key [get_id] in <Recording: Recording object (4)>
SIGINT/SIGTERM received...killing workers...
gateway "uWSGI http 1" has been buried (pid: 28099)
worker 1 buried after 1 seconds
worker 2 buried after 1 seconds
goodbye to uWSGI.
*** uWSGI is running in multiple interpreter mode ***
spawned uWSGI master process (pid: 31367)
spawned uWSGI worker 1 (pid: 31368, cores: 1)
spawned uWSGI worker 2 (pid: 31369, cores: 1)
spawned uWSGI http 1 (pid: 31370)
Not Found: /favicon.ico
Forbidden (CSRF token missing or incorrect.): /login/login/
Not Found: /actuator/gateway/routes
Not Found: /favicon.ico
Not Found: /favicon.ico
Not Found: /cgi-bin/ViewLog.asp
Not Found: /cgi-bin/ViewLog.asp
Not Found: /owa/
SIGINT/SIGTERM received...killing workers...
gateway "uWSGI http 1" has been buried (pid: 31370)
worker 1 buried after 1 seconds
worker 2 buried after 1 seconds
goodbye to uWSGI.
*** uWSGI is running in multiple interpreter mode ***
spawned uWSGI master process (pid: 12639)
spawned uWSGI worker 1 (pid: 12640, cores: 1)
spawned uWSGI worker 2 (pid: 12641, cores: 1)
spawned uWSGI http 1 (pid: 12642)
SIGINT/SIGTERM received...killing workers...
gateway "uWSGI http 1" has been buried (pid: 12642)
worker 1 buried after 1 seconds
worker 2 buried after 1 seconds
goodbye to uWSGI.
*** uWSGI is running in multiple interpreter mode ***
spawned uWSGI master process (pid: 13368)
spawned uWSGI worker 1 (pid: 13369, cores: 1)
spawned uWSGI worker 2 (pid: 13370, cores: 1)
spawned uWSGI http 1 (pid: 13371)
Not Found: /favicon.ico
Not Found: /favicon.ico
Not Found: /favicon.ico
Not Found: /.env
Forbidden (CSRF cookie not set.): /
Not Found: /favicon.ico
Not Found: /favicon.ico
Forbidden (CSRF token missing or incorrect.): /login/login/
changing HubertZhang to HubertZhang 1900015810@pku.edu.cn heroin1201 heroin1201 sadsad
changed successfully, refreshing...
SIGINT/SIGTERM received...killing workers...
gateway "uWSGI http 1" has been buried (pid: 13371)
worker 1 buried after 1 seconds
worker 2 buried after 1 seconds
goodbye to uWSGI.
*** uWSGI is running in multiple interpreter mode ***
spawned uWSGI master process (pid: 21153)
spawned uWSGI worker 1 (pid: 21154, cores: 1)
spawned uWSGI worker 2 (pid: 21155, cores: 1)
spawned uWSGI http 1 (pid: 21156)
Internal Server Error: /index/timeline
Traceback (most recent call last):
  File "/var/www/SoundLib/venv/lib/python3.6/site-packages/django/db/backends/utils.py", line 84, in _execute
    return self.cursor.execute(sql, params)
  File "/var/www/SoundLib/venv/lib/python3.6/site-packages/django/db/backends/sqlite3/base.py", line 423, in execute
    return Database.Cursor.execute(self, query, params)
sqlite3.OperationalError: no such column: App_recording.LastEditTime

The above exception was the direct cause of the following exception:

Traceback (most recent call last):
  File "/var/www/SoundLib/venv/lib/python3.6/site-packages/django/core/handlers/exception.py", line 47, in inner
    response = get_response(request)
  File "/var/www/SoundLib/venv/lib/python3.6/site-packages/django/core/handlers/base.py", line 181, in _get_response
    response = wrapped_callback(request, *callback_args, **callback_kwargs)
  File "./App/views.py", line 23, in hello
    return render_index(Request, kwargs["tag"])
  File "./App/utils/index.py", line 25, in render_index
    return render(OriginalRequest, 'index.html', context)
  File "/var/www/SoundLib/venv/lib/python3.6/site-packages/django/shortcuts.py", line 19, in render
    content = loader.render_to_string(template_name, context, request, using=using)
  File "/var/www/SoundLib/venv/lib/python3.6/site-packages/django/template/loader.py", line 62, in render_to_string
    return template.render(context, request)
  File "/var/www/SoundLib/venv/lib/python3.6/site-packages/django/template/backends/django.py", line 61, in render
    return self.template.render(context)
  File "/var/www/SoundLib/venv/lib/python3.6/site-packages/django/template/base.py", line 170, in render
    return self._render(context)
  File "/var/www/SoundLib/venv/lib/python3.6/site-packages/django/template/base.py", line 162, in _render
    return self.nodelist.render(context)
  File "/var/www/SoundLib/venv/lib/python3.6/site-packages/django/template/base.py", line 938, in render
    bit = node.render_annotated(context)
  File "/var/www/SoundLib/venv/lib/python3.6/site-packages/django/template/base.py", line 905, in render_annotated
    return self.render(context)
  File "/var/www/SoundLib/venv/lib/python3.6/site-packages/django/template/loader_tags.py", line 150, in render
    return compiled_parent._render(context)
  File "/var/www/SoundLib/venv/lib/python3.6/site-packages/django/template/base.py", line 162, in _render
    return self.nodelist.render(context)
  File "/var/www/SoundLib/venv/lib/python3.6/site-packages/django/template/base.py", line 938, in render
    bit = node.render_annotated(context)
  File "/var/www/SoundLib/venv/lib/python3.6/site-packages/django/template/base.py", line 905, in render_annotated
    return self.render(context)
  File "/var/www/SoundLib/venv/lib/python3.6/site-packages/django/template/loader_tags.py", line 62, in render
    result = block.nodelist.render(context)
  File "/var/www/SoundLib/venv/lib/python3.6/site-packages/django/template/base.py", line 938, in render
    bit = node.render_annotated(context)
  File "/var/www/SoundLib/venv/lib/python3.6/site-packages/django/template/base.py", line 905, in render_annotated
    return self.render(context)
  File "/var/www/SoundLib/venv/lib/python3.6/site-packages/django/template/defaulttags.py", line 315, in render
    return nodelist.render(context)
  File "/var/www/SoundLib/venv/lib/python3.6/site-packages/django/template/base.py", line 938, in render
    bit = node.render_annotated(context)
  File "/var/www/SoundLib/venv/lib/python3.6/site-packages/django/template/base.py", line 905, in render_annotated
    return self.render(context)
  File "/var/www/SoundLib/venv/lib/python3.6/site-packages/django/template/defaulttags.py", line 171, in render
    len_values = len(values)
  File "/var/www/SoundLib/venv/lib/python3.6/site-packages/django/db/models/query.py", line 262, in __len__
    self._fetch_all()
  File "/var/www/SoundLib/venv/lib/python3.6/site-packages/django/db/models/query.py", line 1324, in _fetch_all
    self._result_cache = list(self._iterable_class(self))
  File "/var/www/SoundLib/venv/lib/python3.6/site-packages/django/db/models/query.py", line 51, in __iter__
    results = compiler.execute_sql(chunked_fetch=self.chunked_fetch, chunk_size=self.chunk_size)
  File "/var/www/SoundLib/venv/lib/python3.6/site-packages/django/db/models/sql/compiler.py", line 1175, in execute_sql
    cursor.execute(sql, params)
  File "/var/www/SoundLib/venv/lib/python3.6/site-packages/django/db/backends/utils.py", line 98, in execute
    return super().execute(sql, params)
  File "/var/www/SoundLib/venv/lib/python3.6/site-packages/django/db/backends/utils.py", line 66, in execute
    return self._execute_with_wrappers(sql, params, many=False, executor=self._execute)
  File "/var/www/SoundLib/venv/lib/python3.6/site-packages/django/db/backends/utils.py", line 75, in _execute_with_wrappers
    return executor(sql, params, many, context)
  File "/var/www/SoundLib/venv/lib/python3.6/site-packages/django/db/backends/utils.py", line 84, in _execute
    return self.cursor.execute(sql, params)
  File "/var/www/SoundLib/venv/lib/python3.6/site-packages/django/db/utils.py", line 90, in __exit__
    raise dj_exc_value.with_traceback(traceback) from exc_value
  File "/var/www/SoundLib/venv/lib/python3.6/site-packages/django/db/backends/utils.py", line 84, in _execute
    return self.cursor.execute(sql, params)
  File "/var/www/SoundLib/venv/lib/python3.6/site-packages/django/db/backends/sqlite3/base.py", line 423, in execute
    return Database.Cursor.execute(self, query, params)
django.db.utils.OperationalError: no such column: App_recording.LastEditTime
Not Found: /favicon.ico
Not Found: /HNAP1/
Not Found: /favicon.ico
Not Found: /portal/info.jsp
Not Found: /media/Recordings/Machine_Learning_Term_Project_8q0RHHR.pdf
Not Found: /favicon.ico
Not Found: /.env
Not Found: /xmlrpc.php
Not Found: /favicon.ico
Not Found: /HNAP1/
Not Found: /vendor/phpunit/phpunit/src/Util/PHP/eval-stdin.php
Not Found: /owa/auth/x.js
Not Found: /ecp/Current/exporttool/microsoft.exchange.ediscovery.exporttool.application
Not Found: /owa/auth/logon.aspx
Internal Server Error: /user/Ziyu Cai/change/commit/
Traceback (most recent call last):
  File "/var/www/SoundLib/venv/lib/python3.6/site-packages/django/utils/datastructures.py", line 76, in __getitem__
    list_ = super().__getitem__(key)
KeyError: 'UserName'

During handling of the above exception, another exception occurred:

Traceback (most recent call last):
  File "/var/www/SoundLib/venv/lib/python3.6/site-packages/django/core/handlers/exception.py", line 47, in inner
    response = get_response(request)
  File "/var/www/SoundLib/venv/lib/python3.6/site-packages/django/core/handlers/base.py", line 181, in _get_response
    response = wrapped_callback(request, *callback_args, **callback_kwargs)
  File "./App/views.py", line 111, in user_info_change_commit
    UserName = Request.POST['UserName']
  File "/var/www/SoundLib/venv/lib/python3.6/site-packages/django/utils/datastructures.py", line 78, in __getitem__
    raise MultiValueDictKeyError(key)
django.utils.datastructures.MultiValueDictKeyError: 'UserName'
Not Found: /vendor/phpunit/phpunit/src/Util/PHP/eval-stdin.php
Not Found: /favicon.ico
Not Found: /favicon.ico
Not Found: /media/Recordings/Machine_Learning_Term_Project_8q0RHHR.pdf
Not Found: /index.php
Not Found: /index.php
Not Found: /favicon.ico
SIGINT/SIGTERM received...killing workers...
gateway "uWSGI http 1" has been buried (pid: 21156)
worker 1 buried after 1 seconds
worker 2 buried after 1 seconds
goodbye to uWSGI.
*** uWSGI is running in multiple interpreter mode ***
spawned uWSGI master process (pid: 20285)
spawned uWSGI worker 1 (pid: 20286, cores: 1)
spawned uWSGI worker 2 (pid: 20287, cores: 1)
spawned uWSGI http 1 (pid: 20288)
Forbidden (CSRF cookie not set.): /
Forbidden (CSRF cookie not set.): /
Not Found: /mifs/.;/services/LogService
Not Found: /boaform/admin/formLogin
Not Found: /phpmyadmin/index.php
Not Found: /Special:随机页面
Not Found: /.env
Not Found: /xmlrpc.php
Not Found: /.env
Forbidden (CSRF cookie not set.): /
Not Found: /favicon.ico
Not Found: /favicon.ico
Not Found: /apple-touch-icon-precomposed.png
Not Found: /apple-touch-icon.png
Not Found: /apple-touch-icon-120x120-precomposed.png
Not Found: /apple-touch-icon-120x120.png
Not Found: /apple-touch-icon-precomposed.png
Not Found: /apple-touch-icon.png
Not Found: /favicon.ico
Not Found: /apple-touch-icon-120x120-precomposed.png
Not Found: /apple-touch-icon-120x120.png
Not Found: /apple-touch-icon-precomposed.png
Not Found: /apple-touch-icon.png
Not Found: /favicon.ico
Forbidden (CSRF token missing or incorrect.): /login/login/
changing zhiheLyn to zhiheLyn zhihelyn@gmail.com Bhzl19970208 Bhzl19970208 Das Wiedersehen
changed successfully, refreshing...
Not Found: /cgi-bin/ViewLog.asp
Not Found: /mgmt/tm/util/bash
Not Found: /asp/view.asp
Not Found: /asp/view.asp
Not Found: /.env
Not Found: /.env
Not Found: /api/.env
Not Found: /api/.env
Not Found: /favicon.ico
Not Found: /apple-touch-icon-precomposed.png
Not Found: /_ignition/execute-solution
Not Found: /script
Not Found: /jenkins/login
Not Found: /manager/html
Not Found: /asp/view.asp
Not Found: /mgmt/tm/util/bash
Not Found: /mgmt/tm/util/bash
Not Found: /favicon.ico
Not Found: /vendor/phpunit/phpunit/src/Util/PHP/eval-stdin.php
Not Found: /vendor/phpunit/phpunit/src/Util/PHP/eval-stdin.php
Not Found: /solr/admin/info/system
Not Found: /HNAP1/
Not Found: /phpmyadmin/index.php
Not Found: /index.php
Not Found: /cgi-bin/ViewLog.asp
Not Found: /apple-touch-icon.png
Not Found: /apple-touch-icon.png
Not Found: /apple-touch-icon.png
Not Found: /apple-touch-icon-120x120-precomposed.png
Not Found: /asp/view.asp
Not Found: /favicon.ico
Not Found: /favicon.ico
Not Found: /favicon.ico
Not Found: /favicon.ico
Not Found: /owa/auth/logon.aspx
Not Found: /wp-login.php
Not Found: /wp-login.php
Not Found: /wordpress/wp-login.php
Not Found: /blog/wp-login.php
Not Found: /wp/wp-login.php
Not Found: /apple-touch-icon-120x120.png
Not Found: /cgi-bin/ViewLog.asp
Not Found: /console/
Not Found: /robots.txt
Not Found: /cgi-bin/ViewLog.asp
Not Found: /Autodiscover/Autodiscover.xml
Not Found: /favicon.ico
Not Found: /mgmt/tm/util/bash
Not Found: /favicon.ico
Forbidden (CSRF token missing or incorrect.): /login/login/
Not Found: /favicon.ico
Not Found: /_ignition/execute-solution
Not Found: /wp-login.php
Not Found: /wp-includes/wlwmanifest.xml
Not Found: /xmlrpc.php
Not Found: /blog/wp-includes/wlwmanifest.xml
Not Found: /web/wp-includes/wlwmanifest.xml
Not Found: /wordpress/wp-includes/wlwmanifest.xml
Not Found: /website/wp-includes/wlwmanifest.xml
Not Found: /wp/wp-includes/wlwmanifest.xml
Not Found: /news/wp-includes/wlwmanifest.xml
Not Found: /2020/wp-includes/wlwmanifest.xml
Not Found: /2019/wp-includes/wlwmanifest.xml
Not Found: /shop/wp-includes/wlwmanifest.xml
Not Found: /wp1/wp-includes/wlwmanifest.xml
Not Found: /test/wp-includes/wlwmanifest.xml
Not Found: /wp2/wp-includes/wlwmanifest.xml
Not Found: /site/wp-includes/wlwmanifest.xml
Not Found: /cms/wp-includes/wlwmanifest.xml
Not Found: /sito/wp-includes/wlwmanifest.xml
Not Found: /owa/auth/logon.aspx
Not Found: /sitemap.xml
Not Found: /robots.txt
Not Found: /favicon.ico
Not Found: /favicon.ico
Not Found: /boaform/admin/formLogin
Not Found: /actuator/gateway/routes
Not Found: /ncsi.txt
Not Found: /HNAP1/
Not Found: /favicon.ico
Not Found: /cgi-bin/ViewLog.asp
Not Found: /xmlrpc.php
Not Found: /favicon.ico
Not Found: /owa/auth/x.js
Not Found: /ecp/Current/exporttool/microsoft.exchange.ediscovery.exporttool.application
Not Found: /owa/auth/logon.aspx
Not Found: /favicon.ico
Not Found: /vendor/phpunit/phpunit/src/Util/PHP/eval-stdin.php
Not Found: /favicon.ico
Not Found: /robots.txt
Not Found: /boaform/admin/formLogin
Not Found: /cgi-bin/ViewLog.asp
Not Found: /_ignition/execute-solution
Not Found: /cgi-bin/ViewLog.asp
Not Found: /cgi-bin/ViewLog.asp
Not Found: /mifs/.;/services/LogService
Not Found: /nice ports,/Trinity.txt.bak
Not Found: /favicon.ico
Not Found: /cgi-bin/ViewLog.asp
Not Found: /.env
Not Found: /boaform/admin/formLogin
Not Found: /Special:随机页面
Not Found: /favicon.ico
Not Found: /favicon.ico
Not Found: /favicon.ico
Not Found: /favicon.ico
Not Found: /.env
Forbidden (CSRF cookie not set.): /
Not Found: /.env
Forbidden (CSRF cookie not set.): /
Not Found: /wp-login.php
Not Found: /favicon.ico
Not Found: /remote/fgt_lang
Not Found: /owa/auth/logon.aspx
Not Found: /boaform/admin/formLogin
Not Found: /.env
Not Found: /cgi-bin/ViewLog.asp
Not Found: /english/
Not Found: /favicon.ico
Not Found: /cgi-bin/ViewLog.asp
Not Found: /cgi-bin/ViewLog.asp
Not Found: /cgi-bin/ViewLog.asp
Not Found: /cgi-bin/ViewLog.asp
Not Found: /vendor/phpunit/phpunit/src/Util/PHP/eval-stdin.php
Not Found: /cgi-bin/ViewLog.asp
Not Found: /portal/redlion
Not Found: /actuator/health
Not Found: /setup.cgi
Not Found: /owa/auth/x.js
Not Found: /owa/auth/logon.aspx
Not Found: /ecp/Current/exporttool/microsoft.exchange.ediscovery.exporttool.application
Not Found: /vendor/phpunit/phpunit/src/Util/PHP/eval-stdin.php
Not Found: /favicon.ico
Not Found: /index.php
Not Found: /robots.txt
Not Found: /cgi-bin/ViewLog.asp
Not Found: /cgi-bin/ViewLog.asp
Not Found: /cgi-bin/ViewLog.asp
Not Found: /mifs/.;/services/LogService
Not Found: /cgi-bin/ViewLog.asp
Not Found: /portal/redlion
Not Found: /sitemap.xml
Not Found: /.well-known/security.txt
Not Found: /echo.php
Not Found: /wp-login.php
Not Found: /wp-login.php
Not Found: /robots.txt
Not Found: /humans.txt
Not Found: /ads.txt
Not Found: /favicon.ico
Not Found: /apple-touch-icon.png
Not Found: /apple-touch-icon-precomposed.png
Not Found: /cgi-bin/ViewLog.asp
Not Found: /boaform/admin/formLogin
Not Found: /cgi-bin/ViewLog.asp
Not Found: /fcg-bin/cgi_playlist_xml.fcg
Not Found: /cgi-bin/ViewLog.asp
Not Found: /GponForm/diag_Form
Not Found: /config/getuser
Not Found: /cgi-bin/ViewLog.asp
Not Found: /cgi-bin/ViewLog.asp
Not Found: /404/search_children.js
Not Found: /owa/auth/logon.aspx
Not Found: /ReportServer
SIGINT/SIGTERM received...killing workers...
gateway "uWSGI http 1" has been buried (pid: 20288)
worker 1 buried after 1 seconds
worker 2 buried after 1 seconds
goodbye to uWSGI.
*** uWSGI is running in multiple interpreter mode ***
spawned uWSGI master process (pid: 21999)
spawned uWSGI worker 1 (pid: 22000, cores: 1)
spawned uWSGI worker 2 (pid: 22001, cores: 1)
spawned uWSGI http 1 (pid: 22002)
Not Found: /actuator/health
Not Found: /favicon.ico
Not Found: /cgi-bin/ViewLog.asp
Not Found: /cgi-bin/ViewLog.asp
Not Found: /cgi-bin/ViewLog.asp
Not Found: /index/timeline
Not Found: /favicon.ico
SIGINT/SIGTERM received...killing workers...
gateway "uWSGI http 1" has been buried (pid: 22002)
worker 1 buried after 1 seconds
worker 2 buried after 1 seconds
goodbye to uWSGI.
*** uWSGI is running in multiple interpreter mode ***
spawned uWSGI master process (pid: 31411)
spawned uWSGI worker 1 (pid: 31412, cores: 1)
spawned uWSGI worker 2 (pid: 31413, cores: 1)
spawned uWSGI http 1 (pid: 31414)
Not Found: /index/timeline
Not Found: /index/timeline
SIGINT/SIGTERM received...killing workers...
gateway "uWSGI http 1" has been buried (pid: 31414)
worker 1 buried after 1 seconds
worker 2 buried after 1 seconds
goodbye to uWSGI.
*** uWSGI is running in multiple interpreter mode ***
spawned uWSGI master process (pid: 31620)
spawned uWSGI worker 1 (pid: 31621, cores: 1)
spawned uWSGI worker 2 (pid: 31622, cores: 1)
spawned uWSGI http 1 (pid: 31623)
Not Found: /index/timeline
Not Found: /media/Recordings/Rach2_mixdown_KmLGXS9.mp3
Not Found: /media/Recordings/Rach2_mixdown_KmLGXS9.mp3
Not Found: /media/Recordings/Rach2_mixdown_KmLGXS9.mp3
Internal Server Error: /index/upload/0/
Traceback (most recent call last):
  File "/var/www/SoundLib/venv/lib/python3.6/site-packages/django/core/handlers/exception.py", line 47, in inner
    response = get_response(request)
  File "/var/www/SoundLib/venv/lib/python3.6/site-packages/django/core/handlers/base.py", line 181, in _get_response
    response = wrapped_callback(request, *callback_args, **callback_kwargs)
  File "./App/views.py", line 23, in hello
    return render_index(Request, kwargs["tag"], kwargs["page"])
  File "./App/utils/index.py", line 31, in render_index
    context['PageRange']    = list(range(max(0, SelectedPage-2), min(PageNum, SelectedPage+3)))
UnboundLocalError: local variable 'PageNum' referenced before assignment
Internal Server Error: /index/upload/0/
Traceback (most recent call last):
  File "/var/www/SoundLib/venv/lib/python3.6/site-packages/django/core/handlers/exception.py", line 47, in inner
    response = get_response(request)
  File "/var/www/SoundLib/venv/lib/python3.6/site-packages/django/core/handlers/base.py", line 181, in _get_response
    response = wrapped_callback(request, *callback_args, **callback_kwargs)
  File "./App/views.py", line 23, in hello
    return render_index(Request, kwargs["tag"], kwargs["page"])
  File "./App/utils/index.py", line 31, in render_index
    context['PageRange']    = list(range(max(0, SelectedPage-2), min(PageNum, SelectedPage+3)))
UnboundLocalError: local variable 'PageNum' referenced before assignment
SIGINT/SIGTERM received...killing workers...
gateway "uWSGI http 1" has been buried (pid: 31623)
worker 1 buried after 1 seconds
worker 2 buried after 1 seconds
goodbye to uWSGI.
*** uWSGI is running in multiple interpreter mode ***
spawned uWSGI master process (pid: 32480)
spawned uWSGI worker 1 (pid: 32481, cores: 1)
spawned uWSGI worker 2 (pid: 32482, cores: 1)
spawned uWSGI http 1 (pid: 32483)
Not Found: /vendor/phpunit/phpunit/src/Util/PHP/eval-stdin.php
Not Found: /favicon.ico
Not Found: /shell
Not Found: /manager/text/list
Not Found: /manager/html
Not Found: /cgi-bin/ViewLog.asp
Not Found: /GponForm/diag_Form
Not Found: /.aws/credentials
Not Found: /api/consumer/order/addOrder
Not Found: /muieblackcat
Not Found: /phpMyAdmin/scripts/setup.php
Not Found: /phpmyadmin/scripts/setup.php
Not Found: /pma/scripts/setup.php
Not Found: /myadmin/scripts/setup.php
Not Found: /MyAdmin/scripts/setup.php
Not Found: /cgi-bin/ViewLog.asp
Not Found: /.env
Forbidden (CSRF cookie not set.): /
Not Found: /ecp/Current/exporttool/microsoft.exchange.ediscovery.exporttool.application
Not Found: /owa/auth/x.js
Not Found: /owa/auth/logon.aspx
Not Found: /mifs/.;/services/LogService
Not Found: /index.php
Not Found: /phpmyadmin/index.php
Not Found: /.env
Not Found: /ugcjdy.qq.com/gzc_1000102_0b53juaacaaayqaaygqsibrmatodafaqabka.f0.mp4
Not Found: /pma/scripts/setup.php
Not Found: /ugcjdy.qq.com/gzc_1000102_0b53juaacaaayqaaygqsibrmatodafaqabka.f0.mp4
Not Found: /config/getuser
Not Found: /cgi-bin/ViewLog.asp
Not Found: /cgi-bin/ViewLog.asp
Not Found: /ugcup.music.qq.com/gzc_1000102_0b53juaacaaayqaaygqsibrmatodafaqabka.f0.mp4
Not Found: /ugcup.music.qq.com/gzc_1000102_0b53juaacaaayqaaygqsibrmatodafaqabka.f0.mp4
Not Found: /wp-login.php
Not Found: /favicon.ico
Not Found: /robots.txt
Not Found: /manager/html
Not Found: /actuator/health
Not Found: /cgi-bin/ViewLog.asp
Not Found: /muieblackcat
Not Found: /cgi-bin/ViewLog.asp
Not Found: /manager/text/list
Not Found: /.env
Not Found: /remote/fgt_lang
Not Found: /.git/HEAD
Not Found: /myadmin/scripts/setup.php
Not Found: /phpmyadmin/scripts/setup.php
Not Found: /cgi-bin/ViewLog.asp
Not Found: /cgi-bin/ViewLog.asp
Not Found: /phpmyadmin/index.php
Not Found: /vendor/phpunit/phpunit/src/Util/PHP/eval-stdin.php
Not Found: /.env
Not Found: /boaform/admin/formLogin
Not Found: /index.php
Not Found: /.env
Not Found: /owa/auth/logon.aspx
Not Found: /favicon.ico
Not Found: /boaform/admin/formLogin
Not Found: /cgi-bin/luci
Not Found: /favicon.ico
Not Found: /favicon.ico
Not Found: /robots.txt
Not Found: /sitemap.xml
Not Found: /cgi-bin/ViewLog.asp
Not Found: /cgi-bin/ViewLog.asp
Not Found: /robots.txt
Not Found: /.env
Forbidden (CSRF cookie not set.): /
Not Found: /vendor/phpunit/phpunit/src/Util/PHP/eval-stdin.php
Not Found: /.env
Forbidden (CSRF cookie not set.): /
Not Found: /core/.env
Not Found: /core/.env
Forbidden (CSRF cookie not set.): /
Not Found: /core/.env
Not Found: /verify/boshi_an_2/jguklsddnvfyehmvoaaozrilswqblkrrgtmjlijuhfodyfscwvfuneoioqqetubvcljxnbelxwcxhcoygefnkfgjxdqevrlztnubgpuzyhtyjboqrvftdqomlcxrucid
Not Found: /favicon.ico
Not Found: /user/boshi_an_2/verify/lxowogcnbbvcwpscagffctyrxdqihfcjvexdrxriyolwxgizmjtlitnzvmzbzfkydwstpcbgoummqcrdkyebdwzwpnleqjsggrmqbudcnakpouneibqdcqqsxcfvfwyn/
Not Found: /user/boshi_an_2/verify/123/
Not Found: /user/boshi_an_2/verify/123
Not Found: /user/boshi_an_2/verify/
Not Found: /index.php
Not Found: /cgi-bin/ViewLog.asp
*** uWSGI is running in multiple interpreter mode ***
spawned uWSGI master process (pid: 18000)
spawned uWSGI worker 1 (pid: 18001, cores: 1)
spawned uWSGI worker 2 (pid: 18002, cores: 1)
spawned uWSGI http 1 (pid: 18003)
Not Found: /favicon.ico
SIGINT/SIGTERM received...killing workers...
gateway "uWSGI http 1" has been buried (pid: 18003)
worker 1 buried after 1 seconds
worker 2 buried after 1 seconds
goodbye to uWSGI.
*** uWSGI is running in multiple interpreter mode ***
spawned uWSGI master process (pid: 18998)
spawned uWSGI worker 1 (pid: 18999, cores: 1)
spawned uWSGI worker 2 (pid: 19000, cores: 1)
spawned uWSGI http 1 (pid: 19001)
SIGINT/SIGTERM received...killing workers...
gateway "uWSGI http 1" has been buried (pid: 19001)
worker 1 buried after 1 seconds
worker 2 buried after 1 seconds
goodbye to uWSGI.
*** uWSGI is running in multiple interpreter mode ***
spawned uWSGI master process (pid: 19498)
spawned uWSGI worker 1 (pid: 19499, cores: 1)
spawned uWSGI worker 2 (pid: 19500, cores: 1)
spawned uWSGI http 1 (pid: 19501)
Not Found: /_ignition/execute-solution
Not Found: /robots.txt
Not Found: /cgi-bin/ViewLog.asp
Not Found: /cgi-bin/ViewLog.asp
Not Found: /solr/admin/info/system
Not Found: /cgi-bin/ViewLog.asp
Not Found: /phpmyadmin/index.php
Not Found: /owa/auth/x.js
Not Found: /owa/auth/logon.aspx
Not Found: /actuator/gateway/routes
Not Found: /favicon.ico
Not Found: /.aws/credentials
Not Found: /cgi-bin/ViewLog.asp
Not Found: /config/getuser
Not Found: /vendor/phpunit/phpunit/src/Util/PHP/eval-stdin.php
Not Found: /wp-includes/wlwmanifest.xml
Not Found: /xmlrpc.php
Not Found: /blog/wp-includes/wlwmanifest.xml
Not Found: /web/wp-includes/wlwmanifest.xml
Not Found: /wordpress/wp-includes/wlwmanifest.xml
Not Found: /website/wp-includes/wlwmanifest.xml
Not Found: /wp/wp-includes/wlwmanifest.xml
Not Found: /news/wp-includes/wlwmanifest.xml
Not Found: /2020/wp-includes/wlwmanifest.xml
Not Found: /2019/wp-includes/wlwmanifest.xml
Not Found: /shop/wp-includes/wlwmanifest.xml
Not Found: /wp1/wp-includes/wlwmanifest.xml
Not Found: /test/wp-includes/wlwmanifest.xml
Not Found: /wp2/wp-includes/wlwmanifest.xml
Not Found: /site/wp-includes/wlwmanifest.xml
Not Found: /cms/wp-includes/wlwmanifest.xml
Not Found: /sito/wp-includes/wlwmanifest.xml
Not Found: /cgi-bin/ViewLog.asp
Not Found: /vendor/phpunit/phpunit/src/Util/PHP/eval-stdin.php
Not Found: /boaform/admin/formLogin
Not Found: /cgi-bin/ViewLog.asp
Not Found: /index.php
Not Found: /boaform/admin/formLogin
Not Found: /index.php
Not Found: /wp-login.php
Not Found: /cgi-bin/ViewLog.asp
Not Found: /mgmt/tm/util/bash
Not Found: /config/getuser
Not Found: /wp-login.php
Not Found: /wordpress/wp-login.php
Not Found: /blog/wp-login.php
Not Found: /wp/wp-login.php
Not Found: /mifs/.;/services/LogService
Not Found: /.env
Not Found: /_ignition/execute-solution
Not Found: /script
Not Found: /jenkins/login
Not Found: /manager/html
Not Found: /boaform/admin/formLogin
Not Found: /favicon.ico
Not Found: /robots.txt
Forbidden (CSRF cookie not set.): /
Not Found: /.env
Not Found: /cgi-bin/ViewLog.asp
Not Found: /wp-login.php
Not Found: /boaform/admin/formLogin
Not Found: /_ignition/execute-solution
Not Found: /robots.txt
Not Found: /sitemap.xml
Not Found: /.well-known/security.txt
Not Found: /favicon.ico
Not Found: /console/
Not Found: /console/
Not Found: /boaform/admin/formLogin
Not Found: /console/
Not Found: /robots.txt
Not Found: /sitemap.xml
Not Found: /.well-known/security.txt
Not Found: /favicon.ico
Not Found: /actuator/gateway/routes
Not Found: /404/search_children.js
Not Found: /config/getuser
Not Found: /boaform/admin/formLogin
Not Found: /.env
Forbidden (CSRF cookie not set.): /
Not Found: /.env
Forbidden (CSRF cookie not set.): /
Not Found: /boaform/admin/formLogin
Not Found: /favicon.ico
Not Found: /.git/config
Not Found: /cgi-bin/ViewLog.asp
Not Found: /mgmt/tm/util/bash
Not Found: /boaform/admin/formLogin
Not Found: /xmlrpc.php
Not Found: /cgi-bin/ViewLog.asp
Not Found: /cgi-bin/ViewLog.asp
Not Found: /owa/auth/logon.aspx
Not Found: /_ignition/execute-solution
Not Found: /script
Not Found: /jenkins/login
Not Found: /manager/html
Not Found: /favicon.ico
Not Found: /ReportServer
Not Found: /install/index.php.bak
Not Found: /Ueditor/controller.ashx
Not Found: /Ueditor/net/controller.ashx
Not Found: /FCKeditor/editor/filemanager/connectors/asp/connector.asp
Not Found: /user.php
Not Found: /fdgq.php
Not Found: /user.php
Not Found: /ysyqq.php
Not Found: /e/aspx/upload.aspx
Not Found: /index.php
Not Found: /rnbjq.php
Not Found: /index.php/Home/Uploadify/preview
Not Found: /index.php
Not Found: /SiteServer/Ajax/ajaxOtherService.aspx
Not Found: /index.php
Not Found: /wxapp.php
Not Found: /wxapp.php
Not Found: /search.asp
Not Found: /cgi-bin/ViewLog.asp
Not Found: /search.asp
Not Found: /.aws/credentials
Not Found: /robots.txt
Not Found: /boaform/admin/formLogin
Not Found: /echo.php
Not Found: /config/getuser
Not Found: /ab2g
Not Found: /ab2h
Not Found: /manager/text/list
Not Found: /template/21/statics/js/push123.js
Not Found: /manager/html
Not Found: /manager/text/list
Not Found: /manager/html
Not Found: /Ueditor/net/controller.ashx
Not Found: /install/index.php.bak
Not Found: /Ueditor/controller.ashx
Not Found: /Ueditor/net/controller.ashx
Not Found: /FCKeditor/editor/filemanager/connectors/asp/connector.asp
Not Found: /user.php
Not Found: /fdgq.php
Not Found: /user.php
Not Found: /ysyqq.php
Not Found: /e/aspx/upload.aspx
Not Found: /index.php
Not Found: /klsru.php
Not Found: /index.php/Home/Uploadify/preview
Not Found: /index.php
Not Found: /SiteServer/Ajax/ajaxOtherService.aspx
Not Found: /index.php
Not Found: /wxapp.php
Not Found: /wxapp.php
Not Found: /search.asp
Not Found: /e/aspx/upload.aspx
Not Found: /.git/config
Not Found: /config
Not Found: /git/
Not Found: /git/.git/config
Not Found: /git
Not Found: /git/config
Not Found: /src/
Not Found: /src/.git/config
Not Found: /src
Not Found: /src/config
Not Found: /source/.git/config
Not Found: /source/
Not Found: /source
Not Found: /sources/
Not Found: /source/config
Not Found: /sources/.git/config
Not Found: /sources/config
Not Found: /api/.git/config
Not Found: /sources
Not Found: /api/config
Not Found: /rest/.git/config
Not Found: /rest/config
Not Found: /backend/.git/config
Not Found: /api/
Not Found: /api
Not Found: /backend/config
Not Found: /rest/
Not Found: /rest
Not Found: /svc/.git/config
Not Found: /backend/
Not Found: /svc/config
Not Found: /backend
Not Found: /service/.git/config
Not Found: /svc/
Not Found: /service/config
Not Found: /svc
Not Found: /services/.git/config
Not Found: /service/
Not Found: /services/config
Not Found: /service
Not Found: /services/
Not Found: /app/.git/config
Not Found: /app/config
Not Found: /data/.git/config
Not Found: /services
Not Found: /data/config
Not Found: /bak/.git/config
Not Found: /bak/config
Not Found: /backup/.git/config
Not Found: /backup/config
Not Found: /test/.git/config
Not Found: /services
Not Found: /test/config
Not Found: /app/
Not Found: /temp/.git/config
Not Found: /app
Not Found: /temp/config
Not Found: /tmp/.git/config
Not Found: /tmp/config
Not Found: /data/
Not Found: /lib/.git/config
Not Found: /data
Not Found: /bak/
Not Found: /bak
Not Found: /backup/
Not Found: /backup
Not Found: /test/
Not Found: /test
Not Found: /temp/
Not Found: /temp
Not Found: /tmp/
Not Found: /tmp
Not Found: /lib/
Not Found: /lib/config
Not Found: /lib
Not Found: /libs/.git/config
Not Found: /libs/config
Not Found: /libs/
Not Found: /libs
Not Found: /cfg/
Not Found: /cfg
Not Found: /cfg/.git/config
Not Found: /conf/
Not Found: /cfg/config
Not Found: /conf/.git/config
Not Found: /conf
Not Found: /config/
Not Found: /config
Not Found: /conf/config
Not Found: /inc/
Not Found: /inc
Not Found: /include/
Not Found: /include
Not Found: /includes/
Not Found: /includes
Not Found: /config/.git/config
Not Found: /config/config
Not Found: /inc/.git/config
Not Found: /inc/config
Not Found: /uploads/
Not Found: /include/.git/config
Not Found: /uploads
Not Found: /include/config
Not Found: /includes/.git/config
Not Found: /download/
Not Found: /download
Not Found: /downloads/
Not Found: /includes/config
Not Found: /downloads
Not Found: /files/
Not Found: /files
Not Found: /log/
Not Found: /log/
Not Found: /log
Not Found: /logs/
Not Found: /logs
Not Found: /cron/
Not Found: /cron
Not Found: /wallet/
Not Found: /wallet
Not Found: /wallets/
Not Found: /wallets
Not Found: /ReportServer
Not Found: /e/aspx/upload.aspx
Not Found: /.env
Forbidden (CSRF cookie not set.): /
Not Found: /Ueditor/controller.ashx
Not Found: /SiteServer/Ajax/ajaxOtherService.aspx
Not Found: /ysyqq.php
Not Found: /vendor/phpunit/phpunit/src/Util/PHP/eval-stdin.php
Not Found: /boaform/admin/formLogin
Not Found: /ext-js/app/common/zyFunction.js
Not Found: /vendor/phpunit/phpunit/src/Util/PHP/eval-stdin.php
Not Found: /favicon.ico
Not Found: /favicon.ico
Not Found: /favicon.ico
Not Found: /favicon.ico
Not Found: /owa/auth/x.js
Not Found: /ecp/Current/exporttool/microsoft.exchange.ediscovery.exporttool.application
Not Found: /owa/auth/logon.aspx
Not Found: /favicon.ico
Forbidden (CSRF cookie not set.): /
Forbidden (CSRF cookie not set.): /
Forbidden (CSRF cookie not set.): /
Forbidden (CSRF cookie not set.): /
Forbidden (CSRF cookie not set.): /
Forbidden (CSRF cookie not set.): /
Forbidden (CSRF cookie not set.): /
Not Found: /config/getuser
Forbidden (CSRF cookie not set.): /
Forbidden (CSRF cookie not set.): /
Forbidden (CSRF cookie not set.): /
Not Found: /robots.txt
Forbidden (CSRF cookie not set.): /
Forbidden (CSRF cookie not set.): /
Forbidden (CSRF cookie not set.): /
Forbidden (CSRF cookie not set.): /
Forbidden (CSRF cookie not set.): /
Forbidden (CSRF cookie not set.): /
Forbidden (CSRF cookie not set.): /
Forbidden (CSRF cookie not set.): /
Forbidden (CSRF cookie not set.): /
Forbidden (CSRF cookie not set.): /
Forbidden (CSRF cookie not set.): /
Forbidden (CSRF cookie not set.): /
Forbidden (CSRF cookie not set.): /
Forbidden (CSRF cookie not set.): /
Forbidden (CSRF cookie not set.): /
Not Found: /vendor/phpunit/phpunit/src/Util/PHP/eval-stdin.php
Forbidden (CSRF cookie not set.): /
Forbidden (CSRF cookie not set.): /
Forbidden (CSRF cookie not set.): /
Not Found: /actuator/health
Not Found: /index.php
Not Found: /cgi-bin/ViewLog.asp
Not Found: /rnbjq.php
Not Found: /wxapp.php
Not Found: /boaform/admin/formLogin
Not Found: /version
Not Found: /boaform/admin/formLogin
Not Found: /index.php/Home/Uploadify/preview
Not Found: /fdgq.php
Not Found: /boaform/admin/formLogin
Not Found: /favicon.ico
Not Found: /cgi-bin/ViewLog.asp
Not Found: /wp-login.php
Not Found: /mifs/.;/services/LogService
Not Found: /index.php
Not Found: /jsFunction.jsp
Not Found: /.git/config
Not Found: /.env
Not Found: /cgi-bin/ViewLog.asp
Not Found: /cgi-bin/ViewLog.asp
Not Found: /_ignition/execute-solution
Not Found: /script
Not Found: /jenkins/login
Not Found: /manager/html
Not Found: /boaform/admin/formLogin
Not Found: /config/getuser
Not Found: /klsru.php
Not Found: /sdk
Not Found: /text4041657577412
Not Found: /HNAP1
Not Found: /evox/about
Not Found: /favicon.ico
Not Found: /robots.txt
Not Found: /cgi-bin/ViewLog.asp
Not Found: /.env
Forbidden (CSRF cookie not set.): /
Not Found: /HNAP1/
Not Found: /HNAP1/
Not Found: /vendor/phpunit/phpunit/src/Util/PHP/eval-stdin.php
Not Found: /HNAP1/
Not Found: /HNAP1/
Not Found: /favicon.ico
Not Found: /vendor/phpunit/phpunit/src/Util/PHP/eval-stdin.php
Not Found: /boaform/admin/formLogin
Not Found: /config/getuser
Not Found: /solr/admin/info/system
Not Found: /template/21/statics/js/push123.js
Not Found: /.aws/credentials
Not Found: /robots.txt
Not Found: /humans.txt
Not Found: /ads.txt
Not Found: /sdk
Not Found: /text4041657586052
Not Found: /evox/about
Not Found: /HNAP1
Not Found: /favicon.ico
Not Found: /robots.txt
Not Found: /favicon.ico
Not Found: /evox/about
Not Found: /sdk
Not Found: /index.php
Not Found: /config/getuser
Not Found: /owa/auth/logon.aspx
Not Found: /shell
Not Found: /ab2g
Not Found: /ab2h
Not Found: /favicon.ico
Not Found: /console/
Not Found: /boaform/admin/formLogin
Not Found: /setup.cgi
Not Found: /favicon.ico
Not Found: /cgi-bin/ViewLog.asp
Not Found: /Autodiscover/Autodiscover.xml
Not Found: /boaform/admin/formLogin
Not Found: /boaform/admin/formLogin
Not Found: /cgi-bin/ViewLog.asp
Not Found: /_ignition/execute-solution
Not Found: /.git/config
Not Found: /boaform/admin/formLogin
Not Found: /.env
Not Found: /.git/config
Not Found: /.git/config
Not Found: /_ignition/execute-solution
Not Found: /script
Not Found: /jenkins/login
Not Found: /manager/html
Not Found: /.env
Forbidden (CSRF cookie not set.): /
Not Found: /.env
Forbidden (CSRF cookie not set.): /
Not Found: /cgi-bin/ViewLog.asp
Not Found: /portal/redlion
Not Found: /owa/auth/logon.aspx
Not Found: /index.php
Not Found: /hudson
Not Found: /cgi-bin/ViewLog.asp
Not Found: /cgi-bin/ViewLog.asp
Not Found: /favicon.ico
Not Found: /hudson
Not Found: /cgi-bin/ViewLog.asp
Not Found: /cgi-bin/ViewLog.asp
Not Found: /wp-login.php
Not Found: /cgi-bin/ViewLog.asp
Not Found: /wp-login.php
Not Found: /boaform/admin/formLogin
Not Found: /config/getuser
Not Found: /.env
Forbidden (CSRF cookie not set.): /
Not Found: /.env
Forbidden (CSRF cookie not set.): /
Not Found: /config/getuser
Not Found: /boaform/admin/formLogin
Not Found: /cgi-bin/ViewLog.asp
Not Found: /cgi-bin/ViewLog.asp
Not Found: /robots.txt
Not Found: /.git/config
Not Found: /.env
Not Found: /stalker_portal/server/tools/auth_simple.php
Forbidden (CSRF cookie not set.): /
Forbidden (CSRF cookie not set.): /
Forbidden (CSRF cookie not set.): /
Not Found: /stalker_portal/server/tools/auth_simple.php
Forbidden (CSRF cookie not set.): /
Forbidden (CSRF cookie not set.): /
Forbidden (CSRF cookie not set.): /
Forbidden (CSRF cookie not set.): /
Not Found: /favicon.ico
Not Found: /actuator/gateway/routes
SIGINT/SIGTERM received...killing workers...
gateway "uWSGI http 1" has been buried (pid: 19501)
worker 1 buried after 1 seconds
worker 2 buried after 1 seconds
goodbye to uWSGI.
*** uWSGI is running in multiple interpreter mode ***
spawned uWSGI master process (pid: 12409)
spawned uWSGI worker 1 (pid: 12410, cores: 1)
spawned uWSGI worker 2 (pid: 12411, cores: 1)
spawned uWSGI http 1 (pid: 12412)
Not Found: /favicon.ico
Not Found: /ReportServer
SIGINT/SIGTERM received...killing workers...
gateway "uWSGI http 1" has been buried (pid: 12412)
worker 1 buried after 1 seconds
worker 2 buried after 1 seconds
goodbye to uWSGI.
*** uWSGI is running in multiple interpreter mode ***
spawned uWSGI master process (pid: 30547)
spawned uWSGI worker 1 (pid: 30548, cores: 1)
spawned uWSGI worker 2 (pid: 30549, cores: 1)
spawned uWSGI http 1 (pid: 30550)
Not Found: /favicon.ico
SIGINT/SIGTERM received...killing workers...
gateway "uWSGI http 1" has been buried (pid: 30550)
worker 1 buried after 1 seconds
worker 2 buried after 1 seconds
goodbye to uWSGI.
*** uWSGI is running in multiple interpreter mode ***
spawned uWSGI master process (pid: 32201)
spawned uWSGI worker 1 (pid: 32202, cores: 1)
spawned uWSGI worker 2 (pid: 32203, cores: 1)
spawned uWSGI http 1 (pid: 32204)
Internal Server Error: /user/boshi_an/verify/
Traceback (most recent call last):
  File "/var/www/SoundLib/venv/lib/python3.6/site-packages/django/core/handlers/exception.py", line 47, in inner
    response = get_response(request)
  File "/var/www/SoundLib/venv/lib/python3.6/site-packages/django/core/handlers/base.py", line 181, in _get_response
    response = wrapped_callback(request, *callback_args, **callback_kwargs)
  File "./App/views.py", line 213, in verify_email
    send_verification_email(Request.user)
  File "./App/utils/user.py", line 81, in send_verification_email
    fail_silently=False
TypeError: __init__() got an unexpected keyword argument 'recipient_list'
SIGINT/SIGTERM received...killing workers...
gateway "uWSGI http 1" has been buried (pid: 32204)
worker 1 buried after 1 seconds
worker 2 buried after 1 seconds
goodbye to uWSGI.
*** uWSGI is running in multiple interpreter mode ***
spawned uWSGI master process (pid: 32493)
spawned uWSGI worker 1 (pid: 32494, cores: 1)
spawned uWSGI worker 2 (pid: 32495, cores: 1)
spawned uWSGI http 1 (pid: 32496)
Internal Server Error: /user/boshi_an/verify/
Traceback (most recent call last):
  File "/var/www/SoundLib/venv/lib/python3.6/site-packages/django/core/handlers/exception.py", line 47, in inner
    response = get_response(request)
  File "/var/www/SoundLib/venv/lib/python3.6/site-packages/django/core/handlers/base.py", line 181, in _get_response
    response = wrapped_callback(request, *callback_args, **callback_kwargs)
  File "./App/views.py", line 213, in verify_email
    send_verification_email(Request.user)
  File "./App/utils/user.py", line 82, in send_verification_email
    fail_silently=False
TypeError: __init__() got an unexpected keyword argument 'fail_silently'
Internal Server Error: /user/boshi_an/verify/
Traceback (most recent call last):
  File "/var/www/SoundLib/venv/lib/python3.6/site-packages/django/core/handlers/exception.py", line 47, in inner
    response = get_response(request)
  File "/var/www/SoundLib/venv/lib/python3.6/site-packages/django/core/handlers/base.py", line 181, in _get_response
    response = wrapped_callback(request, *callback_args, **callback_kwargs)
  File "./App/views.py", line 213, in verify_email
    send_verification_email(Request.user)
  File "./App/utils/user.py", line 82, in send_verification_email
    fail_silently=False
TypeError: __init__() got an unexpected keyword argument 'fail_silently'
SIGINT/SIGTERM received...killing workers...
gateway "uWSGI http 1" has been buried (pid: 32496)
worker 1 buried after 1 seconds
worker 2 buried after 1 seconds
goodbye to uWSGI.
*** uWSGI is running in multiple interpreter mode ***
spawned uWSGI master process (pid: 32713)
spawned uWSGI worker 1 (pid: 32716, cores: 1)
spawned uWSGI worker 2 (pid: 32717, cores: 1)
spawned uWSGI http 1 (pid: 32718)
Not Found: /cgi-bin/ViewLog.asp
Not Found: /vendor/phpunit/phpunit/src/Util/PHP/eval-stdin.php
Not Found: /cgi-bin/ViewLog.asp
Not Found: /actuator/health
Not Found: /vendor/phpunit/phpunit/src/Util/PHP/eval-stdin.php
Not Found: /config/getuser
Not Found: /boaform/admin/formLogin
Not Found: /favicon.ico
Not Found: /robots.txt
Not Found: /cgi-bin/ViewLog.asp
Not Found: /ecp/Current/exporttool/microsoft.exchange.ediscovery.exporttool.application
Not Found: /owa/auth/logon.aspx
Not Found: /boaform/admin/formLogin
Not Found: /boaform/admin/formLogin
Not Found: /.env
Forbidden (CSRF cookie not set.): /
Not Found: /shell
Not Found: /c/
Not Found: /c/
Not Found: /cgi-bin/ViewLog.asp
Not Found: /.aws/credentials
Not Found: /favicon.ico
Not Found: /apple-touch-icon-120x120-precomposed.png
Not Found: /apple-touch-icon-120x120.png
Not Found: /apple-touch-icon-precomposed.png
Not Found: /apple-touch-icon.png
Not Found: /apple-touch-icon.png
Not Found: /apple-touch-icon.png
Not Found: /apple-touch-icon.png
Not Found: /apple-touch-icon-120x120-precomposed.png
Not Found: /apple-touch-icon-120x120-precomposed.png
Not Found: /apple-touch-icon-120x120-precomposed.png
Not Found: /apple-touch-icon-precomposed.png
Not Found: /apple-touch-icon-precomposed.png
Not Found: /apple-touch-icon-precomposed.png
Not Found: /apple-touch-icon-120x120.png
Not Found: /apple-touch-icon-120x120.png
Not Found: /apple-touch-icon-120x120.png
Not Found: /cgi-bin/ViewLog.asp
Not Found: /favicon.ico
Not Found: /favicon.ico
Not Found: /favicon.ico
Not Found: /.env
Not Found: /shell
Not Found: /cgi-bin/ViewLog.asp
Not Found: /ext-js/app/common/zyFunction.js
Not Found: /wp-includes/wlwmanifest.xml
Not Found: /xmlrpc.php
Not Found: /blog/wp-includes/wlwmanifest.xml
Not Found: /web/wp-includes/wlwmanifest.xml
Not Found: /wordpress/wp-includes/wlwmanifest.xml
Not Found: /website/wp-includes/wlwmanifest.xml
Not Found: /wp/wp-includes/wlwmanifest.xml
Not Found: /news/wp-includes/wlwmanifest.xml
Not Found: /2018/wp-includes/wlwmanifest.xml
Not Found: /2019/wp-includes/wlwmanifest.xml
Not Found: /shop/wp-includes/wlwmanifest.xml
Not Found: /wp1/wp-includes/wlwmanifest.xml
Not Found: /test/wp-includes/wlwmanifest.xml
Not Found: /media/wp-includes/wlwmanifest.xml
Not Found: /wp2/wp-includes/wlwmanifest.xml
Not Found: /site/wp-includes/wlwmanifest.xml
Not Found: /cms/wp-includes/wlwmanifest.xml
Not Found: /sito/wp-includes/wlwmanifest.xml
Not Found: /cgi-bin/ViewLog.asp
Not Found: /cgi-bin/ViewLog.asp
Not Found: /404/search_children.js
Not Found: /js/core.js
Not Found: /Telerik.Web.UI.WebResource.axd
Not Found: /system_api.php
Not Found: /cgi-bin/ViewLog.asp
Not Found: /system_api.php
Not Found: /c/version.js
Not Found: /c/version.js
Not Found: /streaming/clients_live.php
Not Found: /streaming/clients_live.php
Not Found: /stalker_portal/c/version.js
Not Found: /stalker_portal/c/version.js
Not Found: /stream/live.php
Not Found: /stream/live.php
Not Found: /flu/403.html
Not Found: /flu/403.html
Not Found: /stream/live.php
Not Found: /streaming/clients_live.php
Not Found: /flu/403.html
Not Found: /system_api.php
Not Found: /.env
Not Found: /.env
Not Found: /favicon.ico
Not Found: /favicon.ico
Not Found: /robots.txt
Not Found: /shell
Not Found: /Telerik.Web.UI.WebResource.axd
Not Found: /Telerik.Web.UI.WebResource.axd
Not Found: /boaform/admin/formLogin
Not Found: /cgi-bin/ViewLog.asp
Not Found: /cgi-bin/ViewLog.asp
Not Found: /cgi-bin/ViewLog.asp
Not Found: /favicon.ico
Not Found: /cgi-bin/ViewLog.asp
Not Found: /config/getuser
Not Found: /cgi-bin/ViewLog.asp
Not Found: /favicon.ico
Not Found: /favicon.ico
Not Found: /ab2g
Not Found: /cgi-bin/ViewLog.asp
Not Found: /favicon.ico
Not Found: /cgi-bin/ViewLog.asp
Not Found: /vendor/phpunit/phpunit/src/Util/PHP/eval-stdin.php
Not Found: /favicon.ico
Not Found: /robots.txt
Forbidden (CSRF token missing or incorrect.): /admin/login/
Forbidden (CSRF token missing or incorrect.): /admin/login/
Not Found: /vendor/phpunit/phpunit/src/Util/PHP/eval-stdin.php
Forbidden (CSRF token missing or incorrect.): /admin/login/
Forbidden (CSRF token missing or incorrect.): /admin/login/
Forbidden (CSRF token missing or incorrect.): /admin/login/
Forbidden (CSRF token missing or incorrect.): /admin/login/
Forbidden (CSRF token missing or incorrect.): /admin/login/
Forbidden (CSRF token missing or incorrect.): /admin/login/
Forbidden (CSRF token missing or incorrect.): /admin/login/
Forbidden (CSRF token missing or incorrect.): /admin/login/
Forbidden (CSRF token missing or incorrect.): /admin/login/
Forbidden (CSRF token missing or incorrect.): /admin/login/
Forbidden (CSRF token missing or incorrect.): /admin/login/
Not Found: /boaform/admin/formLogin
Forbidden (CSRF token missing or incorrect.): /admin/login/
Forbidden (CSRF token missing or incorrect.): /admin/login/
Not Found: /cgi-bin/ViewLog.asp
Forbidden (CSRF token missing or incorrect.): /admin/login/
Forbidden (CSRF token missing or incorrect.): /admin/login/
Forbidden (CSRF token missing or incorrect.): /admin/login/
Not Found: /favicon.ico
Forbidden (CSRF token missing or incorrect.): /admin/login/
Forbidden (CSRF token missing or incorrect.): /admin/login/
Forbidden (CSRF token missing or incorrect.): /admin/login/
Forbidden (CSRF token missing or incorrect.): /admin/login/
Forbidden (CSRF token missing or incorrect.): /admin/login/
Forbidden (CSRF token missing or incorrect.): /admin/login/
Forbidden (CSRF token missing or incorrect.): /admin/login/
Forbidden (CSRF token missing or incorrect.): /admin/login/
Forbidden (CSRF token missing or incorrect.): /admin/login/
Forbidden (CSRF token missing or incorrect.): /admin/login/
Forbidden (CSRF token missing or incorrect.): /admin/login/
Forbidden (CSRF token missing or incorrect.): /admin/login/
Forbidden (CSRF token missing or incorrect.): /admin/login/
Forbidden (CSRF token missing or incorrect.): /admin/login/
Not Found: /favicon.ico
Forbidden (CSRF token missing or incorrect.): /admin/login/
Forbidden (CSRF token missing or incorrect.): /admin/login/
Forbidden (CSRF token missing or incorrect.): /admin/login/
Forbidden (CSRF token missing or incorrect.): /admin/login/
Forbidden (CSRF token missing or incorrect.): /admin/login/
Forbidden (CSRF token missing or incorrect.): /admin/login/
Forbidden (CSRF token missing or incorrect.): /admin/login/
Forbidden (CSRF token missing or incorrect.): /admin/login/
Forbidden (CSRF token missing or incorrect.): /admin/login/
Forbidden (CSRF token missing or incorrect.): /admin/login/
Forbidden (CSRF token missing or incorrect.): /admin/login/
Forbidden (CSRF token missing or incorrect.): /admin/login/
Forbidden (CSRF token missing or incorrect.): /admin/login/
Forbidden (CSRF token missing or incorrect.): /admin/login/
Forbidden (CSRF token missing or incorrect.): /admin/login/
Forbidden (CSRF token missing or incorrect.): /admin/login/
Forbidden (CSRF token missing or incorrect.): /admin/login/
Forbidden (CSRF token missing or incorrect.): /admin/login/
Forbidden (CSRF token missing or incorrect.): /admin/login/
Forbidden (CSRF token missing or incorrect.): /admin/login/
Forbidden (CSRF token missing or incorrect.): /admin/login/
Forbidden (CSRF token missing or incorrect.): /admin/login/
Forbidden (CSRF token missing or incorrect.): /admin/login/
Not Found: /config/getuser
Forbidden (CSRF token missing or incorrect.): /admin/login/
Forbidden (CSRF token missing or incorrect.): /admin/login/
Forbidden (CSRF token missing or incorrect.): /admin/login/
Forbidden (CSRF token missing or incorrect.): /admin/login/
Forbidden (CSRF token missing or incorrect.): /admin/login/
Forbidden (CSRF token missing or incorrect.): /admin/login/
Forbidden (CSRF token missing or incorrect.): /admin/login/
Forbidden (CSRF token missing or incorrect.): /admin/login/
Forbidden (CSRF token missing or incorrect.): /admin/login/
Not Found: /cgi-bin/ViewLog.asp
Forbidden (CSRF token missing or incorrect.): /admin/login/
Forbidden (CSRF token missing or incorrect.): /admin/login/
Forbidden (CSRF token missing or incorrect.): /admin/login/
Forbidden (CSRF token missing or incorrect.): /admin/login/
Forbidden (CSRF token missing or incorrect.): /admin/login/
Forbidden (CSRF token missing or incorrect.): /admin/login/
Not Found: /favicon.ico
Forbidden (CSRF token missing or incorrect.): /admin/login/
Forbidden (CSRF token missing or incorrect.): /admin/login/
Forbidden (CSRF token missing or incorrect.): /admin/login/
Forbidden (CSRF token missing or incorrect.): /admin/login/
Forbidden (CSRF token missing or incorrect.): /admin/login/
Forbidden (CSRF token missing or incorrect.): /admin/login/
Forbidden (CSRF token missing or incorrect.): /admin/login/
Not Found: /cgi-bin/ViewLog.asp
Not Found: /favicon.ico
Not Found: /boaform/admin/formLogin
Not Found: /setup.cgi
Not Found: /cgi-bin/ViewLog.asp
Not Found: /cgi-bin/ViewLog.asp
Not Found: /owa/auth/x.js
Not Found: /owa/auth/logon.aspx
Not Found: /config/getuser
Not Found: /favicon.ico
Not Found: /robots.txt
Not Found: /cgi-bin/ViewLog.asp
Not Found: /Ueditor/net/controller.ashx
Not Found: /install/index.php.bak
Not Found: /Ueditor/controller.ashx
Not Found: /Ueditor/net/controller.ashx
Not Found: /FCKeditor/editor/filemanager/connectors/asp/connector.asp
Not Found: /user.php
Not Found: /fdgq.php
Not Found: /user.php
Not Found: /ysyqq.php
Not Found: /e/aspx/upload.aspx
Not Found: /index.php
Not Found: /vjhan.php
Not Found: /index.php/Home/Uploadify/preview
Not Found: /index.php
Not Found: /SiteServer/Ajax/ajaxOtherService.aspx
Not Found: /index.php
Not Found: /wxapp.php
Not Found: /wxapp.php
Not Found: /search.asp
Not Found: /vjhan.php
Not Found: /SiteServer/Ajax/ajaxOtherService.aspx
Not Found: /Ueditor/controller.ashx
Not Found: /index.php
Not Found: /ysyqq.php
Not Found: /e/aspx/upload.aspx
Not Found: /wxapp.php
Not Found: /search.asp
Not Found: /version
Not Found: /wp-content/uploads/wp-stream.php
Not Found: /wp-blockdown.php
Not Found: /wp-content/uploads/wp-blockdown.php
Not Found: /wp-beckup.php
Not Found: /wp-blog-post.php
Not Found: /wp-blockup.php
Not Found: /wp-stream.php
Not Found: /wp-content/uploads/wp-blockup.php
Not Found: /boaform/admin/formLogin
Not Found: /wp-beckup.php
Not Found: /boaform/admin/formLogin
Not Found: /cgi-bin/ViewLog.asp
Not Found: /cgi-bin/ViewLog.asp
Not Found: /cgi-bin/ViewLog.asp
Not Found: /cgi-bin/ViewLog.asp
Not Found: /favicon.ico
Not Found: /cgi-bin/ViewLog.asp
Not Found: /config/getuser
Not Found: /.env
Forbidden (CSRF cookie not set.): /
Not Found: /.env
Forbidden (CSRF cookie not set.): /
Not Found: /mgmt/tm/util/bash
Not Found: /.env
Forbidden (CSRF cookie not set.): /
Not Found: /mgmt/tm/util/bash
Not Found: /cgi-bin/ViewLog.asp
Not Found: /actuator/health
Not Found: /.env
Forbidden (CSRF cookie not set.): /
Not Found: /.env
Forbidden (CSRF cookie not set.): /
Not Found: /robots.txt
Not Found: /sitemap.xml
Not Found: /robots.txt
Not Found: /sitemap.xml
Not Found: /robots.txt
Not Found: /credentials/.env
Not Found: /credentials/.env
Not Found: /xampp/phpinfo.php
Not Found: /config/getuser
Not Found: /jsFunction.jsp
Not Found: /login.htm
Not Found: /.environments
Not Found: /.environments
Not Found: /.environments
Not Found: /wp-includes/wlwmanifest.xml
Not Found: /xmlrpc.php
Not Found: /blog/wp-includes/wlwmanifest.xml
Not Found: /web/wp-includes/wlwmanifest.xml
Not Found: /wordpress/wp-includes/wlwmanifest.xml
Not Found: /website/wp-includes/wlwmanifest.xml
Not Found: /wp/wp-includes/wlwmanifest.xml
Not Found: /news/wp-includes/wlwmanifest.xml
Not Found: /2020/wp-includes/wlwmanifest.xml
Not Found: /2019/wp-includes/wlwmanifest.xml
Not Found: /shop/wp-includes/wlwmanifest.xml
Not Found: /wp1/wp-includes/wlwmanifest.xml
Not Found: /test/wp-includes/wlwmanifest.xml
Not Found: /wp2/wp-includes/wlwmanifest.xml
Not Found: /site/wp-includes/wlwmanifest.xml
Not Found: /cms/wp-includes/wlwmanifest.xml
Not Found: /sito/wp-includes/wlwmanifest.xml
Not Found: /mgmt/tm/util/bash
Not Found: /favicon.ico
Not Found: /boaform/admin/formLogin
Not Found: /owa/auth/logon.aspx
Not Found: /boaform/admin/formLogin
Not Found: /robots.txt
Not Found: /favicon.ico
Not Found: /robots.txt
Not Found: /.git/config
Not Found: /boaform/admin/formLogin
Not Found: /.env
Not Found: /index.php
Not Found: /favicon.ico
Not Found: /.aws/credentials
Not Found: /favicon.ico
Not Found: /robots.txt
Not Found: /favicon.ico
Not Found: /boaform/admin/formLogin
Not Found: /cgi-bin/ViewLog.asp
Not Found: /robots.txt
Not Found: /mifs/.;/services/LogService
Not Found: /Ueditor/net/controller.ashx
Not Found: /Ueditor/net/controller.ashx
Not Found: /install/index.php.bak
Not Found: /install/index.php.bak
Not Found: /Ueditor/controller.ashx
Not Found: /Ueditor/controller.ashx
Not Found: /Ueditor/net/controller.ashx
Not Found: /Ueditor/net/controller.ashx
Not Found: /FCKeditor/editor/filemanager/connectors/asp/connector.asp
Not Found: /FCKeditor/editor/filemanager/connectors/asp/connector.asp
Not Found: /user.php
Not Found: /fdgq.php
Not Found: /user.php
Not Found: /fdgq.php
Not Found: /fckeditor/editor/filemanager/connectors/php/connector.php
Not Found: /user.php
Not Found: /ysyqq.php
Not Found: /fckeditor/editor/filemanager/connectors/php/connector.php
Not Found: /user.php
Not Found: /ysyqq.php
Not Found: /e/aspx/upload.aspx
Not Found: /index.php
Not Found: /e/aspx/upload.aspx
Not Found: /index.php
Not Found: /index.php/Home/Uploadify/preview
Not Found: /index.php
Not Found: /SiteServer/Ajax/ajaxOtherService.aspx
Not Found: /index.php/Home/Uploadify/preview
Not Found: /index.php
Not Found: /SiteServer/Ajax/ajaxOtherService.aspx
Not Found: /wxapp.php
Not Found: /wxapp.php
Not Found: /wxapp.php
Not Found: /search.asp
Not Found: /wxapp.php
Not Found: /search.asp
Not Found: /favicon.ico
Not Found: /_ignition/execute-solution
Not Found: /script
Not Found: /jenkins/login
Not Found: /manager/html
Not Found: /phpmyadmin/index.php
Not Found: /pmd/index.php
Not Found: /phpmyadmin4.8.5/index.php
Not Found: /boaform/admin/formLogin
Not Found: /pmd/index.php
Not Found: /phpmyadmin/index.php
Not Found: /phpmyadmin4.8.5/index.php
Not Found: /about_state
Not Found: /owa/auth/x.js
Not Found: /ecp/Current/exporttool/microsoft.exchange.ediscovery.exporttool.application
Not Found: /portal/redlion
Not Found: /actuator/health
Not Found: /portal/redlion
Not Found: /actuator/health
Not Found: /favicon.ico
Not Found: /boaform/admin/formLogin
Not Found: /favicon.ico
Not Found: /vendor/phpunit/phpunit/src/Util/PHP/eval-stdin.php
Not Found: /.env
Not Found: /not_found_ananananan
Not Found: /favicon.ico
Not Found: /favicon.ico
Not Found: /not_found_ananananan
Not Found: /vendor/phpunit/phpunit/src/Util/PHP/eval-stdin.php
Not Found: /config/getuser
Not Found: /solr/admin/info/system
Not Found: /solr/admin/info/system
Not Found: /cgi-bin/ViewLog.asp
Not Found: /index.php
Not Found: /favicon.ico
Not Found: /remote/fgt_lang
Not Found: /boaform/admin/formLogin
Not Found: /boaform/admin/formLogin
Not Found: /console/
Not Found: /cgi-bin/ViewLog.asp
Not Found: /console/
Not Found: /boaform/admin/formLogin
Not Found: /WuEL
Not Found: /a
Not Found: /download/file.ext
Not Found: /SiteLoader
Not Found: /mPlayer
Not Found: /.git/config
Not Found: /.git/config
Not Found: /Autodiscover/Autodiscover.xml
Not Found: /_ignition/execute-solution
Not Found: /_ignition/execute-solution
Not Found: /cgi-bin/ViewLog.asp
Not Found: /cgi-bin/ViewLog.asp
Not Found: /ab2g
Not Found: /ab2h
Not Found: /remote/fgt_lang
Not Found: /wp-login.php
Not Found: /cgi-bin/ViewLog.asp
Not Found: /phpmyadmin/index.php
Not Found: /index.php
Not Found: /vendor/phpunit/phpunit/src/Util/PHP/eval-stdin.php
Not Found: /vendor/phpunit/phpunit/src/Util/PHP/eval-stdin.php
Not Found: /.DS_Store
Not Found: /favicon.ico
Not Found: /robots.txt
Not Found: /favicon.ico
Not Found: /favicon.ico
Not Found: /actuator/gateway/routes
Not Found: /favicon.ico
Not Found: /cgi-bin/ViewLog.asp
Not Found: /robots.txt
Not Found: /cgi-bin/ViewLog.asp
Not Found: /cgi-bin/ViewLog.asp
Not Found: /vendor/phpunit/phpunit/src/Util/PHP/eval-stdin.php
Not Found: /cgi-bin/ViewLog.asp
Not Found: /cgi-bin/ViewLog.asp
Not Found: /owa/auth/logon.aspx
Not Found: /favicon.ico
Not Found: /vendor/phpunit/phpunit/src/Util/PHP/eval-stdin.php
Not Found: /.env
Forbidden (CSRF cookie not set.): /
Not Found: /favicon.ico
Not Found: /index.php
Not Found: /favicon.ico
Not Found: /config/getuser
Not Found: /cgi-bin/ViewLog.asp
Not Found: /cgi-bin/ViewLog.asp
Not Found: /owa/
Not Found: /sitemap.xml
Not Found: /robots.txt
Not Found: /robots.txt
Not Found: /sitemap.xml
Not Found: /cgi-bin/ViewLog.asp
Not Found: /ab2g
Not Found: /ab2h
Not Found: /vendor/phpunit/phpunit/src/Util/PHP/eval-stdin.php
Not Found: /vendor/phpunit/phpunit/src/Util/PHP/eval-stdin.php
Not Found: /favicon.ico
Not Found: /favicon.ico
Not Found: /favicon.ico
Not Found: /vendor/phpunit/phpunit/src/Util/PHP/eval-stdin.php
Not Found: /webfig/
Not Found: /owa/auth/x.js
Not Found: /ecp/Current/exporttool/microsoft.exchange.ediscovery.exporttool.application
Not Found: /owa/auth/logon.aspx
Not Found: /webfig/
Not Found: /favicon.ico
Not Found: /solr/admin/info/system
Not Found: /cgi-bin/ViewLog.asp
Not Found: /cgi-bin/ViewLog.asp
Not Found: /.env
Forbidden (CSRF cookie not set.): /
Not Found: /index.php
Not Found: /setup.cgi
Not Found: /cgi-bin/ViewLog.asp
Not Found: /favicon.ico
Not Found: /console/
Not Found: /favicon.ico
Not Found: /favicon.ico
Not Found: /_ignition/execute-solution
Not Found: /script
Not Found: /jenkins/login
Not Found: /manager/html
Not Found: /favicon.ico
Not Found: /Autodiscover/Autodiscover.xml
Not Found: /cgi-bin/ViewLog.asp
Not Found: /wp-login.php
Not Found: /_ignition/execute-solution
Not Found: /wp-login.php
Not Found: /robots.txt
Not Found: /sitemap.xml
Not Found: /.well-known/security.txt
Not Found: /favicon.ico
Not Found: /cgi-bin/ViewLog.asp
Not Found: /robots.txt
Not Found: /webfig/
Not Found: /cgi-bin/ViewLog.asp
Not Found: /.env
Forbidden (CSRF cookie not set.): /
Not Found: /.env
Forbidden (CSRF cookie not set.): /
Not Found: /vendor/phpunit/phpunit/src/Util/PHP/eval-stdin.php
Not Found: /vendor/phpunit/phpunit/src/Util/PHP/eval-stdin.php
Not Found: /cgi-bin/ViewLog.asp
Not Found: /index.php
Not Found: /static/semantic/dist/semantic.min.js
Not Found: /cgi-bin/ViewLog.asp
Not Found: /cgi-bin/ViewLog.asp
Not Found: /mifs/.;/services/LogService
Not Found: /owa/auth/logon.aspx
Not Found: /phpmyadmin/index.php
Not Found: /favicon.ico
Not Found: /cgi-bin/ViewLog.asp
Not Found: /robots.txt
Not Found: /sitemap.xml
Not Found: /.well-known/security.txt
Not Found: /favicon.ico
Not Found: /mgmt/tm/util/bash
Not Found: /mgmt/tm/util/bash
Not Found: /cgi-bin/ViewLog.asp
Not Found: /cgi-bin/ViewLog.asp
Not Found: /static/semantic/dist/semantic.min.js
Not Found: /solr/
Not Found: /cgi-bin/ViewLog.asp
Not Found: /cgi-bin/ViewLog.asp
Not Found: /solr/
Not Found: /solr/
Not Found: /cgi-bin/ViewLog.asp
Not Found: /cgi-bin/ViewLog.asp
Not Found: /cgi-bin/ViewLog.asp
Not Found: /cgi-bin/ViewLog.asp
Not Found: /cgi-bin/ViewLog.asp
Not Found: /cgi-bin/ViewLog.asp
Not Found: /cgi-bin/ViewLog.asp
Not Found: /.env
Forbidden (CSRF cookie not set.): /
Not Found: /favicon.ico
Not Found: /favicon.ico
Not Found: /favicon.ico
Not Found: /favicon.ico
Not Found: /favicon.ico
Not Found: /owa/auth/x.js
Not Found: /ecp/Current/exporttool/microsoft.exchange.ediscovery.exporttool.application
Not Found: /config/getuser
Not Found: /robots.txt
Not Found: /favicon.ico
Not Found: /version
Not Found: /actuator/gateway/routes
Not Found: /wp-login.php
Not Found: /cgi-bin/ViewLog.asp
Not Found: /boaform/admin/formLogin
Not Found: /vendor/phpunit/phpunit/src/Util/PHP/eval-stdin.php
Not Found: /favicon.ico
Not Found: /favicon.ico
Not Found: /.aws/credentials
Not Found: /.aws/credentials
Not Found: /config/getuser
Not Found: /vendor/phpunit/phpunit/src/Util/PHP/eval-stdin.php
Not Found: /cgi-bin/ViewLog.asp
Not Found: /cgi-bin/ViewLog.asp
Not Found: /favicon.ico
Not Found: /wp-login.php
Not Found: /cgi-bin/ViewLog.asp
Not Found: /BLOG/
Not Found: /index.php
Not Found: /ab2g
Not Found: /ab2h
Not Found: /config/getuser
Not Found: /cgi-bin/ViewLog.asp
Not Found: /cgi-bin/ViewLog.asp
Not Found: /beacon.http-get
Not Found: /beacon.http-get
Forbidden (CSRF cookie not set.): /
Not Found: /mifs/.;/services/LogService
Not Found: /owa/auth/logon.aspx
Not Found: /robots.txt
Not Found: /atom.xml
Not Found: /config/getuser
Not Found: /sitemap.xml.gz
Not Found: /sitemap.txt
Not Found: /.env
Not Found: /config/getuser
Not Found: /sitemap_index.xml
Not Found: /sitemaps.xml
Not Found: /sitemap.xml
Not Found: /boaform/admin/formLogin
Not Found: /wp-includes/wlwmanifest.xml
Not Found: /xmlrpc.php
Not Found: /blog/wp-includes/wlwmanifest.xml
Not Found: /web/wp-includes/wlwmanifest.xml
Not Found: /wordpress/wp-includes/wlwmanifest.xml
Not Found: /website/wp-includes/wlwmanifest.xml
Not Found: /wp/wp-includes/wlwmanifest.xml
Not Found: /news/wp-includes/wlwmanifest.xml
Not Found: /2020/wp-includes/wlwmanifest.xml
Not Found: /2019/wp-includes/wlwmanifest.xml
Not Found: /shop/wp-includes/wlwmanifest.xml
Not Found: /wp1/wp-includes/wlwmanifest.xml
Not Found: /test/wp-includes/wlwmanifest.xml
Not Found: /wp2/wp-includes/wlwmanifest.xml
Not Found: /site/wp-includes/wlwmanifest.xml
Not Found: /cms/wp-includes/wlwmanifest.xml
Not Found: /sito/wp-includes/wlwmanifest.xml
Not Found: /robots.txt
Not Found: /manager/text/list
Not Found: /manager/text/list
Not Found: /manager/html
Not Found: /boaform/admin/formLogin
Not Found: /manager/html
Not Found: /boaform/admin/formLogin
Not Found: /cgi-bin/ViewLog.asp
Not Found: /.env
Not Found: /.env
Not Found: /.env
Not Found: /favicon.ico
Not Found: /owa/auth/x.js
Not Found: /404/search_children.js
Not Found: /ecp/Current/exporttool/microsoft.exchange.ediscovery.exporttool.application
Not Found: /owa/auth/logon.aspx
Not Found: /hudson
Not Found: /.env
Forbidden (CSRF cookie not set.): /
Forbidden (CSRF cookie not set.): /
Not Found: /favicon.ico
Not Found: /cgi-bin/ViewLog.asp
Not Found: /.env
Forbidden (CSRF cookie not set.): /
Not Found: /boaform/admin/formLogin
Not Found: /cgi-bin/admin_console.cgi
Not Found: /cgi-bin/ViewLog.asp
Not Found: /cgi-bin/ViewLog.asp
Not Found: /favicon.ico
Not Found: /favicon.ico
Not Found: /cgi-bin/ViewLog.asp
Not Found: /cgi-bin/ViewLog.asp
Not Found: /vendor/phpunit/phpunit/src/Util/PHP/eval-stdin.php
Not Found: /robots.txt
Not Found: /.env
Forbidden (CSRF cookie not set.): /
Forbidden (CSRF cookie not set.): /
Not Found: /vendor/phpunit/phpunit/src/Util/PHP/eval-stdin.php
Not Found: /index.php
Not Found: /shell
Not Found: /favicon.ico
Not Found: /sitemap.xml
Not Found: /robots.txt
Not Found: /favicon.ico
Not Found: /sitemap.xml
Not Found: /robots.txt
Not Found: /favicon.ico
Not Found: /sitemap.xml
Not Found: /robots.txt
Not Found: /mgmt/tm/util/bash
Not Found: /cgi-bin/ViewLog.asp
Not Found: /cgi-bin/ViewLog.asp
Not Found: /mifs/.;/services/LogService
Not Found: /config/getuser
Not Found: /atom.xml
Not Found: /robots.txt
Not Found: /atom.xml
Not Found: /sitemap.xml.gz
Not Found: /sitemap.txt
Not Found: /cgi-bin/ViewLog.asp
Not Found: /cgi-bin/ViewLog.asp
Not Found: /config/getuser
Not Found: /sitemap_index.xml
Not Found: /sitemap_index.xml
Not Found: /sitemaps.xml
Not Found: /sitemap.xml
Not Found: /boaform/admin/formLogin
Not Found: /favicon.ico
Not Found: /favicon.ico
Not Found: /owa/auth/logon.aspx
Not Found: /sitemap.txt
Not Found: /cgi-bin/ViewLog.asp
Not Found: /vendor/phpunit/phpunit/src/Util/PHP/eval-stdin.php
Not Found: /boaform/admin/formLogin
Not Found: /vendor/phpunit/phpunit/src/Util/PHP/eval-stdin.php
Not Found: /solr/admin/info/system
Not Found: /solr/admin/info/system
Not Found: /index.php
Not Found: /config/getuser
Not Found: /dns-query
Not Found: /dns-query
Not Found: /dns-query
Not Found: /dns-query
Not Found: /query
Not Found: /query
Not Found: /query
Not Found: /query
Not Found: /resolve
Not Found: /resolve
Not Found: /resolve
Not Found: /resolve
Forbidden (CSRF cookie not set.): /
Forbidden (CSRF cookie not set.): /
Not Found: /cgi-bin/ViewLog.asp
Not Found: /cgi-bin/ViewLog.asp
Not Found: /cgi-bin/ViewLog.asp
Not Found: /showLogin.cc
Not Found: /shell
Not Found: /config/getuser
Not Found: /robots.txt
Not Found: /.well-known/assetlinks.json
Not Found: /favicon.ico
Not Found: /console/
Not Found: /Autodiscover/Autodiscover.xml
Not Found: /.env
Not Found: /cgi-bin/ViewLog.asp
Not Found: /boaform/admin/formLogin
Not Found: /cgi-bin/ViewLog.asp
Not Found: /_ignition/execute-solution
Not Found: /favicon.ico
Not Found: /cgi-bin/ViewLog.asp
Not Found: /cgi-bin/ViewLog.asp
Not Found: /.aws/credentials
Not Found: /favicon.ico
Not Found: /owa/auth/x.js
Not Found: /owa/auth/logon.aspx
Not Found: /boaform/admin/formLogin
Not Found: /actuator/gateway/routes
Not Found: /ajaxjquery/jquery.js
Not Found: /remote/fgt_lang
Not Found: /robots.txt
Not Found: /sitemap.xml
Not Found: /.well-known/security.txt
Not Found: /cgi-bin/ViewLog.asp
Not Found: /config/getuser
Not Found: /cgi-bin/ViewLog.asp
Not Found: /vendor/phpunit/phpunit/src/Util/PHP/eval-stdin.php
Not Found: /robots.txt
Not Found: /sitemap.xml
Not Found: /.well-known/security.txt
Not Found: /favicon.ico
Not Found: /cgi-bin/ViewLog.asp
Not Found: /.git/config
Not Found: /showLogin.cc
Not Found: /boaform/admin/formLogin
Not Found: /vendor/phpunit/phpunit/src/Util/PHP/eval-stdin.php
Not Found: /atom.xml
Not Found: /atom.xml
Not Found: /.env
Not Found: /sitemap.xml.gz
Not Found: /sitemap.txt
Not Found: /wp-includes/wlwmanifest.xml
Not Found: /xmlrpc.php
Not Found: /blog/wp-includes/wlwmanifest.xml
Not Found: /web/wp-includes/wlwmanifest.xml
Not Found: /wordpress/wp-includes/wlwmanifest.xml
Not Found: /website/wp-includes/wlwmanifest.xml
Not Found: /wp/wp-includes/wlwmanifest.xml
Not Found: /news/wp-includes/wlwmanifest.xml
Not Found: /2020/wp-includes/wlwmanifest.xml
Not Found: /2019/wp-includes/wlwmanifest.xml
Not Found: /shop/wp-includes/wlwmanifest.xml
Not Found: /wp1/wp-includes/wlwmanifest.xml
Not Found: /test/wp-includes/wlwmanifest.xml
Not Found: /wp2/wp-includes/wlwmanifest.xml
Not Found: /site/wp-includes/wlwmanifest.xml
Not Found: /cms/wp-includes/wlwmanifest.xml
Not Found: /sito/wp-includes/wlwmanifest.xml
Not Found: /xmlrpc.php
Not Found: /wp-login.php
Not Found: /index.php
Not Found: /.git/config
Not Found: /publish.htm
Not Found: /sitemap_index.xml
Not Found: /publish.htm
Not Found: /sitemap_index.xml
Not Found: /sitemap.xml
Not Found: /sitemaps.xml
Not Found: /.env
Forbidden (CSRF cookie not set.): /
Not Found: /atom.xml
Not Found: /boaform/admin/formLogin
Not Found: /cgi-bin/ViewLog.asp
Not Found: /cgi-bin/ViewLog.asp
Not Found: /sitemap_index.xml
Not Found: /robots.txt
Not Found: /sitemap.xml
Not Found: /.well-known/security.txt
Not Found: /favicon.ico
Not Found: /wp-login.php
Not Found: /favicon.ico
Not Found: /favicon.ico
Not Found: /boaform/admin/formLogin
Not Found: /vendor/phpunit/phpunit/src/Util/PHP/eval-stdin.php
Not Found: /cgi-bin/ViewLog.asp
Not Found: /owa/auth/logon.aspx
Not Found: /config/getuser
Not Found: /stalker_portal/server/tools/auth_simple.php
Not Found: /stalker_portal/server/tools/auth_simple.php
Not Found: /vendor/phpunit/phpunit/src/Util/PHP/eval-stdin.php
Not Found: /index.php
Not Found: /phpmyadmin/index.php
Not Found: /phpmyadmin/index.php
Not Found: /solr/admin/info/system
Not Found: /index.php
Not Found: /ReportServer
Not Found: /cgi-bin/ViewLog.asp
Not Found: /console/
Not Found: /console/
Not Found: /Autodiscover/Autodiscover.xml
Not Found: /boaform/admin/formLogin
Not Found: /shell
Not Found: /robots.txt
Not Found: /humans.txt
Not Found: /ads.txt
Not Found: /robots.txt
Not Found: /sitemap.xml.gz
Not Found: /favicon.ico
Not Found: /_ignition/execute-solution
Not Found: /atom.xml
Not Found: /atom.xml
Not Found: /sitemap_index.xml
Not Found: /sitemap.txt
Not Found: /sitemap_index.xml
Not Found: /actuator/health
Not Found: /robots.txt
Not Found: /robots.txt
Not Found: /sitemaps.xml
Not Found: /sitemap.xml
Not Found: /HNAP1/
Not Found: /boaform/admin/formLogin
Not Found: /config/getuser
Not Found: /actuator/gateway/routes
Not Found: /shell
Not Found: /atom.xml
Not Found: /index/upload/&ss=fb&rt=PKUPiano+Sound+Library!&cd=KhM2NzQ2NzIxMTMyMTg4ODQ0ODc2Mhw1NDk3NmJmYzhjNTg0MmEwOmNvbTplbjpVUzpM&ssp=AMJHsmXYNU6nnpGkSqEo-b8fwUs2ITA6zQ
Not Found: /index/upload/&ct=ga&cd=CAEYACoTNjc0NjcyMTEzMjE4ODg0NDg3NjIcNTQ5NzZiZmM4YzU4NDJhMDpjb206ZW46VVM6TA&usg=AOvVaw2sxTjcY6twgNXel5p-z1nB
Not Found: /owa/auth/x.js
Not Found: /index/upload/&ss=fb&rt=PKUPiano+Sound+Library!&cd=KhM2NzQ2NzIxMTMyMTg4ODQ0ODc2Mhw1NDk3NmJmYzhjNTg0MmEwOmNvbTplbjpVUzpM&ssp=AMJHsmXYNU6nnpGkSqEo-b8fwUs2ITA6zQ
Not Found: /index/upload/&ss=tw&rt=PKUPiano+Sound+Library!&cd=KhM2NzQ2NzIxMTMyMTg4ODQ0ODc2Mhw1NDk3NmJmYzhjNTg0MmEwOmNvbTplbjpVUzpM&ssp=AMJHsmXYNU6nnpGkSqEo-b8fwUs2ITA6zQ
Not Found: /index/upload/&source=alertsmail&hl=en&gl=US&msgid=Njc0NjcyMTEzMjE4ODg0NDg3Ng&s=AB2Xq4iw8dFA4u-hBpm7I6M9y02Ku2eYOxuH_k0
Not Found: /index/upload/&ct=ga&cd=CAEYACoTNjc0NjcyMTEzMjE4ODg0NDg3NjIcNTQ5NzZiZmM4YzU4NDJhMDpjb206ZW46VVM6TA&usg=AOvVaw2sxTjcY6twgNXel5p-z1nB
Not Found: /favicon.ico
Not Found: /index/upload/&ss=tw&rt=PKUPiano+Sound+Library!&cd=KhM2NzQ2NzIxMTMyMTg4ODQ0ODc2Mhw1NDk3NmJmYzhjNTg0MmEwOmNvbTplbjpVUzpM&ssp=AMJHsmXYNU6nnpGkSqEo-b8fwUs2ITA6zQ
Not Found: /index/upload/&source=alertsmail&hl=en&gl=US&msgid=Njc0NjcyMTEzMjE4ODg0NDg3Ng&s=AB2Xq4iw8dFA4u-hBpm7I6M9y02Ku2eYOxuH_k0
Not Found: /boaform/admin/formLogin
Not Found: /cgi-bin/ViewLog.asp
Not Found: /vendor/phpunit/phpunit/src/Util/PHP/eval-stdin.php
Not Found: /favicon.ico
Not Found: /version
Not Found: /vendor/phpunit/phpunit/src/Util/PHP/eval-stdin.php
Not Found: /robots.txt
Not Found: /sitemap.xml
Not Found: /.well-known/security.txt
Not Found: /favicon.ico
Not Found: /c/
Not Found: /c/
Not Found: /favicon.ico
Not Found: /index.php
Not Found: /.aws/credentials
Not Found: /config/getuser
Not Found: /boaform/admin/formLogin
Not Found: /wp-login.php
Not Found: /sitemaps.xml
Not Found: /cgi-bin/ViewLog.asp
Not Found: /boaform/admin/formLogin
Not Found: /.env
Not Found: /.env
Not Found: /robots.txt
Not Found: /.env
Forbidden (CSRF cookie not set.): /
Not Found: /favicon.ico
Not Found: /.env
Forbidden (CSRF cookie not set.): /
Not Found: /boaform/admin/formLogin
Not Found: /.env
Not Found: /vendor/phpunit/phpunit/src/Util/PHP/eval-stdin.php
Not Found: /cgi-bin/ViewLog.asp
Not Found: /favicon.ico
Not Found: /vendor/phpunit/phpunit/src/Util/PHP/eval-stdin.php
Not Found: /invoker/readonly
Not Found: /_ignition/execute-solution
Not Found: /vendor/phpunit/phpunit/src/Util/PHP/eval-stdin.php
Not Found: /script
Not Found: /jenkins/login
Not Found: /manager/html
Not Found: /manager/html
Not Found: /_ignition/execute-solution
Not Found: /script
Not Found: /config/getuser
Not Found: /solr/admin/info/system
Not Found: /index.php
Not Found: /cgi-bin/ViewLog.asp
Not Found: /config/getuser
Not Found: /favicon.ico
Not Found: /owa/auth/logon.aspx
Not Found: /console/
Not Found: /.env
Forbidden (CSRF cookie not set.): /
Not Found: /.env
Forbidden (CSRF cookie not set.): /
Not Found: /Autodiscover/Autodiscover.xml
Not Found: /favicon.ico
Not Found: /system_api.php
Not Found: /c/version.js
Not Found: /c/version.js
Not Found: /streaming/clients_live.php
Not Found: /streaming/clients_live.php
Not Found: /stalker_portal/c/version.js
Not Found: /stalker_portal/c/version.js
Not Found: /stream/live.php
Not Found: /stream/live.php
Not Found: /flu/403.html
Not Found: /flu/403.html
Not Found: /system_api.php
Not Found: /stream/live.php
Not Found: /_ignition/execute-solution
Not Found: /wp-login.php
Not Found: /wordpress/wp-login.php
Not Found: /blog/wp-login.php
Not Found: /wp/wp-login.php
Not Found: /index/about/&ss=tw&rt=PKUPiano+Sound+Library!&cd=KhQxNTk1NjE4NzcxNDc3NjQ0MTM1NjIcNTQ5NzZiZmM4YzU4NDJhMDpjb206ZW46VVM6TA&ssp=AMJHsmXUrSuweeg_og544ZzoFNdNF32ZpQ
Not Found: /favicon.ico
Not Found: /boaform/admin/formLogin
Not Found: /boaform/admin/formLogin
Not Found: /favicon.ico
Not Found: /favicon.ico
Not Found: /favicon.ico
Not Found: /soft/77435.html
Not Found: /actuator/gateway/routes
Not Found: /boaform/admin/formLogin
Not Found: /cgi-bin/ViewLog.asp
Not Found: /robots.txt
Not Found: /cgi-bin/ViewLog.asp
Not Found: /favicon.ico
Not Found: /scripts/WPnBr.dll
Not Found: /nmaplowercheck1658393755
Not Found: /iSLT
Not Found: /Portal/Portal.mwsl
Not Found: /HNAP1
Not Found: /docs/cplugError.html/
Not Found: /pools/default/buckets
Not Found: /zG5f
Not Found: /pools
Not Found: /CSS/Miniweb.css
Not Found: /default.asp
Not Found: /default.asp
Not Found: /pools/default/buckets
Not Found: /favicon.ico
Not Found: /sdk
Not Found: /home.php
Not Found: /Portal0000.htm
Not Found: /HNAP1
Not Found: /menu.jhtml
Not Found: /__Additional
Not Found: /scripts/WPnBr.dll
Not Found: /docs/cplugError.html/
Not Found: /nmaplowercheck1658393755
Not Found: /__Additional
Not Found: /Portal/Portal.mwsl
Not Found: /iSLT
Not Found: /Portal0000.htm
Not Found: /home.php
Not Found: /default.asp
Not Found: /HNAP1
Not Found: /menu.jhtml
Not Found: /pools
Not Found: /scripts/WPnBr.dll
Not Found: /pools/default/buckets
Not Found: /favicon.ico
Not Found: /vendor/phpunit/phpunit/src/Util/PHP/eval-stdin.php
Not Found: /boaform/admin/formLogin
Not Found: /owa/auth/logon.aspx
Not Found: /favicon.ico
Not Found: /vendor/phpunit/phpunit/src/Util/PHP/eval-stdin.php
Not Found: /portal/redlion
Not Found: /portal/redlion
Not Found: /cgi-bin/ViewLog.asp
Not Found: /hudson
Not Found: /favicon.ico
Not Found: /proxychecker/index.php
Not Found: /cgi-bin/ViewLog.asp
Not Found: /favicon.ico
Not Found: /cgi-bin/ViewLog.asp
Not Found: /cgi-bin/ViewLog.asp
Not Found: /favicon.ico
Not Found: /sitemap.xml
Not Found: /favicon.ico
Not Found: /sitemap.xml.gz
Not Found: /cgi-bin/ViewLog.asp
Not Found: /index.php
Not Found: /robots.txt
Not Found: /sitemap.xml.gz
Not Found: /favicon.ico
Not Found: /sitemaps.xml
Not Found: /atom.xml
Not Found: /sitemap.xml
Not Found: /wp-login.php
Not Found: /robots.txt
Not Found: /atom.xml
Not Found: /sitemap_index.xml
Not Found: /sitemap.txt
Not Found: /favicon.ico
Not Found: / /recording/4/
Not Found: / /recording/5/
Not Found: /sitemap.txt
Not Found: / /recording/4/
Not Found: / /recording/5/
Not Found: / /recording/4/
Not Found: / /recording/5/
Not Found: /favicon.ico
Not Found: /favicon.ico
Not Found: /boaform/admin/formLogin
Not Found: /sitemaps.xml
Not Found: /boaform/admin/formLogin
Not Found: /.env
Forbidden (CSRF cookie not set.): /
Not Found: /sitemap_index.xml
Not Found: /favicon.ico
Not Found: /config/getuser
Not Found: /mifs/.;/services/LogService
Not Found: /favicon.ico
Not Found: /favicon.ico
Not Found: /boaform/admin/formLogin
Not Found: /favicon.ico
Not Found: /cgi-bin/ViewLog.asp
Not Found: /favicon.ico
Not Found: /wp-login.php
Not Found: /favicon.ico
Not Found: /config/getuser
Not Found: /favicon.ico
Not Found: /cgi-bin/ViewLog.asp
Not Found: /favicon.ico
Not Found: /cgi-bin/ViewLog.asp
Not Found: /favicon.ico
Not Found: /actuator/health
Not Found: /sitemap.xml
Not Found: /robots.txt
Not Found: /robots.txt
Not Found: /sitemap.xml
Not Found: /favicon.ico
Not Found: /cgi-bin/ViewLog.asp
Not Found: /vendor/phpunit/phpunit/src/Util/PHP/eval-stdin.php
Not Found: /favicon.ico
Not Found: /boaform/admin/formLogin
Not Found: /vendor/phpunit/phpunit/src/Util/PHP/eval-stdin.php
Not Found: /solr/admin/info/system
Not Found: /favicon.ico
Not Found: /.env/credentials
Not Found: /.env/credentials
Not Found: /cgi-bin/ViewLog.asp
Not Found: /index.php
Not Found: /boaform/admin/formLogin
Not Found: /cgi-bin/ViewLog.asp
Not Found: /favicon.ico
Not Found: /mgmt/tm/util/bash
Not Found: /mgmt/tm/util/bash
Not Found: /cgi-bin/ViewLog.asp
Not Found: /favicon.ico
Not Found: /env/credentials
Not Found: /env/credentials
Not Found: /env/credentials
Not Found: /favicon.ico
Not Found: /owa/auth/logon.aspx
Not Found: /boaform/admin/formLogin
Not Found: /console/
Not Found: /Autodiscover/Autodiscover.xml
Not Found: /404/search_children.js
Not Found: /favicon.ico
Not Found: /_ignition/execute-solution
Not Found: /wp-includes/wlwmanifest.xml
Not Found: /xmlrpc.php
Not Found: /blog/wp-includes/wlwmanifest.xml
Not Found: /web/wp-includes/wlwmanifest.xml
Not Found: /wordpress/wp-includes/wlwmanifest.xml
Not Found: /website/wp-includes/wlwmanifest.xml
Not Found: /wp/wp-includes/wlwmanifest.xml
Not Found: /news/wp-includes/wlwmanifest.xml
Not Found: /2018/wp-includes/wlwmanifest.xml
Not Found: /2019/wp-includes/wlwmanifest.xml
Not Found: /shop/wp-includes/wlwmanifest.xml
Not Found: /wp1/wp-includes/wlwmanifest.xml
Not Found: /test/wp-includes/wlwmanifest.xml
Not Found: /media/wp-includes/wlwmanifest.xml
Not Found: /wp2/wp-includes/wlwmanifest.xml
Not Found: /site/wp-includes/wlwmanifest.xml
Not Found: /cms/wp-includes/wlwmanifest.xml
Not Found: /sito/wp-includes/wlwmanifest.xml
Not Found: /.env
Not Found: /favicon.ico
Not Found: /robots.txt
Not Found: /sitemap.xml
Not Found: /.well-known/security.txt
Not Found: /favicon.ico
Not Found: /favicon.ico
Not Found: /cgi-bin/ViewLog.asp
Not Found: /console/layui/layui.js
Not Found: /.aws/credentials
Not Found: /.aws/credentials
Not Found: /cgi-bin/ViewLog.asp
Not Found: /vendor/phpunit/phpunit/src/Util/PHP/eval-stdin.php
Not Found: /d/201ED61C-D10D-41EB-A493-CD144BF13E5B.xm
Not Found: /config/getuser
Not Found: /index.php
Not Found: /owa/auth/x.js
Not Found: /ecp/Current/exporttool/microsoft.exchange.ediscovery.exporttool.application
Not Found: /cgi-bin/ViewLog.asp
Not Found: /cgi-bin/ViewLog.asp
Not Found: /GponForm/diag_Form
Not Found: /index/timeline/0/index/timeline/0/
Not Found: /config/getuser
Not Found: / /recording/5/
Not Found: / /recording/4/
Not Found: /cgi-bin/ViewLog.asp
Not Found: /cgi-bin/ViewLog.asp
Not Found: /mifs/.;/services/LogService
Not Found: /config/getuser
Not Found: /cgi-bin/ViewLog.asp
Not Found: /cgi-bin/ViewLog.asp
Not Found: /.env
Not Found: /cgi-bin/ViewLog.asp
Not Found: /favicon.ico
Not Found: /cgi-bin/ViewLog.asp
Not Found: /favicon.ico
Not Found: /robots.txt
Not Found: /sitemap.xml
Not Found: /sitemap.xml.gz
Not Found: /cgi-bin/ViewLog.asp
Not Found: /vendor/phpunit/phpunit/src/Util/PHP/eval-stdin.php
Not Found: /wp-login.php
Not Found: /sitemap.xml.gz
Not Found: /cgi-bin/ViewLog.asp
Not Found: /aaa9
Not Found: /aab9
Not Found: /sitemaps.xml
Not Found: /cgi-bin/ViewLog.asp
Not Found: /vendor/phpunit/phpunit/src/Util/PHP/eval-stdin.php
Not Found: /.git/config
Not Found: /atom.xml
Not Found: /sitemap.xml
Not Found: /remote/fgt_lang
Not Found: /atom.xml
Not Found: /sitemap_index.xml
Not Found: /sitemap.txt
Not Found: /.env
Not Found: /aaa9
Not Found: /aab9
Not Found: /cgi-bin/ViewLog.asp
Not Found: /.env
Forbidden (CSRF cookie not set.): /
Not Found: /solr/admin/info/system
Not Found: /index.php
Not Found: /solr/admin/info/system
Not Found: /robots.txt
Not Found: /sitemap.txt
Not Found: /cgi-bin/ViewLog.asp
Not Found: /wp-plain.php
Not Found: /ALFA_DATA/alfacgiapi/perl.alfa
Not Found: /gbaeirfx.php
Not Found: /alfacgiapi/perl.alfa
Not Found: /wp-plain.php
Not Found: /ypwjpfhc.php
Not Found: /sitemaps.xml
Not Found: /boaform/admin/formLogin
Not Found: /wp-plain.php
Not Found: /alfacgiapi/perl.alfa
Not Found: /ALFA_DATA/alfacgiapi/perl.alfa
Not Found: /sitemap_index.xml
Not Found: /gbaeirfx.php
Not Found: /cgi-bin/ViewLog.asp
Not Found: /config/getuser
Not Found: /favicon.ico
Not Found: /robots.txt
Not Found: /.well-known/security.txt
Not Found: /console/
Not Found: /boaform/admin/formLogin
Not Found: /Autodiscover/Autodiscover.xml
Not Found: /mgmt/tm/util/bash
Not Found: /sdk
Not Found: /wp-login.php
Not Found: /_ignition/execute-solution
Not Found: /config/getuser
Not Found: /cgi-bin/ViewLog.asp
Not Found: /robots.txt
Not Found: /sitemap.xml
Not Found: /.well-known/security.txt
Not Found: /favicon.ico
Not Found: /cgi-bin/ViewLog.asp
Not Found: /robots.txt
Not Found: /boaform/admin/formLogin
Not Found: /actuator/gateway/routes
Not Found: /owa/auth/logon.aspx
Not Found: /cgi-bin/ViewLog.asp
Not Found: /cgi-bin/ViewLog.asp
Not Found: /cgi-bin/ViewLog.asp
Not Found: /phpmyadmin/index.php
Not Found: /phpmyadmin/index.php
Not Found: /administrator/pma/index.php
Not Found: /phpMyadmin/index.php
Not Found: /db/webadmin/index.php
Not Found: /mysql/db/index.php
Not Found: /phpmy/index.php
Not Found: /php-myadmin/index.php
Not Found: /sql/sql/index.php
Not Found: /db/phpMyAdmin/index.php
Not Found: /sql/sql/index.php
Not Found: /db/webadmin/index.php
Not Found: /phpmy/index.php
Not Found: /mysql/db/index.php
Not Found: /phpMyadmin/index.php
Not Found: /administrator/pma/index.php
Not Found: /robots.txt
Not Found: /sitemap.xml
Not Found: /sitemap.xml
Not Found: /robots.txt
Not Found: /sitemap.xml
Not Found: /robots.txt
Not Found: /xgt-app/applet/order/orderSettlement
Not Found: /.env
Not Found: /map/baidumap.xml
Not Found: /cgi-bin/ViewLog.asp
Not Found: /sitemap.xml
Not Found: /sitemap.xml.gz
Not Found: /sitemap.xml.gz
Not Found: /cgi-bin/ViewLog.asp
Not Found: /autodiscover/autodiscover.json
Not Found: /sitemaps.xml
Not Found: /atom.xml
Not Found: /sitemap.xml
Not Found: /test6956.php
Not Found: /atom.xml
Not Found: /boaform/admin/formLogin
Not Found: /sitemap.xml
Not Found: /robots.txt
Not Found: /sitemap_index.xml
Not Found: /sitemap.txt
Not Found: /sitemap.txt
Not Found: /cgi-bin/ViewLog.asp
Not Found: /sitemaps.xml
Not Found: /sitemap_index.xml
Not Found: /owa/auth/x.js
Not Found: /ecp/Current/exporttool/microsoft.exchange.ediscovery.exporttool.application
Not Found: /owa/auth/logon.aspx
Not Found: /cgi-bin/ViewLog.asp
Not Found: /cgi-bin/ViewLog.asp
Not Found: /cgi-bin/ViewLog.asp
Not Found: /.env
Not Found: /version
Not Found: /actuator/health
Not Found: /wp-includes/wlwmanifest.xml
Not Found: /xmlrpc.php
Not Found: /blog/wp-includes/wlwmanifest.xml
Not Found: /web/wp-includes/wlwmanifest.xml
Not Found: /wordpress/wp-includes/wlwmanifest.xml
Not Found: /website/wp-includes/wlwmanifest.xml
Not Found: /wp/wp-includes/wlwmanifest.xml
Not Found: /news/wp-includes/wlwmanifest.xml
Not Found: /2018/wp-includes/wlwmanifest.xml
Not Found: /2019/wp-includes/wlwmanifest.xml
Not Found: /shop/wp-includes/wlwmanifest.xml
Not Found: /wp1/wp-includes/wlwmanifest.xml
Not Found: /test/wp-includes/wlwmanifest.xml
Not Found: /media/wp-includes/wlwmanifest.xml
Not Found: /wp2/wp-includes/wlwmanifest.xml
Not Found: /site/wp-includes/wlwmanifest.xml
Not Found: /cms/wp-includes/wlwmanifest.xml
Not Found: /sito/wp-includes/wlwmanifest.xml
Not Found: /cgi-bin/ViewLog.asp
Not Found: /xmlrpc.php
Not Found: /cgi-bin/ViewLog.asp
Not Found: /cgi-bin/ViewLog.asp
Not Found: /vendor/phpunit/phpunit/src/Util/PHP/eval-stdin.php
Not Found: /vendor/phpunit/phpunit/src/Util/PHP/eval-stdin.php
Not Found: /cgi-bin/ViewLog.asp
Not Found: /boaform/admin/formLogin
Not Found: /solr/admin/info/system
Not Found: /index.php
Not Found: /cgi-bin/ViewLog.asp
Not Found: /cgi-bin/ViewLog.asp
Not Found: /.aws/credentials
Not Found: /boaform/admin/formLogin
Not Found: /cgi-bin/ViewLog.asp
Not Found: /robots.txt
Not Found: /cgi-bin/ViewLog.asp
Not Found: /cgi-bin/ViewLog.asp
Not Found: /cgi-bin/ViewLog.asp
Not Found: /console/
Not Found: /remote/fgt_lang
Not Found: /console/
Not Found: /cgi-bin/ViewLog.asp
Not Found: /cgi-bin/ViewLog.asp
Not Found: /Autodiscover/Autodiscover.xml
Not Found: /vendor/phpunit/phpunit/src/Util/PHP/eval-stdin.php
Not Found: /.DS_Store
Not Found: /server-status
Not Found: /favicon.ico
Not Found: /favicon.ico
Not Found: /favicon.ico
Not Found: /_ignition/execute-solution
Not Found: /_ignition/execute-solution
Not Found: /server-status
Not Found: /cgi-bin/ViewLog.asp
Not Found: /cgi-bin/ViewLog.asp
Not Found: /robots.txt
Not Found: /sitemaps.xml
Not Found: /cgi-bin/ViewLog.asp
Not Found: /cgi-bin/ViewLog.asp
Not Found: /actuator/gateway/routes
Not Found: /boaform/admin/formLogin
Not Found: /sitemap.xml
Not Found: /favicon.ico
Not Found: /cgi-bin/ViewLog.asp
Not Found: /owa/auth/logon.aspx
Not Found: /sitemap.xml.gz
Not Found: /cgi-bin/ViewLog.asp
Not Found: /sitemaps.xml
Not Found: /sitemap.xml
Not Found: /boaform/admin/formLogin
Not Found: /robots.txt
Not Found: /atom.xml
Not Found: /sitemap.txt
Not Found: /sitemaps.xml
Not Found: /cgi-bin/ViewLog.asp
Not Found: /sitemap_index.xml
Not Found: /vendor/phpunit/phpunit/src/Util/PHP/eval-stdin.php
Not Found: /cgi-bin/ViewLog.asp
Not Found: /vendor/phpunit/phpunit/src/Util/PHP/eval-stdin.php
Not Found: /cgi-bin/ViewLog.asp
Not Found: /index.php
Not Found: /map/baidumap.xml
Not Found: /boaform/admin/formLogin
Not Found: /mifs/.;/services/LogService
Not Found: /boaform/admin/formLogin
Not Found: /console/
Not Found: /cgi-bin/ViewLog.asp
Not Found: /favicon.ico
Not Found: /favicon.ico
Not Found: /robots.txt
Not Found: /phpMyAdmin-5.1.1/index.php
Not Found: /.env
Forbidden (CSRF cookie not set.): /
Not Found: /cgi-bin/ViewLog.asp
Not Found: /portal/redlion
Not Found: /cgi-bin/ViewLog.asp
Not Found: /.env
Not Found: /hudson
Not Found: /hudson
Not Found: /doc/page/login.asp
Not Found: /cgi-bin/ViewLog.asp
Not Found: /cgi-bin/ViewLog.asp
Not Found: /cgi-bin/ViewLog.asp
Not Found: /humans.txt
Not Found: /ads.txt
Not Found: /cgi-bin/ViewLog.asp
Not Found: /cgi-bin/ViewLog.asp
Not Found: /cgi-bin/ViewLog.asp
Not Found: /cgi-bin/ViewLog.asp
Not Found: /cgi-bin/ViewLog.asp
Not Found: /robots.txt
Not Found: /cgi-bin/ViewLog.asp
Not Found: /HNAP1/
Not Found: /HNAP1/
Not Found: /boaform/admin/formLogin
Not Found: /boaform/admin/formLogin
Not Found: /vendor/phpunit/phpunit/src/Util/PHP/eval-stdin.php
Not Found: /favicon.ico
Not Found: /favicon.ico
Not Found: /favicon.ico
Not Found: /robots.txt
Not Found: /sitemap.xml
Not Found: /.well-known/security.txt
Not Found: /favicon.ico
Not Found: /cgi-bin/ViewLog.asp
Not Found: /wp-login.php
Not Found: /sitemap.xml.gz
Not Found: /sitemap.xml
Not Found: /sitemaps.xml
Not Found: /sitemap.txt
Not Found: /cgi-bin/ViewLog.asp
Not Found: /cgi-bin/ViewLog.asp
Not Found: /favicon.ico
Not Found: /robots.txt
Not Found: /sitemap.xml
Not Found: /sitemap.txt
Not Found: /robots.txt
Not Found: /sitemaps.xml
Not Found: /sitemaps.xml
Not Found: /sitemap_index.xml
Not Found: /cgi-bin/ViewLog.asp
Not Found: /sitemap.xml
Not Found: /Autodiscover/Autodiscover.xml
Not Found: /sitemap.xml.gz
Not Found: /Autodiscover/Autodiscover.xml
Not Found: /robots.txt
Not Found: /cgi-bin/ViewLog.asp
Not Found: /cgi-bin/ViewLog.asp
Not Found: /cgi-bin/ViewLog.asp
Not Found: /cgi-bin/ViewLog.asp
Not Found: /cgi-bin/ViewLog.asp
Not Found: /favicon.ico
Not Found: /echo.php
Not Found: /favicon.ico
Not Found: /.env
Forbidden (CSRF cookie not set.): /
Not Found: /ReportServer
Not Found: /ReportServer
Not Found: /cgi-bin/ViewLog.asp
Not Found: /.env
Forbidden (CSRF cookie not set.): /
Not Found: /cgi-bin/ViewLog.asp
Not Found: /cgi-bin/ViewLog.asp
Not Found: /.aws/credentials
Not Found: /cgi-bin/ViewLog.asp
Not Found: /index.php
Not Found: /cgi-bin/ViewLog.asp
Not Found: /cgi-bin/ViewLog.asp
Not Found: /cgi-bin/ViewLog.asp
Not Found: /.env
Forbidden (CSRF cookie not set.): /
Not Found: /cgi-bin/ViewLog.asp
Not Found: /manager/text/list
Not Found: /actuator/gateway/routes
Not Found: /cgi-bin/ViewLog.asp
Not Found: /manager/html
Not Found: /manager/html
Not Found: /robots.txt
Not Found: /cgi-bin/ViewLog.asp
Not Found: /cgi-bin/ViewLog.asp
Not Found: /sitemaps.xml
Not Found: /sitemap.txt
Not Found: /.env
Forbidden (CSRF cookie not set.): /
Not Found: /owa/auth/x.js
Not Found: /ecp/Current/exporttool/microsoft.exchange.ediscovery.exporttool.application
Not Found: /owa/auth/logon.aspx
Not Found: /cgi-bin/ViewLog.asp
Not Found: /.aws/credentials
Not Found: /cgi-bin/ViewLog.asp
Not Found: /cgi-bin/ViewLog.asp
Not Found: /sitemap.xml
Not Found: /favicon.ico
Not Found: /sitemap.xml.gz
Not Found: /sdk
Not Found: /boaform/admin/formLogin
Not Found: /vendor/phpunit/phpunit/src/Util/PHP/eval-stdin.php
Not Found: /cgi-bin/ViewLog.asp
Not Found: /cgi-bin/ViewLog.asp
Not Found: /vendor/phpunit/phpunit/src/Util/PHP/eval-stdin.php
Not Found: /.env
Forbidden (CSRF cookie not set.): /
Not Found: /solr/admin/info/system
Not Found: /wp-includes/wlwmanifest.xml
Not Found: /xmlrpc.php
Not Found: /blog/wp-includes/wlwmanifest.xml
Not Found: /web/wp-includes/wlwmanifest.xml
Not Found: /wordpress/wp-includes/wlwmanifest.xml
Not Found: /website/wp-includes/wlwmanifest.xml
Not Found: /wp/wp-includes/wlwmanifest.xml
Not Found: /news/wp-includes/wlwmanifest.xml
Not Found: /2018/wp-includes/wlwmanifest.xml
Not Found: /2019/wp-includes/wlwmanifest.xml
Not Found: /shop/wp-includes/wlwmanifest.xml
Not Found: /wp1/wp-includes/wlwmanifest.xml
Not Found: /test/wp-includes/wlwmanifest.xml
Not Found: /media/wp-includes/wlwmanifest.xml
Not Found: /wp2/wp-includes/wlwmanifest.xml
Not Found: /site/wp-includes/wlwmanifest.xml
Not Found: /cms/wp-includes/wlwmanifest.xml
Not Found: /sito/wp-includes/wlwmanifest.xml
Not Found: /.env
Not Found: /cgi-bin/ViewLog.asp
Not Found: /index.php
Not Found: /.env
Forbidden (CSRF cookie not set.): /
Not Found: /core/.env
Not Found: /core/.env
Forbidden (CSRF cookie not set.): /
Not Found: /core/.env
Not Found: /cgi-bin/ViewLog.asp
Not Found: /cgi-bin/ViewLog.asp
Not Found: /console/
Not Found: /wp-login.php
Not Found: /robots.txt
Not Found: /Autodiscover/Autodiscover.xml
Not Found: /remote/fgt_lang
Not Found: /wp-login.php
Not Found: /phpmyadmin/
Not Found: /_ignition/execute-solution
Not Found: /actuator/health
Not Found: /phpmyadmin/
Not Found: /cgi-bin/ViewLog.asp
Not Found: /cgi-bin/ViewLog.asp
Not Found: /404/search_children.js
Not Found: /cgi-bin/ViewLog.asp
Not Found: /map/baidumap.xml
Not Found: /actuator/gateway/routes
Not Found: /boaform/admin/formLogin
Not Found: /.git/config
Not Found: /cgi-bin/ViewLog.asp
Not Found: /vendor/phpunit/phpunit/src/Util/PHP/eval-stdin.php
Not Found: /cgi-bin/ViewLog.asp
Not Found: /vendor/phpunit/phpunit/src/Util/PHP/eval-stdin.php
Not Found: /favicon.ico
Not Found: /robots.txt
Not Found: /sitemap.xml
Not Found: /index.php
Not Found: /favicon.ico
Not Found: /sftp-config.json
Not Found: /sftp-config.json~
Not Found: /sftp-config-alt.json~
Not Found: /sftp-config.json.save
Not Found: /sftp-config-alt.json.save
Not Found: /.remote-sync.json
Not Found: /.remote-sync.json~
Not Found: /.remote-sync.json.save
Not Found: /deployment-config.json
Not Found: /.vscode/ftp-sync.json
Not Found: /.vscode/sftp.json
Not Found: /ftpsync.settings
Not Found: /deployment-config.json~
Not Found: /.vscode/ftp-sync.json~
Not Found: /.vscode/sftp.json~
Not Found: /ftpsync.settings~
Not Found: /deployment-config.json.save
Not Found: /.vscode/ftp-sync.json.save
Not Found: /.vscode/sftp.json.save
Not Found: /ftpsync.settings.save
Not Found: /.ftpconfig
Not Found: /.ftpconfig~
Not Found: /.ftpconfig.save
Not Found: /.env
Not Found: /.env~
Not Found: /.env.save
Not Found: /filezilla.xml
Not Found: /filezilla.xml~
Not Found: /filezilla.xml.save
Not Found: /sitemanager.xml
Not Found: /.filezilla/sitemanager.xml
Not Found: /sitemanager.xml~
Not Found: /.filezilla/sitemanager.xml~
Not Found: /sitemanager.xml.save
Not Found: /.filezilla/sitemanager.xml.save
Not Found: /cgi-bin/ViewLog.asp
Not Found: /ftpsync.settings
Not Found: /.ftpconfig~
Not Found: /ftpsync.settings~
Not Found: /.ftpconfig
Not Found: /favicon.ico
Not Found: /favicon.ico
Not Found: /robots.txt
Not Found: /sitemaps.xml
Not Found: /sitemap.txt
Not Found: /mifs/.;/services/LogService
Not Found: /boaform/admin/formLogin
Not Found: /.env
Forbidden (CSRF cookie not set.): /
Not Found: /sitemap.xml
Not Found: /sitemap.xml.gz
Not Found: /cgi-bin/ViewLog.asp
Not Found: /map/baidumap.xml
Not Found: /cgi-bin/ViewLog.asp
Not Found: /cgi-bin/ViewLog.asp
Not Found: /vendor/phpunit/phpunit/src/Util/PHP/eval-stdin.php
Not Found: /owa/auth/x.js
Not Found: /ecp/Current/exporttool/microsoft.exchange.ediscovery.exporttool.application
Not Found: /vendor/phpunit/phpunit/src/Util/PHP/eval-stdin.php
Not Found: /owa/auth/logon.aspx
Not Found: /sitemap.xml
Not Found: /robots.txt
Not Found: /sitemap.xml
Not Found: /robots.txt
Not Found: /sitemap.xml
Not Found: /robots.txt
Not Found: /cgi-bin/ViewLog.asp
Not Found: /cgi-bin/ViewLog.asp
Not Found: /solr/admin/info/system
Not Found: /cgi-bin/ViewLog.asp
Not Found: /index.php
Not Found: /robots.txt
Not Found: /sitemap.xml
Not Found: /.well-known/security.txt
Not Found: /favicon.ico
Not Found: /.env
Not Found: /cgi-bin/ViewLog.asp
Not Found: /boaform/admin/formLogin
Not Found: /.env
Forbidden (CSRF cookie not set.): /
Not Found: /cgi-bin/ViewLog.asp
Not Found: /version
Not Found: /console/
Not Found: /map/baidumap.xml
Not Found: /.env
Not Found: /xmlrpc.php
Not Found: /Autodiscover/Autodiscover.xml
Not Found: /_ignition/execute-solution
Not Found: /cgi-bin/ViewLog.asp
Not Found: /wp-login.php
Not Found: /.git/config
Not Found: /a2billing/customer/templates/default/footer.tpl
Not Found: /a2billing/customer/templates/default/footer.tpl
Not Found: /cgi-bin/ViewLog.asp
Not Found: /a2billing/customer/templates/default/footer.tpl
Not Found: /cgi-bin/ViewLog.asp
Not Found: /actuator/gateway/routes
Not Found: /robots.txt
Not Found: /cgi-bin/ViewLog.asp
Not Found: /sssss
Not Found: /cgi-bin/ViewLog.asp
Not Found: /map/baidumap.xml
Not Found: /.env
Not Found: /wp-login.php
Not Found: /robots.txt
Not Found: /sitemap.txt
Not Found: /cgi-bin/ViewLog.asp
Not Found: /vendor/phpunit/phpunit/src/Util/PHP/eval-stdin.php
Not Found: /phpmyadmin/index.php
Not Found: /boaform/admin/formLogin
Not Found: /.aws/credentials
Not Found: /favicon.ico
Not Found: /.aws/credentials
Not Found: /phpmyadmin/index.php
Not Found: /vendor/phpunit/phpunit/src/Util/PHP/eval-stdin.php
Not Found: /cgi-bin/ViewLog.asp
Not Found: /.env
Forbidden (CSRF cookie not set.): /
Not Found: /cgi-bin/ViewLog.asp
Not Found: /boaform/admin/formLogin
Not Found: /cgi-bin/ViewLog.asp
Not Found: /stalker_portal/server/tools/auth_simple.php
Not Found: /stalker_portal/server/tools/auth_simple.php
Not Found: /cgi-bin/ViewLog.asp
Not Found: /favicon.ico
Not Found: /favicon.ico
Not Found: /favicon.ico
Not Found: /other/codepay/js/codepay_util.js
Not Found: /mobile/login.html
Not Found: /xy/
Not Found: /im/
Not Found: /6/
Not Found: /h5
Not Found: /m/
Not Found: /m
Not Found: /h5/
Not Found: /otc/
Not Found: /h5/
Not Found: /static/index/css/iindex.css
Not Found: /app/
Not Found: /wap
Not Found: /wap/
Forbidden (CSRF cookie not set.): /
Not Found: /main
Not Found: /h5/
Not Found: /wap/
Not Found: /homes/
Not Found: /home/
Not Found: /zoushi
Not Found: /im/h5/
Not Found: /PSBC-1
Not Found: /mobile
Not Found: /homes/
Not Found: /app/
Not Found: /index
Not Found: /m/
Not Found: /mstock
Not Found: /kefu.php
Not Found: /api/apps
Not Found: /wap.html
Not Found: /m/env.js
Not Found: /site.js
Not Found: /yinjian/
Not Found: /config.js
Not Found: /getLocale
Not Found: /step1.asp
Not Found: /mtja.html
Not Found: /style.css
Not Found: /site/info
Not Found: /home/help
Not Found: /reg.php
Not Found: /index/user/get_server_info
Not Found: /logo.png
Not Found: /js/home.js
Not Found: /h5.html
Not Found: /Css/Hm.css
Not Found: /js/json.js
Not Found: /js/pups.js
Not Found: /api/linkPF
Not Found: /api/linkPF
Not Found: /api/index
Not Found: /login.html
Not Found: /common.js
Not Found: /api/notice
Not Found: /js/main.js
Not Found: /api/notice
Not Found: /api/config
Not Found: /js/basic.js
Not Found: /favicon.ico
Not Found: /myConfig.js
Not Found: /api/ht/xy1
Not Found: /js/base1.js
Not Found: /css/all.css
Not Found: /wap/forward
Not Found: /js/a.script
Not Found: /js/post.js/
Not Found: /entry/login
Not Found: /login.html
Not Found: /api/im/conf
Not Found: /js/common.js
Not Found: /js/bk.min.js
Not Found: /css/main.css
Not Found: /api/v1/about
Not Found: /js/config.js
Not Found: /waplogin.php
Not Found: /proxy/games
Not Found: /v1/getConfig
Not Found: /m/allticker/1
Not Found: /api/hevent
Not Found: /mindex.html
Not Found: /langConfig.js
Not Found: /css/style.css
Not Found: /gaga/city.php
Not Found: /api/app-info
Not Found: /im/in/GetUuid
Not Found: /images/no.jpg
Not Found: /im/App/config
Not Found: /img/close.png
Not Found: /fePublicInfo/
Not Found: /img/login.png
Not Found: /stock/mzhishu
Not Found: /nyyh/game.css
Not Found: /lib/public.js
Not Found: /nyyh/chkjs.js
Not Found: /ctl/login.php
Not Found: /js/tvConfig.js
Not Found: /thriveGame.css
Not Found: /index.php/sign
Not Found: /img/xxing.png
Not Found: /api/contactWay
Not Found: /kkrp/site/info
Not Found: /img/zllqdk.png
Not Found: /proxy/settings
Not Found: /app/js/base.js
Not Found: /home/login.jpg
Not Found: /images/myjs.js
Not Found: /res/kuai/1.css
Not Found: /mmj/index.html
Not Found: /m/ticker/usdtqc
Not Found: /js/bankCheck.js
Not Found: /api/config-init
Not Found: /anquan/qgga.asp
Not Found: /api/apps/config
Not Found: /home/main/login
Not Found: /api/config/info
Not Found: /api/index/index
Not Found: /v2/start/config
Not Found: /css/scanner.css
Not Found: /sucai/zxkf.png
Not Found: /res/kuai/21.css
Not Found: /standalone.html
Not Found: /api/im/v2/app/t
Not Found: /css/other.css
Not Found: /api/v1/app-info
Not Found: /phalapi/public/
Not Found: /files/pub_rem.js
Not Found: /banner.do
Not Found: /verification.asp
Not Found: /mobile/lists.html
Not Found: /mobile/config.js
Not Found: /data/ticker_24hr
Not Found: /friendGroup/list
Not Found: /api/pc/configure
Not Found: /appxz/index.html
Not Found: /api/index/config
Not Found: /static/config.js
Not Found: /index/newapi/api
Not Found: /images/remen.png
Not Found: /register/trader/
Not Found: /hetong/yq
Not Found: /web/api/getBanner
Not Found: /Home/Bind/binding
Not Found: /Res/font/font.css
Not Found: /hg556/js/main.js
Not Found: /Home/Index/ajaxTJ
Not Found: /csjs/bankCheck.js
Not Found: /Home/Get/getJnd28
Not Found: /Public/initJs.php
Not Found: /Scripts/common.js
Not Found: /biz/server/config
Not Found: /css/nsc/reset.css
Not Found: /api/link/platform
Not Found: /api/link/platform
Not Found: /mytio/config/base
Not Found: /static/js/user.js
Not Found: /api/pc/cms-config
Not Found: /skin/js/common.js
Not Found: /api/lottery/color
Not Found: /index/login/login
Not Found: /statics/js/API.js
Not Found: /JS/loginstatus.js
Not Found: /detail1/js/add.js
Not Found: /ph_acquireSession
Not Found: /code/js/config.js
Not Found: /legal/currency/set
Not Found: /api/index/setting
Not Found: /api/content_bottom
Not Found: /views/home/home.js
Not Found: /Pc/Lang/index.html
Not Found: /home/GetQrCodeInfo
Not Found: /static/js/main.js
Not Found: /img/subsidy/kh.png
Not Found: /public/img/cz1.png
Not Found: /manager/js/left.js
Not Found: /api/v1/member/kefu
Not Found: /Home/GetInitSource
Not Found: /wap/banner/details
Not Found: /images/favicon.ico
Not Found: /static/index/3.png
Not Found: /api/lastestBetLog
Not Found: /login/kefuxian.mvc
Not Found: /static/idcard3.png
Not Found: /room/script/face.js
Not Found: /files/pub_reset.css
Not Found: /assets/js/dmshub.js
Not Found: /Public/css/hall.css
Not Found: /skin/main/onload.js
Not Found: /api/uploads/apimap
Not Found: /api/site/getInfo.do
Not Found: /api/product/info/1
Not Found: /static/guide/ab.css
Not Found: /Public/js/common.js
Not Found: /api/message/webInfo
Not Found: /loan/css/index.css
Not Found: /Content/favicon.ico
Not Found: /api/index/webconfig
Not Found: /Promotions/list.mvc
Not Found: /api/Index/getconfig
Not Found: /home/banner/getLogo
Not Found: /static/js/config.js
Not Found: /static/js/common.js
Not Found: /mobile/css/base.css
Not Found: /api/v8.common/speed
Not Found: /api/getconfig.aspx
Not Found: /room/getRoomBangFans
Not Found: /Recruit/download_url
Not Found: /index/index/ajaxdata
Not Found: /index/psbc/signText
Not Found: /xy/image/jiantou.png
Not Found: /public/css/style.css
Not Found: /us/img/nyyh/chkjs.js
Not Found: /static/content.html
Not Found: /api/Index/getLottery
Not Found: /Public/css/_pk10.css
Not Found: /js/subsidy/bk.min.js
Not Found: /api/index/grailindex
Not Found: /Content/Wap/base.css
Not Found: /km.asmx/getPlatParam
Not Found: /static/css/index.css
Internal Server Error: /user/getAllNicknames
Traceback (most recent call last):
  File "/var/www/SoundLib/venv/lib/python3.6/site-packages/django/core/handlers/exception.py", line 47, in inner
    response = get_response(request)
  File "/var/www/SoundLib/venv/lib/python3.6/site-packages/django/utils/deprecation.py", line 116, in __call__
    response = self.process_request(request)
  File "/var/www/SoundLib/venv/lib/python3.6/site-packages/django/middleware/common.py", line 54, in process_request
    path = self.get_full_path_with_slash(request)
  File "/var/www/SoundLib/venv/lib/python3.6/site-packages/django/middleware/common.py", line 95, in get_full_path_with_slash
    'url': request.get_host() + new_path,
RuntimeError: You called this URL via POST, but the URL doesn't end in a slash and you have APPEND_SLASH set. Django can't redirect to the slash URL while maintaining POST data. Change your form to point to 127.0.0.1:6000/user/getAllNicknames/ (note the trailing slash), or set APPEND_SLASH=False in your Django settings.
Not Found: /api/Index/getLangCfg
Not Found: /assets/etc/query.css
Not Found: /static/js/jump/go.js
Not Found: /api/user/mobilelogin
Not Found: /1-200611214053U8.jpg
Not Found: /api/v1/cocos/version
Not Found: /api/im/v2/app/config
Not Found: /assets/images/dy.jpg
Not Found: /index/login/reg.html
Not Found: /app/config/getConfig
Not Found: /lottery/lottery_list
Not Found: /api/shares/hqStrList
Not Found: /apiApp/app/site/info
Not Found: /index/webapi/service
Not Found: /index/login/register
Not Found: /static/css/reset.css
Not Found: /api/ApiHub/fetchJinse
Not Found: /static/diff_worker.js
Not Found: /jiaoyimao/default.css
Not Found: /Public/Home/js/cls.js
Not Found: /lanren/css/global.css
Not Found: /data/json/config.json
Not Found: /static/css/mobile.css
Not Found: /api/user/ismustmobile
Not Found: /api/user/ismustmobile
Not Found: /static/css/public.css
Not Found: /api/Game/getAppConfig
Not Found: /v2/block/home/app/hot
Not Found: /index/home/login.html
Not Found: /index/user/login.html
Not Found: /css/skin/ymPrompt.css
Not Found: /index/open/login.html
Not Found: /zz/address.php
Not Found: /static/wap/js/order.js
Not Found: /api/default/login-page
Not Found: /assets/source/list.css
Not Found: /template/css/login.css
Not Found: /static/img/notices.png
Not Found: /trade/mobile/login.php
Not Found: /detail6/image/sjrz.png
Not Found: /index/index/login.html
Not Found: /detaila/js/ntkfstat.js
Not Found: /assets/res/mods/room.js
Not Found: /public/wap/js/basis.js
Not Found: /Home/GetAllGameCategory
Not Found: /index/login/index.html
Not Found: /ajax
Not Found: /login/img/nyyh/chkjs.js
Not Found: /static/home/css/css.css
Not Found: /static/home/js/rooms.js
Not Found: /Public/home/js/check.js
Not Found: /member/js/lang_zh_CN.js
Not Found: /zz2/address.php
Not Found: /api/customerServiceLink
Not Found: /static/tabBar/trade.png
Not Found: /Public/css/errorCss.css
Not Found: /static/data/gamedatas.js
Not Found: /Public/Wchat/js/cvphp.js
Not Found: /index_files/bankCheck.js
Not Found: /resources/main/common.js
Not Found: /static/wap/js/common.js
Not Found: /static/mobile/user.html
Not Found: /Public/Home/js/common.js
Not Found: /static/data/configjs.js
Not Found: /detaila/images/logo.png
Not Found: /detail5/css/details.css
Not Found: /assets/app-manifest.json
Not Found: /client/api/findFreeTrade
Not Found: /dist/images/mask/bg1.jpg
Not Found: /202110/images/public.css
Not Found: /apiapp/Ygn_Girl.CityList
Not Found: /static/wap/css/index.css
Not Found: /phone/images/icon_01.png
Not Found: /m/lotto-h5/manifest.json
Not Found: /res/common/addfriend.png
Not Found: /assets/images/redian.jpg
Not Found: /Public/home/js/fukuang.js
Not Found: /s_api/basic/download/info
Not Found: /app/common/getRegisterSet
Not Found: /static/home/imgs/jkjl.png
Not Found: /static/home/imgs/pico.png
Not Found: /Content/css/wzwstylel.css
Not Found: /saconfig/secure/yunwei.js
Not Found: /static/image/logo.png
Not Found: /api/config/getwebsitename
Not Found: /static/common/js/global.js
Not Found: /Public/Wchat/css/index.css
Not Found: /static/Mobile/js/common.js
Not Found: /Template/Mobile/js/main.js
Not Found: /template/920ka/css/lsy.css
Not Found: /static/download/style.css
Not Found: /template/tmp1/js/common.js
Not Found: /api/currency/quotation_new
Not Found: /public/h5static/js/main.js
Not Found: /pages/console/js/common.js
Not Found: /portal/index/protocol.html
Not Found: /static/images/login_bg.jpg
Not Found: /static/img/bitbeb-logo.png
Not Found: /static/common/js/common.js
Not Found: /images/tg/appStore/top.png
Not Found: /static/v/v2/image/star.png
Not Found: /h5/static/tabbar/txl.png
Not Found: /api/grame/getHomePtLottery
Not Found: /resource/home/js/common.js
Not Found: /img/phonetrackeronline.png
Not Found: /static/home/css/common.css
Not Found: /newApp/winMessTopQuery.php
Not Found: /detaila/images/h_v33_i.png
Not Found: /api/vue/transaction/config
Not Found: /index/images/tradeicon.png
Not Found: /n/news/banner
Not Found: /static/index/js/lk/order.js
Not Found: /resources/css/headernav.css
Not Found: /Templates/user/js/global.js
Not Found: /home/login/login_index.html
Not Found: /index.php/User/sendsmscode
Not Found: /static/admincp/js/common.js
Not Found: /template/js/comm/Confrim.js
Not Found: /static/home/css/new_cfb.css
Not Found: /T9sA/static/image/t-06.jpg
Not Found: /static/data/thirdgames.json
Not Found: /index/overt/regist/inviteid
Not Found: /index.php/Wap/Api/getBanner
Not Found: /views/commData/commonSite.js
Not Found: /api/system/system/config/get
Not Found: /stock2c1/api/site/getInfo.do
Not Found: /assets/shebao/banner.png
Not Found: /Public/uploads/web/step1.png
Not Found: /market/market-ws/iframe.html
Not Found: /public/static/css/public.css
Not Found: /public/static/css/denglu.css
Not Found: /resource/home/css/person.css
Not Found: /Content/m_1/js/m_1_Jquery.js
Not Found: /static/imgs/game/green2.png
Not Found: /api/client/home_project_list
Not Found: /common/member/js/user.util.js
Not Found: /api/web/user/getIndexData.php
Not Found: /template/920ka/js/woodyapp.js
Not Found: /api/mstock/getsystemprivate
Not Found: /melody/api/v1/pageconfig/list
Not Found: /detaila/js/unified_service.js
Not Found: /mobile/v3/appSuperDownload.do
Not Found: /static/home/csjs/bankCheck.js
Not Found: /detaila/images/header_v1b.css
Not Found: /kkrps/im_group/show_members
Not Found: /getConfig/getArticle.do
Not Found: /public/web/css/add/index.css
Not Found: /ws/index/getTheLotteryInitList
Not Found: /template/mb/lang/text-zh.json
Not Found: /Public/home/wap/css/qdgame.css
Not Found: /api/config/proxy_servers
Not Found: /wap/trading/lastKlineParameter
Not Found: /images/logo-default-400x46.png
Not Found: /masterControl/getSystemSetting
Not Found: /api/help_documents/nitice_list
Not Found: /install.inc/vipsignInstall.css
Not Found: /phalapi/public/
Not Found: /assets/room/css/room_mobile.css
Not Found: /index.php/api/other/appSetting
Not Found: /stock/search.html
Not Found: /wap/trading/get_newallorder_ajax
Not Found: /static/wap/css/trade-history.css
Not Found: /Application/Buy/Static/js/if.js
Not Found: /infe/rest/flash/getServerIP.json
Not Found: /getConfig/getArticle.do
Not Found: /api/mobile/checkStrategyHistory
Not Found: /Public/home/common/js/index.js
Not Found: /index.php/Home/Public/login.html
Not Found: /images/src_images_but_dianz_s.png
Not Found: /static/common/js/vant/vant.min.js
Not Found: /wap/static/images/index_tzjr.png
Not Found: /base/exchange_index/changepwdfirst
Not Found: /a/other/codepay/js/codepay_util.js
Not Found: /api/public/
Not Found: /h5/static/cert/icon_yanzhengma.png
Not Found: /assets/mstock/newimg/guid-info.png
Not Found: /index/police/index.html
Not Found: /bet/lotteryinfo/allLotteryInfoList
Not Found: /assets/extension/market/css/mt4.css
Not Found: /wap/assets/images/icon1/12306.png
Not Found: /dist/images/mask/guide/cn/step1.jpg
Not Found: /api/user/dataDictionaryService/list
Not Found: /zxkj/js/customer-chat-widget.min.js
Not Found: /assets/dist/static/js/vendor_prod.js
Not Found: /v1/management/tenant/getSpeedDomain
Not Found: /api/exclude/siteConfig/webSiteConfig
Not Found: /static/home/css/feiqi-ee5401a8e6.css
Not Found: /assets/images/mobile/ic_launcher.png
Not Found: /mg/other/codepay/js/codepay_util.js
Not Found: /assets/yibao/Nweshebao/img/icon2.png
Not Found: /assets/mstock/newimg/guid-title.png
Not Found: /site/get-hq
Not Found: /public/static/home/js/moblie/login.js
Not Found: /static/index/css/trade-history.css
Not Found: /Templates/user/finance/css/userPay.css
Not Found: /Buy/Index/getCardListByType
Not Found: /index.php/Wap/Api/getSystemNotice
Not Found: /uploads/admin/202103/60584c5b88017.png
Not Found: /source/20220119/static/wap/js/order.js
Not Found: /assets/images/mobile/dou_icon_money.png
Not Found: /ajax/allcoin_a/id/0
Not Found: /index.php
Not Found: /base/exchange_article/index/classid/1/id/1
Not Found: /wap/api/exchangerateuserconfig!get.action
Not Found: /Content/common/web/CommonActivity.css
Not Found: /s_api/basic/config_js
Not Found: /Public/Home/ecshe_css/main.css
Not Found: /site/api/v1/configuration/onlinecustomservice
Not Found: /assets/images/mobile/dou_charge_money_icon.png
Not Found: /static/local/img/userCenter/hourlyPrivilege.svg
Not Found: /api/stock/getSingleStock.do
Not Found: /mobile21/js/index/gameManagement.js
Not Found: /api/system/systemConfigs/getCustomerServiceLink
Not Found: /Public/Mobile/ecshe_css/wapmain.css
Not Found: /assets/GrayMobile/active_gameType_SportsBook.png
Not Found: /source/20220119/static/wap/css/trade-history.css
Not Found: /infe/rest/fig/advertise/common.json
Not Found: /common/template/lottery/lecai/css/style.css
Not Found: /client/api/findConfigByKey
Not Found: /site/api/v1/site/vipExclusiveDomain/getGuestDomain
Not Found: /ipl/app/flash/publicbmw/ball/FigLeaf.js
Not Found: /api/v/index/queryOfficePage
Not Found: /uploads/20210928/01737e4f85f971bdf4d892dfaee6579c.png
Not Found: /api/backstageManagement/system/systemConfigForPlatform
Not Found: /service
Not Found: /favicon.ico
Not Found: /Hander/emploer_Handler.ashx
Not Found: /getConfig/listPopFrame.do
Not Found: /Pay_Index.html
Not Found: /t000/login-img-3.svg
Not Found: /leftDao.php
Not Found: /getConfig/listPopFrame.do
Not Found: /api/product/topRank
Not Found: /public/static/index/picture/img_33.png
Not Found: /sdk.html
Not Found: /favicon.ico
Not Found: /other/codepay/js/codepay_util.js
Not Found: /mobile/login.html
Not Found: /xy/
Not Found: /im/
Not Found: /h5/
Not Found: /otc/
Not Found: /h5
Not Found: /static/index/css/iindex.css
Not Found: /h5/
Not Found: /h5/
Not Found: /6/
Not Found: /wap
Not Found: /app/
Not Found: /m/
Not Found: /wap/
Not Found: /main
Not Found: /home/
Not Found: /index
Not Found: /wap/
Not Found: /app/
Not Found: /homes/
Forbidden (CSRF token missing or incorrect.): /
Not Found: /im/h5/
Not Found: /zoushi
Not Found: /site.js
Not Found: /homes/
Not Found: /mobile
Not Found: /m
Not Found: /PSBC-1
Not Found: /m/
Not Found: /reg.php
Not Found: /mstock
Not Found: /api/apps
Not Found: /kefu.php
Not Found: /m/env.js
Not Found: /wap.html
Not Found: /yinjian/
Not Found: /h5.html
Not Found: /config.js
Not Found: /getLocale
Not Found: /logo.png
Not Found: /step1.asp
Not Found: /style.css
Not Found: /site/info
Not Found: /home/help
Not Found: /api/index
Not Found: /common.js
Not Found: /index/user/get_server_info
Not Found: /mtja.html
Not Found: /js/home.js
Not Found: /Css/Hm.css
Not Found: /js/json.js
Not Found: /api/linkPF
Not Found: /api/ht/xy1
Not Found: /api/linkPF
Not Found: /login.html
Not Found: /api/notice
Not Found: /api/hevent
Not Found: /js/basic.js
Not Found: /myConfig.js
Not Found: /api/notice
Not Found: /favicon.ico
Not Found: /css/all.css
Not Found: /js/main.js
Not Found: /wap/forward
Not Found: /api/config
Not Found: /js/pups.js
Not Found: /proxy/games
Not Found: /js/a.script
Not Found: /entry/login
Not Found: /api/im/conf
Not Found: /js/base1.js
Not Found: /login.html
Not Found: /mindex.html
Not Found: /js/bk.min.js
Not Found: /js/common.js
Not Found: /js/post.js/
Not Found: /api/v1/about
Not Found: /js/config.js
Not Found: /v1/getConfig
Not Found: /m/allticker/1
Not Found: /nyyh/game.css
Not Found: /css/main.css
Not Found: /nyyh/chkjs.js
Not Found: /langConfig.js
Not Found: /css/style.css
Not Found: /waplogin.php
Not Found: /gaga/city.php
Not Found: /im/App/config
Not Found: /fePublicInfo/
Not Found: /api/app-info
Not Found: /img/login.png
Not Found: /lib/public.js
Not Found: /stock/mzhishu
Not Found: /im/in/GetUuid
Not Found: /css/other.css
Not Found: /ctl/login.php
Not Found: /img/close.png
Not Found: /img/xxing.png
Not Found: /js/tvConfig.js
Not Found: /thriveGame.css
Not Found: /index.php/sign
Not Found: /kkrp/site/info
Not Found: /proxy/settings
Not Found: /img/zllqdk.png
Not Found: /app/js/base.js
Not Found: /home/login.jpg
Not Found: /images/myjs.js
Not Found: /res/kuai/1.css
Not Found: /sucai/zxkf.png
Not Found: /api/contactWay
Not Found: /mmj/index.html
Not Found: /m/ticker/usdtqc
Not Found: /js/bankCheck.js
Not Found: /anquan/qgga.asp
Not Found: /api/config-init
Not Found: /home/main/login
Not Found: /api/apps/config
Not Found: /api/config/info
Not Found: /api/index/index
Not Found: /v2/start/config
Not Found: /css/scanner.css
Not Found: /res/kuai/21.css
Not Found: /standalone.html
Not Found: /api/im/v2/app/t
Not Found: /api/v1/app-info
Not Found: /phalapi/public/
Not Found: /files/pub_rem.js
Not Found: /banner.do
Not Found: /verification.asp
Not Found: /mobile/config.js
Not Found: /mobile/lists.html
Not Found: /friendGroup/list
Not Found: /appxz/index.html
Not Found: /images/no.jpg
Not Found: /api/pc/configure
Not Found: /api/index/config
Not Found: /index/newapi/api
Not Found: /hg556/js/main.js
Not Found: /images/remen.png
Not Found: /register/trader/
Not Found: /static/config.js
Not Found: /hetong/yq
Not Found: /Home/Bind/binding
Not Found: /Res/font/font.css
Not Found: /Home/Index/ajaxTJ
Not Found: /data/ticker_24hr
Not Found: /css/nsc/reset.css
Not Found: /csjs/bankCheck.js
Not Found: /Home/Get/getJnd28
Not Found: /skin/js/common.js
Not Found: /Public/initJs.php
Not Found: /Scripts/common.js
Not Found: /web/api/getBanner
Not Found: /JS/loginstatus.js
Not Found: /biz/server/config
Not Found: /statics/js/API.js
Not Found: /api/link/platform
Not Found: /api/link/platform
Not Found: /mytio/config/base
Not Found: /static/js/user.js
Not Found: /api/lottery/color
Not Found: /api/pc/cms-config
Not Found: /index/login/login
Not Found: /ph_acquireSession
Not Found: /code/js/config.js
Not Found: /api/lastestBetLog
Not Found: /static/js/main.js
Not Found: /api/index/setting
Not Found: /legal/currency/set
Not Found: /detail1/js/add.js
Not Found: /api/content_bottom
Not Found: /manager/js/left.js
Not Found: /views/home/home.js
Not Found: /api/v1/member/kefu
Not Found: /img/subsidy/kh.png
Not Found: /public/img/cz1.png
Not Found: /home/GetQrCodeInfo
Not Found: /Home/GetInitSource
Not Found: /wap/banner/details
Not Found: /login/kefuxian.mvc
Not Found: /api/getconfig.aspx
Not Found: /static/index/3.png
Not Found: /Pc/Lang/index.html
Not Found: /static/idcard3.png
Not Found: /files/pub_reset.css
Not Found: /loan/css/index.css
Not Found: /api/uploads/apimap
Not Found: /api/product/info/1
Not Found: /skin/main/onload.js
Not Found: /api/site/getInfo.do
Not Found: /images/favicon.ico
Not Found: /Promotions/list.mvc
Not Found: /static/guide/ab.css
Not Found: /Public/js/common.js
Not Found: /assets/js/dmshub.js
Not Found: /room/script/face.js
Not Found: /api/message/webInfo
Not Found: /Content/favicon.ico
Not Found: /Public/css/hall.css
Not Found: /api/index/webconfig
Not Found: /mobile/css/base.css
Not Found: /home/banner/getLogo
Not Found: /api/Index/getconfig
Not Found: /static/js/config.js
Not Found: /static/js/common.js
Not Found: /index/psbc/signText
Not Found: /static/content.html
Not Found: /api/v8.common/speed
Not Found: /index/index/ajaxdata
Not Found: /xy/image/jiantou.png
Not Found: /us/img/nyyh/chkjs.js
Not Found: /js/subsidy/bk.min.js
Not Found: /public/css/style.css
Not Found: /api/Index/getLottery
Not Found: /api/v1/cocos/version
Not Found: /static/css/index.css
Not Found: /Public/css/_pk10.css
Not Found: /Recruit/download_url
Not Found: /room/getRoomBangFans
Not Found: /api/index/grailindex
Not Found: /Content/Wap/base.css
Internal Server Error: /user/getAllNicknames
Traceback (most recent call last):
  File "/var/www/SoundLib/venv/lib/python3.6/site-packages/django/core/handlers/exception.py", line 47, in inner
    response = get_response(request)
  File "/var/www/SoundLib/venv/lib/python3.6/site-packages/django/utils/deprecation.py", line 116, in __call__
    response = self.process_request(request)
  File "/var/www/SoundLib/venv/lib/python3.6/site-packages/django/middleware/common.py", line 54, in process_request
    path = self.get_full_path_with_slash(request)
  File "/var/www/SoundLib/venv/lib/python3.6/site-packages/django/middleware/common.py", line 95, in get_full_path_with_slash
    'url': request.get_host() + new_path,
RuntimeError: You called this URL via POST, but the URL doesn't end in a slash and you have APPEND_SLASH set. Django can't redirect to the slash URL while maintaining POST data. Change your form to point to 127.0.0.1:6000/user/getAllNicknames/ (note the trailing slash), or set APPEND_SLASH=False in your Django settings.
Not Found: /api/user/mobilelogin
Not Found: /km.asmx/getPlatParam
Not Found: /api/Index/getLangCfg
Not Found: /assets/etc/query.css
Not Found: /static/js/jump/go.js
Not Found: /1-200611214053U8.jpg
Not Found: /api/im/v2/app/config
Not Found: /assets/images/dy.jpg
Not Found: /lottery/lottery_list
Not Found: /index/login/reg.html
Not Found: /api/shares/hqStrList
Not Found: /index/login/register
Not Found: /static/diff_worker.js
Not Found: /api/ApiHub/fetchJinse
Not Found: /static/css/reset.css
Not Found: /Public/Home/js/cls.js
Not Found: /index/webapi/service
Not Found: /lanren/css/global.css
Not Found: /data/json/config.json
Not Found: /static/css/mobile.css
Not Found: /api/user/ismustmobile
Not Found: /jiaoyimao/default.css
Not Found: /css/skin/ymPrompt.css
Not Found: /api/user/ismustmobile
Not Found: /apiApp/app/site/info
Not Found: /static/css/public.css
Not Found: /v2/block/home/app/hot
Not Found: /api/Game/getAppConfig
Not Found: /index/home/login.html
Not Found: /app/config/getConfig
Not Found: /index/open/login.html
Not Found: /public/wap/js/basis.js
Not Found: /index/user/login.html
Not Found: /static/wap/js/order.js
Not Found: /zz/address.php
Not Found: /api/default/login-page
Not Found: /assets/source/list.css
Not Found: /static/img/notices.png
Not Found: /index/index/login.html
Not Found: /template/css/login.css
Not Found: /detail6/image/sjrz.png
Not Found: /index/login/index.html
Not Found: /trade/mobile/login.php
Not Found: /assets/res/mods/room.js
Not Found: /detaila/js/ntkfstat.js
Not Found: /Public/home/js/check.js
Not Found: /Home/GetAllGameCategory
Not Found: /login/img/nyyh/chkjs.js
Not Found: /Public/css/errorCss.css
Not Found: /ajax
Not Found: /static/wap/js/common.js
Not Found: /static/data/configjs.js
Not Found: /member/js/lang_zh_CN.js
Not Found: /api/customerServiceLink
Not Found: /static/mobile/user.html
Not Found: /detaila/images/logo.png
Not Found: /static/home/css/css.css
Not Found: /index_files/bankCheck.js
Not Found: /detail5/css/details.css
Not Found: /static/tabBar/trade.png
Not Found: /Public/Wchat/js/cvphp.js
Not Found: /static/home/js/rooms.js
Not Found: /Public/Home/js/common.js
Not Found: /client/api/findFreeTrade
Not Found: /zz2/address.php
Not Found: /assets/app-manifest.json
Not Found: /resources/main/common.js
Not Found: /static/data/gamedatas.js
Not Found: /h5/static/tabbar/txl.png
Not Found: /dist/images/mask/bg1.jpg
Not Found: /202110/images/public.css
Not Found: /assets/shebao/banner.png
Not Found: /phone/images/icon_01.png
Not Found: /assets/images/redian.jpg
Not Found: /s_api/basic/download/info
Not Found: /Public/home/js/fukuang.js
Not Found: /static/download/style.css
Not Found: /Content/css/wzwstylel.css
Not Found: /app/common/getRegisterSet
Not Found: /static/home/imgs/jkjl.png
Not Found: /static/home/imgs/pico.png
Not Found: /apiapp/Ygn_Girl.CityList
Not Found: /api/config/getwebsitename
Not Found: /res/common/addfriend.png
Not Found: /Public/Wchat/css/index.css
Not Found: /static/Mobile/js/common.js
Not Found: /Template/Mobile/js/main.js
Not Found: /template/920ka/css/lsy.css
Not Found: /m/lotto-h5/manifest.json
Not Found: /saconfig/secure/yunwei.js
Not Found: /static/wap/css/index.css
Not Found: /static/image/logo.png
Not Found: /static/common/js/common.js
Not Found: /static/common/js/global.js
Not Found: /template/tmp1/js/common.js
Not Found: /api/currency/quotation_new
Not Found: /public/h5static/js/main.js
Not Found: /pages/console/js/common.js
Not Found: /static/img/bitbeb-logo.png
Not Found: /static/home/css/common.css
Not Found: /newApp/winMessTopQuery.php
Not Found: /index.php/User/sendsmscode
Not Found: /images/tg/appStore/top.png
Not Found: /portal/index/protocol.html
Not Found: /static/v/v2/image/star.png
Not Found: /resource/home/js/common.js
Not Found: /api/grame/getHomePtLottery
Not Found: /T9sA/static/image/t-06.jpg
Not Found: /detaila/images/h_v33_i.png
Not Found: /index/images/tradeicon.png
Not Found: /img/phonetrackeronline.png
Not Found: /n/news/banner
Not Found: /static/images/login_bg.jpg
Not Found: /static/index/js/lk/order.js
Not Found: /home/login/login_index.html
Not Found: /resources/css/headernav.css
Not Found: /api/vue/transaction/config
Not Found: /static/admincp/js/common.js
Not Found: /template/js/comm/Confrim.js
Not Found: /kkrps/im_group/show_members
Not Found: /index.php/Wap/Api/getBanner
Not Found: /static/home/css/new_cfb.css
Not Found: /api/mstock/getsystemprivate
Not Found: /Templates/user/js/global.js
Not Found: /market/market-ws/iframe.html
Not Found: /static/data/thirdgames.json
Not Found: /views/commData/commonSite.js
Not Found: /stock2c1/api/site/getInfo.do
Not Found: /Public/uploads/web/step1.png
Not Found: /index/overt/regist/inviteid
Not Found: /static/imgs/game/green2.png
Not Found: /public/static/css/public.css
Not Found: /public/static/css/denglu.css
Not Found: /Content/m_1/js/m_1_Jquery.js
Not Found: /resource/home/css/person.css
Not Found: /mobile/v3/appSuperDownload.do
Not Found: /template/920ka/js/woodyapp.js
Not Found: /static/home/csjs/bankCheck.js
Not Found: /public/web/css/add/index.css
Not Found: /melody/api/v1/pageconfig/list
Not Found: /template/mb/lang/text-zh.json
Not Found: /detaila/js/unified_service.js
Not Found: /common/member/js/user.util.js
Not Found: /api/web/user/getIndexData.php
Not Found: /wap/trading/lastKlineParameter
Not Found: /Public/home/wap/css/qdgame.css
Not Found: /getConfig/getArticle.do
Not Found: /Public/home/common/js/index.js
Not Found: /masterControl/getSystemSetting
Not Found: /ws/index/getTheLotteryInitList
Not Found: /images/logo-default-400x46.png
Not Found: /detaila/images/header_v1b.css
Not Found: /api/help_documents/nitice_list
Not Found: /api/config/proxy_servers
Not Found: /index.php/api/other/appSetting
Not Found: /api/client/home_project_list
Not Found: /phalapi/public/
Not Found: /getConfig/getArticle.do
Not Found: /assets/room/css/room_mobile.css
Not Found: /api/mobile/checkStrategyHistory
Not Found: /stock/search.html
Not Found: /Application/Buy/Static/js/if.js
Not Found: /wap/trading/get_newallorder_ajax
Not Found: /static/wap/css/trade-history.css
Not Found: /static/common/js/vant/vant.min.js
Not Found: /images/src_images_but_dianz_s.png
Not Found: /index.php/Home/Public/login.html
Not Found: /wap/assets/images/icon1/12306.png
Not Found: /wap/static/images/index_tzjr.png
Not Found: /base/exchange_index/changepwdfirst
Not Found: /a/other/codepay/js/codepay_util.js
Not Found: /infe/rest/flash/getServerIP.json
Not Found: /h5/static/cert/icon_yanzhengma.png
Not Found: /install.inc/vipsignInstall.css
Not Found: /index/police/index.html
Not Found: /assets/mstock/newimg/guid-info.png
Not Found: /bet/lotteryinfo/allLotteryInfoList
Not Found: /api/public/
Not Found: /v1/management/tenant/getSpeedDomain
Not Found: /static/index/css/trade-history.css
Not Found: /assets/extension/market/css/mt4.css
Not Found: /api/system/system/config/get
Not Found: /dist/images/mask/guide/cn/step1.jpg
Not Found: /api/user/dataDictionaryService/list
Not Found: /assets/mstock/newimg/guid-title.png
Not Found: /assets/dist/static/js/vendor_prod.js
Not Found: /api/exclude/siteConfig/webSiteConfig
Not Found: /static/home/css/feiqi-ee5401a8e6.css
Not Found: /assets/images/mobile/ic_launcher.png
Not Found: /assets/yibao/Nweshebao/img/icon2.png
Not Found: /Content/common/web/CommonActivity.css
Not Found: /mg/other/codepay/js/codepay_util.js
Not Found: /zxkj/js/customer-chat-widget.min.js
Not Found: /public/static/home/js/moblie/login.js
Not Found: /Templates/user/finance/css/userPay.css
Not Found: /Buy/Index/getCardListByType
Not Found: /source/20220119/static/wap/js/order.js
Not Found: /api/stock/getSingleStock.do
Not Found: /mobile21/js/index/gameManagement.js
Not Found: /assets/images/mobile/dou_icon_money.png
Not Found: /ajax/allcoin_a/id/0
Not Found: /wap/api/exchangerateuserconfig!get.action
Not Found: /site/get-hq
Not Found: /uploads/admin/202103/60584c5b88017.png
Not Found: /Public/Home/ecshe_css/main.css
Not Found: /s_api/basic/config_js
Not Found: /site/api/v1/configuration/onlinecustomservice
Not Found: /static/local/img/userCenter/hourlyPrivilege.svg
Not Found: /index.php
Not Found: /index.php/Wap/Api/getSystemNotice
Not Found: /base/exchange_article/index/classid/1/id/1
Not Found: /Public/Mobile/ecshe_css/wapmain.css
Not Found: /assets/GrayMobile/active_gameType_SportsBook.png
Not Found: /common/template/lottery/lecai/css/style.css
Not Found: /source/20220119/static/wap/css/trade-history.css
Not Found: /infe/rest/fig/advertise/common.json
Not Found: /assets/images/mobile/dou_charge_money_icon.png
Not Found: /site/api/v1/site/vipExclusiveDomain/getGuestDomain
Not Found: /api/system/systemConfigs/getCustomerServiceLink
Not Found: /client/api/findConfigByKey
Not Found: /ipl/app/flash/publicbmw/ball/FigLeaf.js
Not Found: /Hander/emploer_Handler.ashx
Not Found: /uploads/20210928/01737e4f85f971bdf4d892dfaee6579c.png
Not Found: /api/backstageManagement/system/systemConfigForPlatform
Not Found: /sdk.html
Not Found: /service
Not Found: /favicon.ico
Not Found: /getConfig/listPopFrame.do
Not Found: /leftDao.php
Not Found: /getConfig/listPopFrame.do
Not Found: /api/product/topRank
Not Found: /Pay_Index.html
Not Found: /public/static/index/picture/img_33.png
Not Found: /api/v/index/queryOfficePage
Not Found: /t000/login-img-3.svg
Not Found: /mindex.html
Not Found: /wap/trading/lastKlineParameter
Not Found: /1-200611214053U8.jpg
Not Found: /1-200611214053U8.jpg
Not Found: /1-200611214053U8.jpg
Not Found: /api/message/webInfo
Not Found: /ajax
Not Found: /base/exchange_article/index/classid/1/id/1
Not Found: /im/
Not Found: /mytio/config/base
Not Found: /site/api/v1/site/vipExclusiveDomain/getGuestDomain
Not Found: /api/customerServiceLink
Not Found: /api/product/info/1
Not Found: /api/mobile/checkStrategyHistory
Not Found: /api/linkPF
Not Found: /stock/mzhishu
Not Found: /ajax/allcoin_a/id/0
Not Found: /api/app-info
Not Found: /api/config/info
Not Found: /Pc/Lang/index.html
Not Found: /static/idcard3.png
Not Found: /static/idcard3.png
Not Found: /static/idcard3.png
Not Found: /api/im/v2/app/t
Not Found: /stock2c1/api/site/getInfo.do
Not Found: /api/public/
Not Found: /api/index/config
Not Found: /api/index/index
Not Found: /api/index/webconfig
Not Found: /appxz/index.html
Not Found: /api/config/getwebsitename
Not Found: /api/lottery/color
Not Found: /m/allticker/1
Not Found: /index/user/get_server_info
Not Found: /portal/index/protocol.html
Not Found: /img/phonetrackeronline.png
Not Found: /img/phonetrackeronline.png
Not Found: /img/phonetrackeronline.png
Not Found: /otc/
Not Found: /api/lastestBetLog
Not Found: /static/img/notices.png
Not Found: /static/img/notices.png
Not Found: /static/img/notices.png
Not Found: /index/index/ajaxdata
Not Found: /xy/
Not Found: /api/web/user/getIndexData.php
Not Found: /index.php/Wap/Api/getSystemNotice
Not Found: /site/info
Not Found: /api/v1/cocos/version
Not Found: /ws/index/getTheLotteryInitList
Not Found: /zz/address.php
Not Found: /v1/getConfig
Not Found: /assets/images/mobile/ic_launcher.png
Not Found: /h5/
Not Found: /assets/images/mobile/ic_launcher.png
Not Found: /assets/images/mobile/ic_launcher.png
Not Found: /Home/Index/ajaxTJ
Not Found: /Home/GetInitSource
Not Found: /assets/mstock/newimg/guid-info.png
Not Found: /assets/mstock/newimg/guid-info.png
Not Found: /assets/mstock/newimg/guid-title.png
Not Found: /assets/mstock/newimg/guid-info.png
Not Found: /assets/mstock/newimg/guid-title.png
Not Found: /assets/mstock/newimg/guid-title.png
Not Found: /app/common/getRegisterSet
Not Found: /melody/api/v1/pageconfig/list
Not Found: /api/im/v2/app/config
Not Found: /api/grame/getHomePtLottery
Not Found: /api/v/index/queryOfficePage
Not Found: /Promotions/list.mvc
Not Found: /js/a.script
Not Found: /img/close.png
Not Found: /dist/images/mask/bg1.jpg
Not Found: /img/close.png
Not Found: /dist/images/mask/bg1.jpg
Not Found: /img/close.png
Not Found: /dist/images/mask/bg1.jpg
Not Found: /index.php/User/sendsmscode
Not Found: /app/
Not Found: /site/get-hq
Not Found: /Home/Bind/binding
Not Found: /index.php/sign
Not Found: /api/v1/about
Not Found: /data/ticker_24hr
Not Found: /static/local/img/userCenter/hourlyPrivilege.svg
Not Found: /wap.html
Not Found: /xy/image/jiantou.png
Not Found: /static/local/img/userCenter/hourlyPrivilege.svg
Not Found: /static/content.html
Not Found: /static/local/img/userCenter/hourlyPrivilege.svg
Not Found: /xy/image/jiantou.png
Not Found: /xy/image/jiantou.png
Not Found: /wap/assets/images/icon1/12306.png
Not Found: /wap/assets/images/icon1/12306.png
Not Found: /wap/assets/images/icon1/12306.png
Not Found: /mstock
Not Found: /detail6/image/sjrz.png
Not Found: /index.php
Not Found: /detail6/image/sjrz.png
Not Found: /ph_acquireSession
Not Found: /detail6/image/sjrz.png
Not Found: /api/ht/xy1
Not Found: /api/backstageManagement/system/systemConfigForPlatform
Not Found: /api/link/platform
Not Found: /web/api/getBanner
Not Found: /stock/search.html
Not Found: /wap/
Not Found: /reg.php
Not Found: /kkrp/site/info
Not Found: /wap
Not Found: /mobile/lists.html
Not Found: /main
Not Found: /assets/images/dy.jpg
Not Found: /assets/images/dy.jpg
Not Found: /assets/images/dy.jpg
Not Found: /dist/images/mask/guide/cn/step1.jpg
Not Found: /dist/images/mask/guide/cn/step1.jpg
Not Found: /dist/images/mask/guide/cn/step1.jpg
Not Found: /friendGroup/list
Not Found: /img/xxing.png
Not Found: /img/xxing.png
Not Found: /img/xxing.png
Not Found: /masterControl/getSystemSetting
Not Found: /api/hevent
Not Found: /apiapp/Ygn_Girl.CityList
Not Found: /anquan/qgga.asp
Not Found: /apiApp/app/site/info
Not Found: /detaila/images/h_v33_i.png
Not Found: /detaila/images/h_v33_i.png
Not Found: /detaila/images/h_v33_i.png
Not Found: /images/logo-default-400x46.png
Not Found: /images/logo-default-400x46.png
Not Found: /images/logo-default-400x46.png
Not Found: /index/images/tradeicon.png
Not Found: /index/images/tradeicon.png
Not Found: /Recruit/download_url
Not Found: /index/images/tradeicon.png
Not Found: /lottery/lottery_list
Not Found: /s_api/basic/download/info
Not Found: /assets/GrayMobile/active_gameType_SportsBook.png
Not Found: /assets/GrayMobile/active_gameType_SportsBook.png
Not Found: /assets/GrayMobile/active_gameType_SportsBook.png
Not Found: /banner.do
Not Found: /logo.png
Not Found: /logo.png
Not Found: /logo.png
Not Found: /api/config/proxy_servers
Not Found: /api/content_bottom
Not Found: /zz2/address.php
Not Found: /im/App/config
Not Found: /client/api/findConfigByKey
Not Found: /images/no.jpg
Not Found: /images/no.jpg
Not Found: /images/no.jpg
Not Found: /api/Index/getLottery
Not Found: /api/ApiHub/fetchJinse
Not Found: /index/newapi/api
Not Found: /assets/yibao/Nweshebao/img/icon2.png
Not Found: /assets/yibao/Nweshebao/img/icon2.png
Not Found: /assets/yibao/Nweshebao/img/icon2.png
Not Found: /api/v1/app-info
Not Found: /proxy/games
Not Found: /api/client/home_project_list
Not Found: /Home/Get/getJnd28
Not Found: /n/news/banner
Not Found: /wap/static/images/index_tzjr.png
Not Found: /wap/static/images/index_tzjr.png
Not Found: /wap/static/images/index_tzjr.png
Not Found: /assets/images/redian.jpg
Not Found: /assets/images/redian.jpg
Not Found: /assets/images/redian.jpg
Not Found: /site/api/v1/configuration/onlinecustomservice
Not Found: /api/pc/cms-config
Not Found: /public/img/cz1.png
Not Found: /uploads/20210928/01737e4f85f971bdf4d892dfaee6579c.png
Not Found: /public/img/cz1.png
Not Found: /uploads/20210928/01737e4f85f971bdf4d892dfaee6579c.png
Not Found: /public/static/index/picture/img_33.png
Not Found: /public/img/cz1.png
Not Found: /public/static/index/picture/img_33.png
Not Found: /uploads/20210928/01737e4f85f971bdf4d892dfaee6579c.png
Not Found: /img/zllqdk.png
Not Found: /uploads/20210928/01737e4f85f971bdf4d892dfaee6579c.png
Not Found: /public/static/index/picture/img_33.png
Not Found: /img/zllqdk.png
Not Found: /6/
Not Found: /img/zllqdk.png
Not Found: /api/pc/configure
Not Found: /h5/static/cert/icon_yanzhengma.png
Not Found: /h5/static/cert/icon_yanzhengma.png
Not Found: /h5/static/cert/icon_yanzhengma.png
Not Found: /km.asmx/getPlatParam
Not Found: /index/webapi/service
Not Found: /base/exchange_index/changepwdfirst
Not Found: /api/im/conf
Not Found: /api/index/setting
Not Found: /static/imgs/game/green2.png
Not Found: /static/imgs/game/green2.png
Not Found: /static/imgs/game/green2.png
Not Found: /gaga/city.php
Not Found: /static/img/bitbeb-logo.png
Not Found: /static/img/bitbeb-logo.png
Not Found: /static/img/bitbeb-logo.png
Not Found: /static/img/bitbeb-logo.png
Not Found: /Buy/Index/getCardListByType
Not Found: /v1/management/tenant/getSpeedDomain
Not Found: /newApp/winMessTopQuery.php
Not Found: /api/vue/transaction/config
Not Found: /Pay_Index.html
Not Found: /api/v1/member/kefu
Not Found: /index
Not Found: /res/common/addfriend.png
Not Found: /res/common/addfriend.png
Not Found: /assets/shebao/banner.png
Not Found: /assets/shebao/banner.png
Not Found: /res/common/addfriend.png
Not Found: /assets/shebao/banner.png
Not Found: /static/home/imgs/pico.png
Not Found: /static/home/imgs/pico.png
Not Found: /static/home/imgs/pico.png
Not Found: /home/GetQrCodeInfo
Not Found: /assets/images/mobile/dou_icon_money.png
Not Found: /assets/images/mobile/dou_icon_money.png
Not Found: /assets/images/mobile/dou_icon_money.png
Not Found: /bet/lotteryinfo/allLotteryInfoList
Not Found: /standalone.html
Not Found: /api/currency/quotation_new
Not Found: /home/
Not Found: /api/site/getInfo.do
Not Found: /h5/static/tabbar/txl.png
Not Found: /h5/static/tabbar/txl.png
Not Found: /h5/static/tabbar/txl.png
Not Found: /h5/static/tabbar/txl.png
Not Found: /s_api/basic/config_js
Not Found: /m
Not Found: /T9sA/static/image/t-06.jpg
Not Found: /static/v/v2/image/star.png
Not Found: /T9sA/static/image/t-06.jpg
Not Found: /T9sA/static/image/t-06.jpg
Not Found: /static/v/v2/image/star.png
Not Found: /static/v/v2/image/star.png
Not Found: /fePublicInfo/
Not Found: /sdk.html
Not Found: /getLocale
Not Found: /static/home/imgs/jkjl.png
Not Found: /static/home/imgs/jkjl.png
Not Found: /static/tabBar/trade.png
Not Found: /static/home/imgs/jkjl.png
Not Found: /uploads/admin/202103/60584c5b88017.png
Not Found: /static/tabBar/trade.png
Not Found: /uploads/admin/202103/60584c5b88017.png
Not Found: /static/tabBar/trade.png
Not Found: /uploads/admin/202103/60584c5b88017.png
Not Found: /mmj/index.html
Not Found: /h5
Not Found: /register/trader/
Not Found: /leftDao.php
Not Found: /hetong/yq
Not Found: /service
Not Found: /static/index/3.png
Not Found: /static/index/3.png
Not Found: /static/index/3.png
Not Found: /homes/
Not Found: /yinjian/
Not Found: /images/src_images_but_dianz_s.png
Not Found: /images/src_images_but_dianz_s.png
Not Found: /images/src_images_but_dianz_s.png
Not Found: /market/market-ws/iframe.html
Not Found: /biz/server/config
Not Found: /v2/start/config
Not Found: /api/exclude/siteConfig/webSiteConfig
Not Found: /app/config/getConfig
Not Found: /api/apps/config
Not Found: /Hander/emploer_Handler.ashx
Not Found: /getConfig/listPopFrame.do
Not Found: /getConfig/getArticle.do
Not Found: /api/config
Not Found: /kkrps/im_group/show_members
Not Found: /room/getRoomBangFans
Forbidden (CSRF cookie not set.): /
Not Found: /.env
Not Found: /cgi-bin/ViewLog.asp
Not Found: /cgi-bin/ViewLog.asp
Not Found: /sitemaps.xml
Not Found: /sitemap.txt
Not Found: /.aws/credentials
Not Found: /.env
Forbidden (CSRF cookie not set.): /
Not Found: /.env
Forbidden (CSRF cookie not set.): /
Not Found: /vendor/phpunit/phpunit/src/Util/PHP/eval-stdin.php
Not Found: /ReportServer
Not Found: /sitemap.xml
Not Found: /robots.txt
Not Found: /sitemap.xml
Not Found: /robots.txt
Not Found: /sitemap.xml
Not Found: /robots.txt
Not Found: /favicon.ico
Not Found: /sitemap.xml
Not Found: /sitemap.xml.gz
Not Found: /boaform/admin/formLogin
Not Found: /.env
Forbidden (CSRF cookie not set.): /
SIGINT/SIGTERM received...killing workers...
gateway "uWSGI http 1" has been buried (pid: 32718)
worker 1 buried after 1 seconds
worker 2 buried after 1 seconds
goodbye to uWSGI.
*** uWSGI is running in multiple interpreter mode ***
spawned uWSGI master process (pid: 4135)
spawned uWSGI worker 1 (pid: 4136, cores: 1)
spawned uWSGI worker 2 (pid: 4137, cores: 1)
spawned uWSGI http 1 (pid: 4138)
--- no python application found, check your startup logs for errors ---
--- no python application found, check your startup logs for errors ---
SIGINT/SIGTERM received...killing workers...
gateway "uWSGI http 1" has been buried (pid: 4138)
worker 1 buried after 1 seconds
worker 2 buried after 1 seconds
goodbye to uWSGI.
*** uWSGI is running in multiple interpreter mode ***
spawned uWSGI master process (pid: 7075)
spawned uWSGI worker 1 (pid: 7076, cores: 1)
spawned uWSGI worker 2 (pid: 7077, cores: 1)
spawned uWSGI http 1 (pid: 7078)
Not Found: /favicon.ico
Not Found: /favicon.ico
Not Found: /favicon.ico
Not Found: /favicon.ico
<QuerySet []>
<QuerySet []>
<QuerySet []>
<QuerySet [<Recording: Recording object (5)>]>
<QuerySet []>
<QuerySet []>
Not Found: /cgi-bin/ViewLog.asp
Not Found: /robots.txt
Not Found: /cgi-bin/ViewLog.asp
Not Found: /cgi-bin/ViewLog.asp
Not Found: /boaform/admin/formLogin
Not Found: /vendor/phpunit/phpunit/src/Util/PHP/eval-stdin.php
Not Found: /vendor/phpunit/phpunit/src/Util/PHP/eval-stdin.php
Not Found: /.env
Not Found: /solr/admin/info/system
Not Found: /owa/auth/x.js
Not Found: /ecp/Current/exporttool/microsoft.exchange.ediscovery.exporttool.application
Not Found: /.env
Forbidden (CSRF cookie not set.): /
Not Found: /index.php
Not Found: /sitemap.xml
Not Found: /robots.txt
Not Found: /sitemap.xml
Not Found: /robots.txt
Not Found: /sitemap.xml
Not Found: /robots.txt
Not Found: /portal/redlion
Not Found: /boaform/admin/formLogin
Not Found: /hudson
Not Found: /nmaplowercheck1658923170
Not Found: /evox/about
Not Found: /HNAP1
Not Found: /sdk
Not Found: /nmaplowercheck1658923170
Not Found: /favicon.ico
Not Found: /console/
Not Found: /Autodiscover/Autodiscover.xml
Not Found: /cgi-bin/ViewLog.asp
Not Found: /c/
Not Found: /robots.txt
Not Found: /_ignition/execute-solution
Not Found: /_ignition/execute-solution
Not Found: /boaform/admin/formLogin
Not Found: /cgi-bin/ViewLog.asp
Not Found: /cgi-bin/ViewLog.asp
Not Found: /wp-login.php
Not Found: /cgi-bin/ViewLog.asp
Not Found: /favicon.ico
Not Found: /cgi-bin/ViewLog.asp
SIGINT/SIGTERM received...killing workers...
gateway "uWSGI http 1" has been buried (pid: 7078)
worker 1 buried after 1 seconds
worker 2 buried after 1 seconds
goodbye to uWSGI.
*** uWSGI is running in multiple interpreter mode ***
spawned uWSGI master process (pid: 23578)
spawned uWSGI worker 1 (pid: 23579, cores: 1)
spawned uWSGI worker 2 (pid: 23580, cores: 1)
spawned uWSGI http 1 (pid: 23581)
SIGINT/SIGTERM received...killing workers...
gateway "uWSGI http 1" has been buried (pid: 23581)
worker 1 buried after 1 seconds
worker 2 buried after 1 seconds
goodbye to uWSGI.
*** uWSGI is running in multiple interpreter mode ***
spawned uWSGI master process (pid: 23700)
spawned uWSGI worker 1 (pid: 23701, cores: 1)
spawned uWSGI worker 2 (pid: 23702, cores: 1)
spawned uWSGI http 1 (pid: 23703)
SIGINT/SIGTERM received...killing workers...
gateway "uWSGI http 1" has been buried (pid: 23703)
worker 1 buried after 1 seconds
worker 2 buried after 1 seconds
goodbye to uWSGI.
*** uWSGI is running in multiple interpreter mode ***
spawned uWSGI master process (pid: 24180)
spawned uWSGI worker 1 (pid: 24181, cores: 1)
spawned uWSGI worker 2 (pid: 24182, cores: 1)
spawned uWSGI http 1 (pid: 24183)
SIGINT/SIGTERM received...killing workers...
gateway "uWSGI http 1" has been buried (pid: 24183)
worker 1 buried after 1 seconds
worker 2 buried after 1 seconds
goodbye to uWSGI.
*** uWSGI is running in multiple interpreter mode ***
spawned uWSGI master process (pid: 1516)
spawned uWSGI worker 1 (pid: 1517, cores: 1)
spawned uWSGI worker 2 (pid: 1518, cores: 1)
spawned uWSGI http 1 (pid: 1519)
SIGINT/SIGTERM received...killing workers...
gateway "uWSGI http 1" has been buried (pid: 1519)
worker 1 buried after 1 seconds
worker 2 buried after 1 seconds
goodbye to uWSGI.
*** uWSGI is running in multiple interpreter mode ***
spawned uWSGI master process (pid: 3122)
spawned uWSGI worker 1 (pid: 3123, cores: 1)
spawned uWSGI worker 2 (pid: 3124, cores: 1)
spawned uWSGI http 1 (pid: 3125)
[]
[<Recording: Recording object (5)>]
[]
[]
[]
[<Recording: Recording object (4)>]
SIGINT/SIGTERM received...killing workers...
gateway "uWSGI http 1" has been buried (pid: 3125)
worker 1 buried after 1 seconds
worker 2 buried after 1 seconds
goodbye to uWSGI.
*** uWSGI is running in multiple interpreter mode ***
spawned uWSGI master process (pid: 8918)
spawned uWSGI worker 1 (pid: 8919, cores: 1)
spawned uWSGI worker 2 (pid: 8920, cores: 1)
spawned uWSGI http 1 (pid: 8921)
[<Recording: Recording object (5)>]
[<Recording: Recording object (5)>]
[<User: BaizhouZhang>]
SIGINT/SIGTERM received...killing workers...
gateway "uWSGI http 1" has been buried (pid: 8921)
worker 1 buried after 1 seconds
worker 2 buried after 1 seconds
goodbye to uWSGI.
*** uWSGI is running in multiple interpreter mode ***
spawned uWSGI master process (pid: 18804)
spawned uWSGI worker 1 (pid: 18805, cores: 1)
spawned uWSGI worker 2 (pid: 18806, cores: 1)
spawned uWSGI http 1 (pid: 18807)
SIGINT/SIGTERM received...killing workers...
gateway "uWSGI http 1" has been buried (pid: 18807)
worker 1 buried after 1 seconds
worker 2 buried after 1 seconds
goodbye to uWSGI.
*** uWSGI is running in multiple interpreter mode ***
spawned uWSGI master process (pid: 19384)
spawned uWSGI worker 1 (pid: 19385, cores: 1)
spawned uWSGI worker 2 (pid: 19386, cores: 1)
spawned uWSGI http 1 (pid: 19387)
SIGINT/SIGTERM received...killing workers...
gateway "uWSGI http 1" has been buried (pid: 19387)
worker 1 buried after 1 seconds
worker 2 buried after 1 seconds
goodbye to uWSGI.
*** uWSGI is running in multiple interpreter mode ***
spawned uWSGI master process (pid: 21446)
spawned uWSGI worker 1 (pid: 21447, cores: 1)
spawned uWSGI worker 2 (pid: 21448, cores: 1)
spawned uWSGI http 1 (pid: 21449)
SIGINT/SIGTERM received...killing workers...
gateway "uWSGI http 1" has been buried (pid: 21449)
worker 1 buried after 1 seconds
worker 2 buried after 1 seconds
goodbye to uWSGI.
*** uWSGI is running in multiple interpreter mode ***
spawned uWSGI master process (pid: 21757)
spawned uWSGI worker 1 (pid: 21758, cores: 1)
spawned uWSGI worker 2 (pid: 21759, cores: 1)
spawned uWSGI http 1 (pid: 21760)
SIGINT/SIGTERM received...killing workers...
gateway "uWSGI http 1" has been buried (pid: 21760)
worker 1 buried after 1 seconds
worker 2 buried after 1 seconds
goodbye to uWSGI.
*** uWSGI is running in multiple interpreter mode ***
spawned uWSGI master process (pid: 3825)
spawned uWSGI worker 1 (pid: 3826, cores: 1)
spawned uWSGI worker 2 (pid: 3827, cores: 1)
spawned uWSGI http 1 (pid: 3828)
Created New Composer:  Rachmaninoff
gateway "uWSGI http 1" has been buried (pid: 3828)
...brutally killing workers...
worker 1 buried after 1 seconds
worker 2 buried after 1 seconds
binary reloading uWSGI...
chdir() to /var/www/SoundLib
closing all non-uwsgi socket fds > 2 (max_fd = 1024)...
found fd 3 mapped to socket 0 (127.0.0.1:35039)
running /var/www/SoundLib/venv/bin/uwsgi
[uWSGI] getting INI configuration from /var/www/SoundLib/uwsgi.ini
*** Starting uWSGI 2.0.20 (64bit) on [Fri Jul 29 20:05:27 2022] ***
compiled with version: 7.5.0 on 22 June 2022 03:12:30
os: Linux-4.15.0-142-generic #146-Ubuntu SMP Tue Apr 13 01:11:19 UTC 2021
nodename: VM-0-6-ubuntu
machine: x86_64
clock source: unix
detected number of CPU cores: 1
current working directory: /var/www/SoundLib
detected binary path: /var/www/SoundLib/venv/bin/uwsgi
!!! no internal routing support, rebuild with pcre support !!!
your processes number limit is 7187
your memory page size is 4096 bytes
detected max file descriptor number: 1024
lock engine: pthread robust mutexes
thunder lock: disabled (you can enable it with --thunder-lock)
uWSGI http bound on 127.0.0.1:6000 fd 5
uwsgi socket 0 bound to TCP address 127.0.0.1:43553 (port auto-assigned) fd 4
Python version: 3.6.9 (default, Jan 26 2021, 15:33:00)  [GCC 8.4.0]
*** Python threads support is disabled. You can enable it with --enable-threads ***
Python main interpreter initialized at 0x557937db3350
your server socket listen backlog is limited to 100 connections
your mercy for graceful operations on workers is 60 seconds
mapped 218712 bytes (213 KB) for 2 cores
*** Operational MODE: preforking ***
WSGI app 0 (mountpoint='') ready in 1 seconds on interpreter 0x557937db3350 pid: 3825 (default app)
*** uWSGI is running in multiple interpreter mode ***
gracefully (RE)spawned uWSGI master process (pid: 3825)
spawned uWSGI worker 1 (pid: 6040, cores: 1)
spawned uWSGI worker 2 (pid: 6041, cores: 1)
spawned uWSGI http 1 (pid: 6042)
SIGINT/SIGTERM received...killing workers...
gateway "uWSGI http 1" has been buried (pid: 6042)
worker 1 buried after 1 seconds
worker 2 buried after 1 seconds
goodbye to uWSGI.
*** uWSGI is running in multiple interpreter mode ***
spawned uWSGI master process (pid: 8152)
spawned uWSGI worker 1 (pid: 8153, cores: 1)
spawned uWSGI worker 2 (pid: 8154, cores: 1)
spawned uWSGI http 1 (pid: 8155)
SIGINT/SIGTERM received...killing workers...
gateway "uWSGI http 1" has been buried (pid: 8155)
worker 1 buried after 1 seconds
worker 2 buried after 1 seconds
goodbye to uWSGI.
*** uWSGI is running in multiple interpreter mode ***
spawned uWSGI master process (pid: 8981)
spawned uWSGI worker 1 (pid: 8984, cores: 1)
spawned uWSGI worker 2 (pid: 8985, cores: 1)
spawned uWSGI http 1 (pid: 8986)
SIGINT/SIGTERM received...killing workers...
gateway "uWSGI http 1" has been buried (pid: 8986)
worker 1 buried after 1 seconds
worker 2 buried after 1 seconds
goodbye to uWSGI.
*** uWSGI is running in multiple interpreter mode ***
spawned uWSGI master process (pid: 9128)
spawned uWSGI worker 1 (pid: 9129, cores: 1)
spawned uWSGI worker 2 (pid: 9130, cores: 1)
spawned uWSGI http 1 (pid: 9131)
SIGINT/SIGTERM received...killing workers...
gateway "uWSGI http 1" has been buried (pid: 9131)
worker 1 buried after 1 seconds
worker 2 buried after 1 seconds
goodbye to uWSGI.
*** uWSGI is running in multiple interpreter mode ***
spawned uWSGI master process (pid: 16167)
spawned uWSGI worker 1 (pid: 16168, cores: 1)
spawned uWSGI worker 2 (pid: 16169, cores: 1)
spawned uWSGI http 1 (pid: 16170)
SIGINT/SIGTERM received...killing workers...
gateway "uWSGI http 1" has been buried (pid: 16170)
worker 1 buried after 1 seconds
worker 2 buried after 1 seconds
goodbye to uWSGI.
*** uWSGI is running in multiple interpreter mode ***
spawned uWSGI master process (pid: 17108)
spawned uWSGI worker 1 (pid: 17109, cores: 1)
spawned uWSGI worker 2 (pid: 17110, cores: 1)
spawned uWSGI http 1 (pid: 17111)
SIGINT/SIGTERM received...killing workers...
gateway "uWSGI http 1" has been buried (pid: 17111)
worker 1 buried after 1 seconds
worker 2 buried after 1 seconds
goodbye to uWSGI.
*** uWSGI is running in multiple interpreter mode ***
spawned uWSGI master process (pid: 18067)
spawned uWSGI worker 1 (pid: 18068, cores: 1)
spawned uWSGI worker 2 (pid: 18069, cores: 1)
spawned uWSGI http 1 (pid: 18070)
SIGINT/SIGTERM received...killing workers...
gateway "uWSGI http 1" has been buried (pid: 18070)
worker 1 buried after 1 seconds
worker 2 buried after 1 seconds
goodbye to uWSGI.
